\BOOKMARK [1][-]{section.1}{\376\377\000P\000o\000l\000i\000c\000y\000\040\000S\000e\000l\000e\000c\000t\000i\000o\000n\000\040\000i\000n\000\040\000t\000h\000e\000\040\000L\000a\000t\000e\000n\000t\000\040\000A\000c\000t\000i\000o\000n\000\040\000S\000p\000a\000c\000e\000:\000\040\000F\000o\000u\000n\000d\000a\000t\000i\000o\000n\000a\000l\000\040\000T\000h\000e\000o\000r\000y}{}% 1
\BOOKMARK [1][-]{section.2}{\376\377\000S\000p\000a\000r\000s\000e\000\040\000B\000a\000y\000e\000s\000i\000a\000n\000\040\000P\000o\000l\000i\000c\000y\000\040\000S\000e\000l\000e\000c\000t\000i\000o\000n\000\040\000i\000n\000\040\000t\000h\000e\000\040\000R\000S\000V\000P\000\040\000F\000r\000a\000m\000e\000w\000o\000r\000k\000:\000\040\000L\000i\000n\000e\000a\000r\000i\000z\000a\000t\000i\000o\000n\000,\000\040\000L\000A\000S\000S\000O\000\040\000T\000h\000r\000e\000s\000h\000o\000l\000d\000s\000,\000\040\000a\000n\000d\000\040\000N\000u\000m\000e\000r\000i\000c\000a\000l\000\040\000D\000e\000m\000o\000n\000s\000t\000r\000a\000t\000i\000o\000n}{}% 2
\BOOKMARK [2][-]{subsection.2.1}{\376\377\000S\000e\000l\000e\000c\000t\000i\000n\000g\000\040\000a\000\040\000C\000a\000n\000o\000n\000i\000c\000a\000l\000\040\000R\000S\000V\000P\000\040\000P\000D\000E\000\040\000a\000n\000d\000\040\000L\000i\000n\000e\000a\000r\000i\000z\000i\000n\000g\000\040\000A\000r\000o\000u\000n\000d\000\040\000t\000h\000e\000\040\000P\000l\000e\000n\000u\000m}{section.2}% 3
\BOOKMARK [2][-]{subsection.2.2}{\376\377\000O\000b\000s\000e\000r\000v\000a\000t\000i\000o\000n\000\040\000M\000o\000d\000e\000l\000\040\000a\000n\000d\000\040\000R\000e\000d\000u\000c\000t\000i\000o\000n\000\040\000t\000o\000\040\000L\000i\000n\000e\000a\000r\040\023\000G\000a\000u\000s\000s\000i\000a\000n\000\040\000I\000n\000f\000e\000r\000e\000n\000c\000e}{section.2}% 4
\BOOKMARK [2][-]{subsection.2.3}{\376\377\000E\000x\000p\000e\000c\000t\000e\000d\000\040\000F\000r\000e\000e\000\040\000E\000n\000e\000r\000g\000y\000\040\000w\000i\000t\000h\000\040\0001\000\040\000P\000r\000i\000o\000r}{section.2}% 5
\BOOKMARK [2][-]{subsection.2.4}{\376\377\000T\000h\000e\000\040\000S\000p\000a\000r\000s\000i\000t\000y\000\040\000P\000h\000a\000s\000e\000\040\000T\000r\000a\000n\000s\000i\000t\000i\000o\000n}{section.2}% 6
\BOOKMARK [2][-]{subsection.2.5}{\376\377\000N\000u\000m\000e\000r\000i\000c\000a\000l\000\040\000I\000l\000l\000u\000s\000t\000r\000a\000t\000i\000o\000n}{section.2}% 7
\BOOKMARK [2][-]{subsection.2.6}{\376\377\000R\000S\000V\000P\000-\000S\000p\000e\000c\000i\000f\000i\000c\000\040\000C\000o\000n\000s\000e\000q\000u\000e\000n\000c\000e\000s}{section.2}% 8
\BOOKMARK [1][-]{section.3}{\376\377\000E\000p\000i\000s\000t\000e\000m\000i\000c\000\040\000T\000h\000o\000u\000g\000h\000t\000\040\000a\000s\000\040\000I\000n\000f\000o\000r\000m\000a\000t\000i\000o\000n\000-\000S\000e\000e\000k\000i\000n\000g\000\040\000P\000l\000e\000n\000u\000m\000\040\000S\000c\000u\000l\000p\000t\000i\000n\000g}{}% 9
\BOOKMARK [1][-]{section.4}{\376\377\000N\000o\000n\000l\000i\000n\000e\000a\000r\000\040\000A\000t\000o\000m\000\040\000I\000n\000t\000e\000r\000f\000e\000r\000e\000n\000c\000e\000\040\000a\000n\000d\000\040\000P\000o\000l\000i\000c\000y\000\040\000B\000i\000n\000d\000i\000n\000g}{}% 10
\BOOKMARK [1][-]{section.5}{\376\377\000T\000e\000m\000p\000o\000r\000a\000l\000\040\000R\000e\000c\000u\000r\000s\000i\000o\000n\000:\000\040\000W\000o\000r\000k\000i\000n\000g\000\040\000M\000e\000m\000o\000r\000y\000\040\000a\000n\000d\000\040\000S\000p\000a\000r\000s\000e\000\040\000P\000o\000l\000i\000c\000y\000\040\000T\000r\000a\000j\000e\000c\000t\000o\000r\000i\000e\000s}{}% 11
\BOOKMARK [1][-]{section.6}{\376\377\000C\000o\000g\000n\000i\000t\000i\000v\000e\000\040\000C\000r\000i\000t\000i\000c\000a\000l\000i\000t\000y\000\040\000a\000n\000d\000\040\000P\000h\000a\000s\000e\000\040\000T\000r\000a\000n\000s\000i\000t\000i\000o\000n\000s\000\040\000i\000n\000\040\000P\000l\000e\000n\000u\000m\000\040\000C\000o\000n\000t\000r\000o\000l}{}% 12
\BOOKMARK [1][-]{section.7}{\376\377\000N\000e\000u\000r\000o\000p\000h\000y\000s\000i\000c\000a\000l\000\040\000O\000r\000i\000g\000i\000n\000s\000\040\000o\000f\000\040\000t\000h\000e\000\040\000S\000p\000a\000r\000s\000i\000t\000y\000\040\000M\000u\000l\000t\000i\000p\000l\000i\000e\000r\000\040}{}% 13
\BOOKMARK [1][-]{section.8}{\376\377\000T\000h\000e\000r\000m\000o\000d\000y\000n\000a\000m\000i\000c\000\040\000C\000o\000m\000p\000u\000t\000a\000t\000i\000o\000n\000\040\000o\000n\000\040\000t\000h\000e\000\040\000P\000l\000e\000n\000u\000m}{}% 14
\BOOKMARK [1][-]{section.9}{\376\377\000S\000y\000n\000t\000h\000e\000s\000i\000s\000:\000\040\000P\000o\000l\000i\000c\000y\000\040\000S\000e\000l\000e\000c\000t\000i\000o\000n\000\040\000a\000s\000\040\000S\000p\000a\000r\000s\000e\000\040\000V\000a\000r\000i\000a\000t\000i\000o\000n\000a\000l\000\040\000C\000o\000n\000t\000r\000o\000l}{}% 15
\BOOKMARK [1][-]{section.10}{\376\377\000E\000m\000p\000i\000r\000i\000c\000a\000l\000\040\000G\000r\000o\000u\000n\000d\000i\000n\000g\000:\000\040\000F\000a\000l\000s\000i\000f\000i\000a\000b\000l\000e\000\040\000P\000r\000e\000d\000i\000c\000t\000i\000o\000n\000s\000\040\000a\000n\000d\000\040\000P\000r\000o\000t\000o\000c\000o\000l\000s}{}% 16
\BOOKMARK [2][-]{subsection.10.1}{\376\377\000F\000a\000l\000s\000i\000f\000i\000a\000b\000l\000e\000\040\000P\000r\000e\000d\000i\000c\000t\000i\000o\000n\000s}{section.10}% 17
\BOOKMARK [2][-]{subsection.10.2}{\376\377\000E\000x\000p\000e\000r\000i\000m\000e\000n\000t\000a\000l\000\040\000P\000r\000o\000t\000o\000c\000o\000l\000s}{section.10}% 18
\BOOKMARK [2][-]{subsection.10.3}{\376\377\000A\000n\000a\000l\000y\000s\000i\000s\000\040\000a\000n\000d\000\040\000S\000t\000a\000t\000i\000s\000t\000i\000c\000a\000l\000\040\000C\000o\000n\000s\000i\000d\000e\000r\000a\000t\000i\000o\000n\000s}{section.10}% 19
\BOOKMARK [2][-]{subsection.10.4}{\376\377\000F\000e\000a\000s\000i\000b\000i\000l\000i\000t\000y\000\040\000a\000n\000d\000\040\000E\000t\000h\000i\000c\000s}{section.10}% 20
\BOOKMARK [1][-]{section.11}{\376\377\000D\000i\000s\000c\000u\000s\000s\000i\000o\000n\000\040\000a\000n\000d\000\040\000O\000u\000t\000l\000o\000o\000k}{}% 21
\BOOKMARK [1][-]{appendix.A}{\376\377\000D\000e\000r\000i\000v\000a\000t\000i\000o\000n\000\040\000o\000f\000\040\000L\000i\000n\000e\000a\000r\000i\000z\000e\000d\000\040\000R\000S\000V\000P\000\040\000I\000m\000p\000u\000l\000s\000e\000\040\000R\000e\000s\000p\000o\000n\000s\000e}{}% 22
\BOOKMARK [1][-]{appendix.B}{\376\377\000P\000y\000t\000h\000o\000n\000\040\000C\000o\000d\000e\000\040\000f\000o\000r\000\040\000L\000A\000S\000S\000O\000\040\000T\000h\000r\000e\000s\000h\000o\000l\000d\000\040\000S\000i\000m\000u\000l\000a\000t\000i\000o\000n}{}% 23
\BOOKMARK [1][-]{appendix.C}{\376\377\000S\000D\000E\000\040\000I\000n\000f\000e\000r\000e\000n\000c\000e\000\040\000M\000e\000t\000h\000o\000d\000s\000\040\000f\000o\000r\000\040\000P\000r\000o\000t\000o\000c\000o\000l\000\040\0005}{}% 24
\BOOKMARK [1][-]{appendix.D}{\376\377\000R\000S\000V\000P\000\040\000V\000a\000r\000i\000a\000b\000l\000e\000\040\000G\000l\000o\000s\000s\000a\000r\000y}{}% 25
