\BOOKMARK [1][-]{section.1}{\376\377\000I\000n\000t\000r\000o\000d\000u\000c\000t\000i\000o\000n}{}% 1
\BOOKMARK [1][-]{section.2}{\376\377\000I\000n\000t\000r\000o\000d\000u\000c\000t\000i\000o\000n}{}% 2
\BOOKMARK [2][-]{subsection.2.1}{\376\377\000M\000o\000t\000i\000v\000a\000t\000i\000n\000g\000\040\000G\000a\000p}{section.2}% 3
\BOOKMARK [2][-]{subsection.2.2}{\376\377\000C\000o\000n\000t\000r\000i\000b\000u\000t\000i\000o\000n\000s}{section.2}% 4
\BOOKMARK [2][-]{subsection.2.3}{\376\377\000N\000o\000t\000a\000t\000i\000o\000n\000a\000l\000\040\000c\000o\000n\000v\000e\000n\000t\000i\000o\000n\000s}{section.2}% 5
\BOOKMARK [2][-]{subsection.2.4}{\376\377\000O\000v\000e\000r\000v\000i\000e\000w}{section.2}% 6
\BOOKMARK [1][-]{section.3}{\376\377\000G\000e\000o\000m\000e\000t\000r\000y\000\040\000o\000f\000\040\000S\000e\000m\000a\000n\000t\000i\000c\000\040\000S\000p\000h\000e\000r\000e\000s\000\040\000a\000n\000d\000\040\000F\000i\000e\000l\000d\000s}{}% 7
\BOOKMARK [2][-]{subsection.3.1}{\376\377\000M\000a\000n\000i\000f\000o\000l\000d\000s\000\040\000t\000o\000\040\000F\000i\000e\000l\000d\000s}{section.3}% 8
\BOOKMARK [2][-]{subsection.3.2}{\376\377\000S\000p\000h\000e\000r\000e\000s\000\040\000a\000n\000d\000\040\000B\000o\000u\000n\000d\000a\000r\000i\000e\000s}{section.3}% 9
\BOOKMARK [2][-]{subsection.3.3}{\376\377\000F\000i\000e\000l\000d\000\040\000G\000e\000o\000m\000e\000t\000r\000y\000\040\000a\000n\000d\000\040\000S\000e\000m\000a\000n\000t\000i\000c\000\040\000M\000e\000t\000r\000i\000c\000s}{section.3}% 10
\BOOKMARK [1][-]{section.4}{\376\377\000S\000y\000n\000t\000a\000x\000:\000\040\000S\000p\000h\000e\000r\000e\000s\000,\000\040\000P\000o\000l\000i\000c\000i\000e\000s\000,\000\040\000a\000n\000d\000\040\000P\000r\000o\000g\000r\000a\000m\000s}{}% 11
\BOOKMARK [2][-]{subsection.4.1}{\376\377\000C\000o\000r\000e\000\040\000s\000y\000m\000b\000o\000l\000s\000\040\000a\000n\000d\000\040\000i\000n\000t\000u\000i\000t\000i\000o\000n}{section.4}% 12
\BOOKMARK [2][-]{subsection.4.2}{\376\377\000S\000p\000h\000e\000r\000e\000\040\000s\000t\000r\000u\000c\000t\000u\000r\000e}{section.4}% 13
\BOOKMARK [2][-]{subsection.4.3}{\376\377\000P\000o\000l\000i\000c\000y\000\040\000g\000r\000a\000m\000m\000a\000r\000\040\000\050\000s\000u\000m\000m\000a\000r\000y\000\051}{section.4}% 14
\BOOKMARK [2][-]{subsection.4.4}{\376\377\000W\000e\000l\000l\000-\000f\000o\000r\000m\000e\000d\000\040\000p\000r\000o\000g\000r\000a\000m\000s}{section.4}% 15
\BOOKMARK [1][-]{section.5}{\376\377\000O\000p\000e\000r\000a\000t\000i\000o\000n\000a\000l\000\040\000S\000e\000m\000a\000n\000t\000i\000c\000s\000\040\000a\000n\000d\000\040\000S\000m\000a\000l\000l\000-\000S\000t\000e\000p\000\040\000R\000u\000l\000e\000s}{}% 16
\BOOKMARK [2][-]{subsection.5.1}{\376\377\000S\000m\000a\000l\000l\000-\000s\000t\000e\000p\000\040\000s\000e\000m\000a\000n\000t\000i\000c\000s}{section.5}% 17
\BOOKMARK [2][-]{subsection.5.2}{\376\377\000C\000o\000r\000e\000\040\000t\000r\000a\000n\000s\000i\000t\000i\000o\000n\000\040\000r\000u\000l\000e\000s}{section.5}% 18
\BOOKMARK [2][-]{subsection.5.3}{\376\377\000T\000y\000p\000i\000n\000g\000\040\000j\000u\000d\000g\000m\000e\000n\000t\000s\000\040\000a\000n\000d\000\040\000s\000a\000f\000e\000t\000y}{section.5}% 19
\BOOKMARK [1][-]{section.6}{\376\377\000E\000n\000t\000r\000o\000p\000y\000-\000B\000o\000u\000n\000d\000e\000d\000\040\000O\000p\000t\000i\000m\000i\000z\000a\000t\000i\000o\000n}{}% 20
\BOOKMARK [1][-]{section.7}{\376\377\000S\000p\000h\000e\000r\000e\000P\000O\000P\000\040\000O\000p\000e\000r\000a\000t\000o\000r\000s\000\040\000a\000n\000d\000\040\000E\000x\000t\000e\000n\000s\000i\000o\000n\000s}{}% 21
\BOOKMARK [1][-]{section.8}{\376\377\000T\000y\000p\000i\000n\000g\000,\000\040\000S\000a\000f\000e\000t\000y\000,\000\040\000a\000n\000d\000\040\000M\000e\000t\000a\000-\000T\000h\000e\000o\000r\000y}{}% 22
\BOOKMARK [2][-]{subsection.8.1}{\376\377\000S\000p\000h\000e\000r\000e\000\040\000t\000y\000p\000e\000s}{section.8}% 23
\BOOKMARK [2][-]{subsection.8.2}{\376\377\000M\000a\000i\000n\000\040\000m\000e\000t\000a\000-\000t\000h\000e\000o\000r\000e\000m\000s\000\040\000\050\000s\000t\000a\000t\000e\000m\000e\000n\000t\000s\000\051}{section.8}% 24
\BOOKMARK [1][-]{section.9}{\376\377\000S\000o\000u\000n\000d\000n\000e\000s\000s\000\040\000a\000n\000d\000\040\000S\000t\000a\000b\000i\000l\000i\000t\000y}{}% 25
\BOOKMARK [1][-]{section.10}{\376\377\000C\000a\000t\000e\000g\000o\000r\000i\000c\000a\000l\000\040\000S\000e\000m\000a\000n\000t\000i\000c\000s}{}% 26
\BOOKMARK [1][-]{section.11}{\376\377\000H\000i\000g\000h\000e\000r\000\040\000T\000o\000p\000o\000s\000\040\000a\000n\000d\000\040\000S\000h\000e\000a\000f\000\040\000S\000e\000m\000a\000n\000t\000i\000c\000s}{}% 27
\BOOKMARK [1][-]{section.12}{\376\377\000C\000o\000m\000p\000i\000l\000e\000r\000\040\000P\000i\000p\000e\000l\000i\000n\000e\000\040\000a\000n\000d\000\040\000I\000n\000t\000e\000r\000m\000e\000d\000i\000a\000t\000e\000\040\000R\000e\000p\000r\000e\000s\000e\000n\000t\000a\000t\000i\000o\000n}{}% 28
\BOOKMARK [1][-]{section.13}{\376\377\000U\000n\000i\000s\000t\000o\000c\000h\000a\000s\000t\000i\000c\000\040\000C\000o\000r\000r\000e\000s\000p\000o\000n\000d\000e\000n\000c\000e\000\040\000a\000n\000d\000\040\000Q\000u\000a\000n\000t\000u\000m\000\040\000L\000i\000f\000t\000s}{}% 29
\BOOKMARK [1][-]{section.14}{\376\377\000M\000a\000n\000i\000f\000o\000l\000d\000i\000n\000g\000\040\000t\000h\000e\000\040\000L\000a\000t\000e\000n\000t\000\040\000P\000l\000e\000n\000u\000m\000:\000\040\000B\000o\000u\000n\000d\000a\000r\000i\000e\000s\000,\000\040\000F\000i\000e\000l\000d\000s\000,\000\040\000a\000n\000d\000\040\000I\000n\000f\000e\000r\000e\000n\000c\000e\000\040\000G\000e\000o\000m\000e\000t\000r\000y}{}% 30
\BOOKMARK [2][-]{subsection.14.1}{\376\377\000L\000a\000t\000e\000n\000t\000\040\000S\000t\000r\000u\000c\000t\000u\000r\000e\000\040\000a\000s\000\040\000D\000i\000f\000f\000e\000r\000e\000n\000t\000i\000a\000b\000l\000e\000\040\000M\000a\000n\000i\000f\000o\000l\000d}{section.14}% 31
\BOOKMARK [2][-]{subsection.14.2}{\376\377\000F\000i\000e\000l\000d\000-\000T\000h\000e\000o\000r\000e\000t\000i\000c\000\040\000P\000e\000r\000s\000p\000e\000c\000t\000i\000v\000e\000\040\000o\000n\000\040\000I\000n\000f\000e\000r\000e\000n\000c\000e\000\040\000a\000n\000d\000\040\000P\000o\000l\000i\000c\000y}{section.14}% 32
\BOOKMARK [2][-]{subsection.14.3}{\376\377\000C\000o\000m\000p\000a\000c\000t\000\040\000L\000a\000t\000e\000n\000t\000\040\000D\000o\000m\000a\000i\000n\000s\000\040\000a\000n\000d\000\040\000S\000p\000h\000e\000r\000i\000c\000a\000l\000\040\000B\000o\000u\000n\000d\000a\000r\000i\000e\000s}{section.14}% 33
\BOOKMARK [2][-]{subsection.14.4}{\376\377\000I\000n\000f\000e\000r\000e\000n\000c\000e\000\040\000T\000r\000a\000j\000e\000c\000t\000o\000r\000i\000e\000s\000\040\000a\000s\000\040\000G\000e\000o\000d\000e\000s\000i\000c\000s\000\040\000i\000n\000\040\000I\000n\000f\000o\000r\000m\000a\000t\000i\000o\000n\000\040\000S\000p\000a\000c\000e}{section.14}% 34
\BOOKMARK [2][-]{subsection.14.5}{\376\377\000S\000p\000h\000e\000r\000i\000c\000a\000l\000\040\000S\000t\000r\000u\000c\000t\000u\000r\000e\000\040\000i\000n\000\040\000H\000i\000g\000h\000-\000D\000i\000m\000e\000n\000s\000i\000o\000n\000a\000l\000\040\000D\000e\000c\000i\000s\000i\000o\000n\000\040\000B\000o\000u\000n\000d\000a\000r\000i\000e\000s}{section.14}% 35
\BOOKMARK [2][-]{subsection.14.6}{\376\377\000S\000p\000h\000e\000r\000i\000c\000a\000l\000\040\000P\000a\000c\000k\000i\000n\000g\000\040\000a\000n\000d\000\040\000t\000h\000e\000\040\000E\000m\000e\000r\000g\000e\000n\000c\000e\000\040\000o\000f\000\040\000S\000p\000a\000r\000s\000e\000\040\000S\000t\000r\000u\000c\000t\000u\000r\000e}{section.14}% 36
\BOOKMARK [2][-]{subsection.14.7}{\376\377\000C\000o\000n\000v\000e\000r\000g\000e\000n\000c\000e\000\040\000G\000u\000a\000r\000a\000n\000t\000e\000e\000s\000\040\000U\000n\000d\000e\000r\000\040\000C\000o\000m\000p\000a\000c\000t\000n\000e\000s\000s}{section.14}% 37
\BOOKMARK [1][-]{section.15}{\376\377\000P\000l\000e\000n\000u\000m\000\040\000F\000i\000e\000l\000d\000s\000,\000\040\000E\000n\000t\000r\000o\000p\000y\000\040\000D\000y\000n\000a\000m\000i\000c\000s\000,\000\040\000a\000n\000d\000\040\000L\000a\000t\000e\000n\000t\000\040\000P\000o\000l\000i\000c\000y\000\040\000F\000l\000o\000w\000s}{}% 38
\BOOKMARK [2][-]{subsection.15.1}{\376\377\000S\000c\000a\000l\000a\000r\000,\000\040\000V\000e\000c\000t\000o\000r\000,\000\040\000a\000n\000d\000\040\000E\000n\000t\000r\000o\000p\000i\000c\000\040\000C\000o\000m\000p\000o\000n\000e\000n\000t\000s\000\040\000o\000f\000\040\000t\000h\000e\000\040\000P\000l\000e\000n\000u\000m}{section.15}% 39
\BOOKMARK [2][-]{subsection.15.2}{\376\377\000E\000n\000t\000r\000o\000p\000y\000\040\000a\000s\000\040\000B\000o\000t\000h\000\040\000C\000o\000n\000s\000t\000r\000a\000i\000n\000t\000\040\000a\000n\000d\000\040\000C\000u\000r\000v\000a\000t\000u\000r\000e}{section.15}% 40
\BOOKMARK [2][-]{subsection.15.3}{\376\377\000F\000r\000e\000e\000\040\000E\000n\000e\000r\000g\000y\000\040\000a\000s\000\040\000t\000h\000e\000\040\000P\000l\000e\000n\000u\000m\000\040\000A\000c\000t\000i\000o\000n\000\040\000F\000u\000n\000c\000t\000i\000o\000n\000a\000l}{section.15}% 41
\BOOKMARK [2][-]{subsection.15.4}{\376\377\000V\000e\000c\000t\000o\000r\000\040\000F\000l\000o\000w\000\040\000a\000s\000\040\000P\000o\000l\000i\000c\000y\000\040\000F\000l\000u\000x}{section.15}% 42
\BOOKMARK [2][-]{subsection.15.5}{\376\377\000E\000n\000t\000r\000o\000p\000y\000\040\000P\000r\000o\000d\000u\000c\000t\000i\000o\000n\000\040\000a\000s\000\040\000a\000\040\000S\000e\000l\000e\000c\000t\000i\000o\000n\000\040\000P\000r\000e\000s\000s\000u\000r\000e}{section.15}% 43
\BOOKMARK [2][-]{subsection.15.6}{\376\377\000P\000o\000l\000i\000c\000y\000\040\000E\000q\000u\000i\000l\000i\000b\000r\000i\000a\000\040\000a\000s\000\040\000F\000i\000x\000e\000d\000\040\000P\000o\000i\000n\000t\000s\000\040\000o\000f\000\040\000t\000h\000e\000\040\000P\000l\000e\000n\000u\000m\000\040\000F\000l\000o\000w}{section.15}% 44
\BOOKMARK [2][-]{subsection.15.7}{\376\377\000E\000m\000e\000r\000g\000e\000n\000c\000e\000\040\000o\000f\000\040\000D\000e\000c\000i\000s\000i\000o\000n\000\040\000A\000t\000t\000r\000a\000c\000t\000o\000r\000s}{section.15}% 45
\BOOKMARK [1][-]{section.16}{\376\377\000S\000p\000a\000r\000s\000e\000\040\000P\000o\000l\000i\000c\000y\000\040\000S\000e\000l\000e\000c\000t\000i\000o\000n\000\040\000a\000n\000d\000\040\000C\000o\000m\000p\000r\000e\000s\000s\000e\000d\000\040\000L\000a\000t\000e\000n\000t\000\040\000A\000c\000t\000i\000o\000n\000\040\000S\000p\000a\000c\000e\000s}{}% 46
\BOOKMARK [2][-]{subsection.16.1}{\376\377\000S\000p\000a\000r\000s\000i\000t\000y\000\040\000a\000s\000\040\000S\000t\000r\000u\000c\000t\000u\000r\000a\000l\000,\000\040\000N\000o\000t\000\040\000A\000u\000x\000i\000l\000i\000a\000r\000y}{section.16}% 47
\BOOKMARK [2][-]{subsection.16.2}{\376\377\000S\000p\000a\000r\000s\000e\000\040\000P\000o\000l\000i\000c\000y\000\040\000O\000p\000t\000i\000m\000i\000z\000a\000t\000i\000o\000n}{section.16}% 48
\BOOKMARK [2][-]{subsection.16.3}{\376\377\000P\000h\000a\000s\000e\000\040\000T\000r\000a\000n\000s\000i\000t\000i\000o\000n\000\040\000i\000n\000\040\000P\000o\000l\000i\000c\000y\000\040\000C\000o\000m\000p\000l\000e\000x\000i\000t\000y}{section.16}% 49
\BOOKMARK [2][-]{subsection.16.4}{\376\377\000P\000o\000l\000i\000c\000y\000\040\000P\000r\000u\000n\000i\000n\000g\000\040\000a\000s\000\040\000P\000r\000o\000x\000i\000m\000a\000l\000\040\000F\000l\000o\000w}{section.16}% 50
\BOOKMARK [2][-]{subsection.16.5}{\376\377\000S\000p\000a\000r\000s\000i\000t\000y\000\040\000P\000r\000e\000s\000e\000r\000v\000e\000s\000\040\000C\000a\000u\000s\000a\000l\000\040\000C\000o\000h\000e\000r\000e\000n\000c\000e}{section.16}% 51
\BOOKMARK [2][-]{subsection.16.6}{\376\377\000C\000o\000m\000p\000r\000e\000s\000s\000e\000d\000\040\000A\000g\000e\000n\000c\000y\000\040\000T\000h\000e\000o\000r\000e\000m\000\040\000\050\000I\000n\000f\000o\000r\000m\000a\000l\000\040\000S\000t\000a\000t\000e\000m\000e\000n\000t\000\051}{section.16}% 52
\BOOKMARK [2][-]{subsection.16.7}{\376\377\000I\000n\000t\000e\000r\000p\000r\000e\000t\000a\000t\000i\000o\000n\000\040\000i\000n\000\040\000t\000h\000e\000\040\000P\000l\000e\000n\000u\000m}{section.16}% 53
\BOOKMARK [1][-]{section.17}{\376\377\000S\000p\000h\000e\000r\000e\000P\000O\000P\000\040\000O\000p\000e\000r\000a\000t\000o\000r\000s\000\040\000a\000s\000\040\000P\000l\000e\000n\000u\000m\000\040\000D\000y\000n\000a\000m\000i\000c\000s}{}% 54
\BOOKMARK [2][-]{subsection.17.1}{\376\377\000S\000p\000h\000e\000r\000e\000\040\000a\000s\000\040\000a\000\040\000B\000o\000u\000n\000d\000e\000d\000\040\000S\000e\000m\000a\000n\000t\000i\000c\000\040\000R\000e\000g\000i\000o\000n}{section.17}% 55
\BOOKMARK [2][-]{subsection.17.2}{\376\377\000T\000h\000e\000\040\000P\000r\000i\000m\000i\000t\000i\000v\000e\000\040\000O\000p\000e\000r\000a\000t\000o\000r\000s\000\040\000a\000s\000\040\000P\000l\000e\000n\000u\000m\000\040\000F\000l\000o\000w\000s}{section.17}% 56
\BOOKMARK [2][-]{subsection.17.3}{\376\377\000P\000l\000e\000n\000u\000m\000\040\000C\000o\000n\000s\000e\000r\000v\000a\000t\000i\000o\000n\000\040\000L\000a\000w\000s\000\040\000f\000o\000r\000\040\000S\000p\000h\000e\000r\000e\000P\000O\000P}{section.17}% 57
\BOOKMARK [2][-]{subsection.17.4}{\376\377\000S\000u\000m\000m\000a\000r\000y}{section.17}% 58
\BOOKMARK [1][-]{section.18}{\376\377\000S\000p\000h\000e\000r\000e\000P\000O\000P\000\040\000O\000p\000e\000r\000a\000t\000o\000r\000s\000\040\000a\000s\000\040\000P\000l\000e\000n\000u\000m\000\040\000D\000y\000n\000a\000m\000i\000c\000s}{}% 59
\BOOKMARK [2][-]{subsection.18.1}{\376\377\000S\000p\000h\000e\000r\000e\000\040\000a\000s\000\040\000a\000\040\000B\000o\000u\000n\000d\000e\000d\000\040\000S\000e\000m\000a\000n\000t\000i\000c\000\040\000R\000e\000g\000i\000o\000n}{section.18}% 60
\BOOKMARK [2][-]{subsection.18.2}{\376\377\000T\000h\000e\000\040\000P\000r\000i\000m\000i\000t\000i\000v\000e\000\040\000O\000p\000e\000r\000a\000t\000o\000r\000s\000\040\000a\000s\000\040\000P\000l\000e\000n\000u\000m\000\040\000F\000l\000o\000w\000s}{section.18}% 61
\BOOKMARK [2][-]{subsection.18.3}{\376\377\000P\000l\000e\000n\000u\000m\000\040\000C\000o\000n\000s\000e\000r\000v\000a\000t\000i\000o\000n\000\040\000L\000a\000w\000s\000\040\000f\000o\000r\000\040\000S\000p\000h\000e\000r\000e\000P\000O\000P}{section.18}% 62
\BOOKMARK [2][-]{subsection.18.4}{\376\377\000S\000u\000m\000m\000a\000r\000y}{section.18}% 63
\BOOKMARK [1][-]{section.19}{\376\377\000U\000n\000i\000f\000i\000e\000d\000\040\000S\000e\000m\000a\000n\000t\000i\000c\000s\000\040\000a\000n\000d\000\040\000T\000y\000p\000e\000\040\000S\000y\000s\000t\000e\000m\000\040\000o\000f\000\040\000E\000B\000S\000S\000C}{}% 64
\BOOKMARK [2][-]{subsection.19.1}{\376\377\000S\000p\000h\000e\000r\000e\000\040\000a\000n\000d\000\040\000P\000o\000l\000i\000c\000y\000\040\000T\000y\000p\000e\000s}{section.19}% 65
\BOOKMARK [2][-]{subsection.19.2}{\376\377\000E\000n\000t\000r\000o\000p\000y\000\040\000B\000u\000d\000g\000e\000t\000s\000\040\000a\000s\000\040\000S\000e\000m\000a\000n\000t\000i\000c\000\040\000P\000r\000i\000o\000r\000s}{section.19}% 66
\BOOKMARK [2][-]{subsection.19.3}{\376\377\000O\000p\000e\000r\000a\000t\000i\000o\000n\000a\000l\000\040\000S\000e\000m\000a\000n\000t\000i\000c\000s}{section.19}% 67
\BOOKMARK [2][-]{subsection.19.4}{\376\377\000S\000p\000a\000r\000s\000e\000\040\000P\000o\000l\000i\000c\000y\000\040\000S\000e\000l\000e\000c\000t\000i\000o\000n\000\040\000a\000s\000\040\000V\000a\000r\000i\000a\000t\000i\000o\000n\000a\000l\000\040\000I\000n\000f\000e\000r\000e\000n\000c\000e}{section.19}% 68
\BOOKMARK [2][-]{subsection.19.5}{\376\377\000P\000l\000e\000n\000u\000m\040\023\000U\000n\000i\000s\000t\000o\000c\000h\000a\000s\000t\000i\000c\000\040\000C\000o\000r\000r\000e\000s\000p\000o\000n\000d\000e\000n\000c\000e}{section.19}% 69
\BOOKMARK [2][-]{subsection.19.6}{\376\377\000A\000l\000g\000o\000r\000i\000t\000h\000m\000i\000c\000\040\000S\000e\000m\000a\000n\000t\000i\000c\000s}{section.19}% 70
\BOOKMARK [2][-]{subsection.19.7}{\376\377\000C\000o\000n\000s\000e\000q\000u\000e\000n\000c\000e\000s}{section.19}% 71
\BOOKMARK [1][-]{section.20}{\376\377\000C\000a\000t\000e\000g\000o\000r\000i\000c\000a\000l\000\040\000S\000e\000m\000a\000n\000t\000i\000c\000s}{}% 72
\BOOKMARK [2][-]{subsection.20.1}{\376\377\000T\000h\000e\000\040\000C\000a\000t\000e\000g\000o\000r\000y\000\040\000o\000f\000\040\000E\000n\000t\000r\000o\000p\000y\000-\000B\000o\000u\000n\000d\000e\000d\000\040\000S\000p\000h\000e\000r\000e\000\040\000T\000r\000a\000n\000s\000f\000o\000r\000m\000a\000t\000i\000o\000n\000s}{section.20}% 73
\BOOKMARK [2][-]{subsection.20.2}{\376\377\000M\000o\000n\000o\000i\000d\000a\000l\000\040\000S\000t\000r\000u\000c\000t\000u\000r\000e\000\040\000v\000i\000a\000\040\000S\000p\000h\000e\000r\000e\000\040\000M\000e\000r\000g\000e}{section.20}% 74
\BOOKMARK [2][-]{subsection.20.3}{\376\377\000E\000n\000t\000r\000o\000p\000y\000-\000E\000n\000r\000i\000c\000h\000e\000d\000\040\000S\000t\000r\000u\000c\000t\000u\000r\000e}{section.20}% 75
\BOOKMARK [2][-]{subsection.20.4}{\376\377\000T\000r\000a\000c\000e\000d\000\040\000S\000t\000r\000u\000c\000t\000u\000r\000e\000\040\000f\000r\000o\000m\000\040\000P\000o\000l\000i\000c\000y\000\040\000F\000e\000e\000d\000b\000a\000c\000k}{section.20}% 76
\BOOKMARK [2][-]{subsection.20.5}{\376\377\000C\000o\000m\000p\000a\000c\000t\000\040\000S\000t\000r\000u\000c\000t\000u\000r\000e\000\040\000U\000n\000d\000e\000r\000\040\000A\000p\000p\000r\000o\000x\000i\000m\000a\000t\000e\000\040\000S\000e\000m\000a\000n\000t\000i\000c\000\040\000I\000n\000v\000e\000r\000s\000i\000o\000n}{section.20}% 77
\BOOKMARK [2][-]{subsection.20.6}{\376\377\000S\000e\000m\000a\000n\000t\000i\000c\000\040\000F\000u\000n\000c\000t\000o\000r\000\040\000t\000o\000\040\000P\000r\000o\000b\000a\000b\000i\000l\000i\000s\000t\000i\000c\000\040\000M\000e\000a\000n\000i\000n\000g\000\040\000F\000l\000o\000w}{section.20}% 78
\BOOKMARK [2][-]{subsection.20.7}{\376\377\000C\000o\000n\000s\000e\000q\000u\000e\000n\000c\000e\000s\000\040\000a\000n\000d\000\040\000P\000o\000s\000i\000t\000i\000o\000n\000i\000n\000g}{section.20}% 79
\BOOKMARK [1][-]{section.21}{\376\377\000H\000i\000g\000h\000e\000r\000\040\000T\000o\000p\000o\000s\000\040\000a\000n\000d\000\040\000S\000h\000e\000a\000f\000\040\000S\000e\000m\000a\000n\000t\000i\000c\000s}{}% 80
\BOOKMARK [2][-]{subsection.21.1}{\376\377\000S\000e\000m\000a\000n\000t\000i\000c\000\040\000S\000i\000t\000e\000\040\000a\000n\000d\000\040\000C\000o\000v\000e\000r\000a\000g\000e}{section.21}% 81
\BOOKMARK [2][-]{subsection.21.2}{\376\377\000S\000h\000e\000a\000v\000e\000s\000\040\000o\000f\000\040\000S\000e\000m\000a\000n\000t\000i\000c\000\040\000S\000p\000h\000e\000r\000e\000s}{section.21}% 82
\BOOKMARK [2][-]{subsection.21.3}{\376\377\000H\000i\000g\000h\000e\000r\000\040\000S\000t\000a\000c\000k\000s\000\040\000o\000f\000\040\000P\000o\000l\000i\000c\000y\000\040\000E\000v\000o\000l\000u\000t\000i\000o\000n\000s}{section.21}% 83
\BOOKMARK [2][-]{subsection.21.4}{\376\377\000D\000e\000s\000c\000e\000n\000t\000\040\000a\000n\000d\000\040\000S\000e\000m\000a\000n\000t\000i\000c\000\040\000C\000o\000n\000s\000i\000s\000t\000e\000n\000c\000y}{section.21}% 84
\BOOKMARK [2][-]{subsection.21.5}{\376\377\000T\000h\000e\000\040\000B\000o\000u\000n\000d\000e\000d\000\040\042\036\000-\000T\000o\000p\000o\000s\000\040\000o\000f\000\040\000S\000e\000m\000a\000n\000t\000i\000c\000\040\000S\000t\000a\000t\000e\000s}{section.21}% 85
\BOOKMARK [2][-]{subsection.21.6}{\376\377\000S\000h\000e\000a\000f\000\040\000S\000e\000m\000a\000n\000t\000i\000c\000s\000\040\000o\000f\000\040\000S\000p\000h\000e\000r\000e\000P\000O\000P\000\040\000O\000p\000e\000r\000a\000t\000o\000r\000s}{section.21}% 86
\BOOKMARK [2][-]{subsection.21.7}{\376\377\000S\000e\000m\000a\000n\000t\000i\000c\000\040\000U\000n\000i\000v\000a\000l\000e\000n\000c\000e}{section.21}% 87
\BOOKMARK [2][-]{subsection.21.8}{\376\377\000S\000e\000c\000t\000i\000o\000n\000\040\0008\000\040\000S\000u\000m\000m\000a\000r\000y}{section.21}% 88
\BOOKMARK [1][-]{section.22}{\376\377\000C\000o\000m\000p\000i\000l\000e\000r\000\040\000P\000i\000p\000e\000l\000i\000n\000e\000\040\000f\000o\000r\000\040\000R\000e\000w\000r\000i\000t\000i\000n\000g\000\040\000E\000B\000S\000S\000C\000\040\000P\000o\000l\000i\000c\000i\000e\000s\000\040\000a\000s\000\040\000S\000h\000e\000a\000f\000\040\000O\000p\000e\000r\000a\000t\000i\000o\000n\000s}{}% 89
\BOOKMARK [2][-]{subsection.22.1}{\376\377\000P\000i\000p\000e\000l\000i\000n\000e\000\040\000S\000t\000a\000g\000e\000s}{section.22}% 90
\BOOKMARK [2][-]{subsection.22.2}{\376\377\000A\000S\000T\000\040\000C\000o\000n\000s\000t\000r\000u\000c\000t\000i\000o\000n\000\040\000a\000n\000d\000\040\000T\000y\000p\000i\000n\000g}{section.22}% 91
\BOOKMARK [2][-]{subsection.22.3}{\376\377\000S\000h\000e\000a\000f\000\040\000L\000o\000w\000e\000r\000i\000n\000g}{section.22}% 92
\BOOKMARK [2][-]{subsection.22.4}{\376\377\000L\000i\000f\000t\000i\000n\000g\000\040\000t\000o\000\040\000-\000G\000r\000o\000u\000p\000o\000i\000d\000\040\000C\000o\000h\000e\000r\000e\000n\000c\000e}{section.22}% 93
\BOOKMARK [2][-]{subsection.22.5}{\376\377\000E\000x\000e\000c\000u\000t\000a\000b\000l\000e\000\040\000S\000h\000e\000a\000f\000\040\000F\000u\000n\000c\000t\000o\000r}{section.22}% 94
\BOOKMARK [2][-]{subsection.22.6}{\376\377\000C\000o\000m\000p\000i\000l\000e\000r\000\040\000O\000p\000t\000i\000m\000i\000z\000a\000t\000i\000o\000n\000s}{section.22}% 95
\BOOKMARK [2][-]{subsection.22.7}{\376\377\000C\000o\000m\000p\000i\000l\000e\000r\000\040\000C\000o\000r\000r\000e\000c\000t\000n\000e\000s\000s}{section.22}% 96
\BOOKMARK [2][-]{subsection.22.8}{\376\377\000A\000b\000s\000t\000r\000a\000c\000t\000\040\000E\000x\000e\000c\000u\000t\000i\000o\000n\000\040\000M\000o\000d\000e\000l}{section.22}% 97
\BOOKMARK [2][-]{subsection.22.9}{\376\377\000S\000u\000m\000m\000a\000r\000y}{section.22}% 98
\BOOKMARK [1][-]{section.23}{\376\377\000C\000o\000m\000p\000i\000l\000e\000r\000\040\000P\000i\000p\000e\000l\000i\000n\000e\000\040\000f\000o\000r\000\040\000R\000e\000w\000r\000i\000t\000i\000n\000g\000\040\000E\000B\000S\000S\000C\000\040\000P\000o\000l\000i\000c\000i\000e\000s\000\040\000a\000s\000\040\000S\000h\000e\000a\000f\000\040\000O\000p\000e\000r\000a\000t\000i\000o\000n\000s}{}% 99
\BOOKMARK [2][-]{subsection.23.1}{\376\377\000C\000o\000m\000p\000i\000l\000e\000d\000\040\000S\000h\000e\000a\000f\000\040\000I\000R\000\040\000\050\000v\000i\000s\000u\000a\000l\000\051}{section.23}% 100
\BOOKMARK [2][-]{subsection.23.2}{\376\377\000S\000h\000e\000a\000f\000\040\000I\000R\000\040\000\050\000t\000e\000x\000t\000u\000a\000l\000\051}{section.23}% 101
\BOOKMARK [2][-]{subsection.23.3}{\376\377\000C\000o\000m\000p\000i\000l\000e\000r\000\040\000i\000n\000v\000a\000r\000i\000a\000n\000t\000s\000\040\000c\000h\000e\000c\000k\000e\000d}{section.23}% 102
\BOOKMARK [2][-]{subsection.23.4}{\376\377\000D\000i\000a\000g\000n\000o\000s\000t\000i\000c\000s}{section.23}% 103
\BOOKMARK [1][-]{section.24}{\376\377\000S\000p\000a\000r\000s\000e\000\040\000E\000B\000S\000S\000C\000\040\000E\000x\000e\000c\000u\000t\000i\000o\000n\000\040\000M\000o\000d\000e\000l\000\040\000a\000n\000d\000\040\000R\000u\000n\000t\000i\000m\000e\000\040\000G\000u\000a\000r\000a\000n\000t\000e\000e\000s}{}% 104
\BOOKMARK [2][-]{subsection.24.1}{\376\377\000R\000u\000n\000t\000i\000m\000e\000\040\000S\000t\000a\000t\000e\000\040\000R\000e\000p\000r\000e\000s\000e\000n\000t\000a\000t\000i\000o\000n}{section.24}% 105
\BOOKMARK [2][-]{subsection.24.2}{\376\377\000G\000l\000o\000b\000a\000l\000\040\000E\000x\000e\000c\000u\000t\000i\000o\000n\000\040\000I\000n\000v\000a\000r\000i\000a\000n\000t\000s}{section.24}% 106
\BOOKMARK [2][-]{subsection.24.3}{\376\377\000R\000u\000n\000t\000i\000m\000e\000\040\000S\000o\000u\000n\000d\000n\000e\000s\000s}{section.24}% 107
\BOOKMARK [2][-]{subsection.24.4}{\376\377\000C\000o\000m\000p\000l\000e\000x\000i\000t\000y\000\040\000o\000f\000\040\000E\000x\000e\000c\000u\000t\000i\000o\000n}{section.24}% 108
\BOOKMARK [2][-]{subsection.24.5}{\376\377\000S\000e\000m\000a\000n\000t\000i\000c\000\040\000C\000o\000n\000f\000l\000u\000e\000n\000c\000e\000\040\000a\000n\000d\000\040\000L\000o\000c\000a\000l\000\040\000D\000e\000t\000e\000r\000m\000i\000n\000i\000s\000m}{section.24}% 109
\BOOKMARK [2][-]{subsection.24.6}{\376\377\000S\000e\000m\000a\000n\000t\000i\000c\000\040\000C\000o\000m\000p\000r\000e\000s\000s\000i\000o\000n\000\040\000B\000o\000u\000n\000d}{section.24}% 110
\BOOKMARK [2][-]{subsection.24.7}{\376\377\000E\000x\000e\000c\000u\000t\000a\000b\000l\000e\000\040\000I\000n\000t\000e\000r\000p\000r\000e\000t\000a\000t\000i\000o\000n\000\040\000o\000f\000\040\000t\000h\000e\000\040\000C\000o\000m\000p\000i\000l\000e\000r\000\040\000O\000u\000t\000p\000u\000t}{section.24}% 111
\BOOKMARK [2][-]{subsection.24.8}{\376\377\000S\000u\000m\000m\000a\000r\000y}{section.24}% 112
\BOOKMARK [1][-]{section.25}{\376\377\000P\000h\000y\000s\000i\000c\000a\000l\000\040\000I\000n\000t\000e\000r\000p\000r\000e\000t\000a\000t\000i\000o\000n\000:\000\040\000E\000B\000S\000S\000C\000\040\000a\000s\000\040\000E\000n\000t\000r\000o\000p\000i\000c\000\040\000C\000o\000m\000p\000u\000t\000a\000t\000i\000o\000n\000\040\000i\000n\000\040\000a\000\040\000R\000e\000l\000a\000t\000i\000v\000i\000s\000t\000i\000c\000\040\000S\000c\000a\000l\000a\000r\040\023\000V\000e\000c\000t\000o\000r\000\040\000P\000l\000e\000n\000u\000m}{}% 113
\BOOKMARK [2][-]{subsection.25.1}{\376\377\000F\000i\000e\000l\000d\000\040\000e\000m\000b\000e\000d\000d\000i\000n\000g\000\040\000o\000f\000\040\000s\000e\000m\000a\000n\000t\000i\000c\000\040\000s\000p\000h\000e\000r\000e\000s}{section.25}% 114
\BOOKMARK [2][-]{subsection.25.2}{\376\377\000P\000o\000l\000i\000c\000y\000\040\000e\000x\000e\000c\000u\000t\000i\000o\000n\000\040\000a\000s\000\040\000f\000i\000e\000l\000d\000\040\000e\000v\000o\000l\000u\000t\000i\000o\000n}{section.25}% 115
\BOOKMARK [2][-]{subsection.25.3}{\376\377\000F\000r\000e\000e\000-\000e\000n\000e\000r\000g\000y\000\040\000i\000n\000t\000e\000r\000p\000r\000e\000t\000a\000t\000i\000o\000n}{section.25}% 116
\BOOKMARK [2][-]{subsection.25.4}{\376\377\000E\000n\000t\000r\000o\000p\000y\000\040\000b\000u\000d\000g\000e\000t\000\040\000a\000s\000\040\000a\000\040\000p\000h\000y\000s\000i\000c\000a\000l\000\040\000c\000o\000n\000s\000e\000r\000v\000a\000t\000i\000o\000n\000\040\000l\000a\000w}{section.25}% 117
\BOOKMARK [2][-]{subsection.25.5}{\376\377\000S\000p\000a\000r\000s\000i\000t\000y\000\040\000a\000s\000\040\000l\000e\000a\000s\000t\000-\000a\000c\000t\000i\000o\000n}{section.25}% 118
\BOOKMARK [2][-]{subsection.25.6}{\376\377\000I\000n\000t\000e\000r\000p\000r\000e\000t\000a\000t\000i\000o\000n\000\040\000o\000f\000\040\000S\000p\000h\000e\000r\000e\000P\000O\000P\000\040\000o\000p\000e\000r\000a\000t\000o\000r\000s\000\040\000i\000n\000\040\000f\000i\000e\000l\000d\000\040\000f\000o\000r\000m}{section.25}% 119
\BOOKMARK [2][-]{subsection.25.7}{\376\377\000L\000i\000g\000h\000t\000c\000o\000n\000e\000\040\000s\000t\000r\000u\000c\000t\000u\000r\000e\000\040\000o\000f\000\040\000s\000e\000m\000a\000n\000t\000i\000c\000\040\000i\000n\000f\000l\000u\000e\000n\000c\000e}{section.25}% 120
\BOOKMARK [2][-]{subsection.25.8}{\376\377\000S\000u\000m\000m\000a\000r\000y}{section.25}% 121
\BOOKMARK [1][-]{section.26}{\376\377\000C\000o\000s\000m\000o\000l\000o\000g\000i\000c\000a\000l\000\040\000L\000i\000m\000i\000t\000s\000\040\000a\000n\000d\000\040\000S\000c\000a\000l\000i\000n\000g\000\040\000L\000a\000w\000s}{}% 122
\BOOKMARK [2][-]{subsection.26.1}{\376\377\000S\000e\000m\000a\000n\000t\000i\000c\000\040\000i\000n\000f\000o\000r\000m\000a\000t\000i\000o\000n\000\040\000d\000e\000n\000s\000i\000t\000y\000\040\000b\000o\000u\000n\000d}{section.26}% 123
\BOOKMARK [2][-]{subsection.26.2}{\376\377\000I\000n\000f\000e\000r\000e\000n\000c\000e\000\040\000p\000r\000o\000p\000a\000g\000a\000t\000i\000o\000n\000\040\000s\000p\000e\000e\000d\000\040\000l\000i\000m\000i\000t}{section.26}% 124
\BOOKMARK [2][-]{subsection.26.3}{\376\377\000E\000n\000t\000r\000o\000p\000y\000\040\000p\000r\000o\000d\000u\000c\000t\000i\000o\000n\000\040\000c\000e\000i\000l\000i\000n\000g}{section.26}% 125
\BOOKMARK [2][-]{subsection.26.4}{\376\377\000M\000a\000x\000i\000m\000a\000l\000\040\000s\000u\000s\000t\000a\000i\000n\000a\000b\000l\000e\000\040\000d\000e\000p\000t\000h\000\040\000o\000f\000\040\000c\000h\000a\000i\000n\000e\000d\000\040\000r\000e\000a\000s\000o\000n\000i\000n\000g}{section.26}% 126
\BOOKMARK [2][-]{subsection.26.5}{\376\377\000P\000h\000a\000s\000e\000\040\000t\000r\000a\000n\000s\000i\000t\000i\000o\000n\000\040\000i\000n\000\040\000s\000e\000m\000a\000n\000t\000i\000c\000\040\000s\000p\000a\000r\000s\000i\000t\000y}{section.26}% 127
\BOOKMARK [2][-]{subsection.26.6}{\376\377\000F\000i\000n\000i\000t\000e\000\040\000m\000e\000m\000o\000r\000y\000\040\000h\000o\000r\000i\000z\000o\000n\000\040\000\050\000s\000e\000m\000a\000n\000t\000i\000c\000\040\000c\000o\000s\000m\000o\000l\000o\000g\000i\000c\000a\000l\000\040\000c\000o\000n\000s\000t\000a\000n\000t\000\051}{section.26}% 128
\BOOKMARK [2][-]{subsection.26.7}{\376\377\000S\000c\000a\000l\000i\000n\000g\000\040\000l\000a\000w\000s\000\040\000s\000u\000m\000m\000a\000r\000y}{section.26}% 129
\BOOKMARK [2][-]{subsection.26.8}{\376\377\000C\000o\000n\000s\000e\000q\000u\000e\000n\000c\000e\000s}{section.26}% 130
\BOOKMARK [1][-]{section.27}{\376\377\000E\000m\000p\000i\000r\000i\000c\000a\000l\000\040\000P\000r\000o\000b\000e\000s\000\040\000a\000n\000d\000\040\000F\000a\000l\000s\000i\000f\000i\000a\000b\000l\000e\000\040\000P\000r\000e\000d\000i\000c\000t\000i\000o\000n\000s}{}% 131
\BOOKMARK [2][-]{subsection.27.1}{\376\377\000O\000b\000s\000e\000r\000v\000a\000b\000l\000e\000\040\0001\000:\000\040\000I\000n\000f\000e\000r\000e\000n\000c\000e\000\040\000s\000p\000a\000r\000s\000i\000t\000y\000\040\000s\000c\000a\000l\000i\000n\000g}{section.27}% 132
\BOOKMARK [2][-]{subsection.27.2}{\376\377\000O\000b\000s\000e\000r\000v\000a\000b\000l\000e\000\040\0002\000:\000\040\000S\000e\000m\000a\000n\000t\000i\000c\000\040\000e\000n\000t\000r\000o\000p\000y\000\040\000c\000e\000i\000l\000i\000n\000g}{section.27}% 133
\BOOKMARK [2][-]{subsection.27.3}{\376\377\000O\000b\000s\000e\000r\000v\000a\000b\000l\000e\000\040\0003\000:\000\040\000S\000e\000m\000a\000n\000t\000i\000c\000\040\000l\000i\000g\000h\000t\000c\000o\000n\000e}{section.27}% 134
\BOOKMARK [2][-]{subsection.27.4}{\376\377\000O\000b\000s\000e\000r\000v\000a\000b\000l\000e\000\040\0004\000:\000\040\000C\000r\000i\000t\000i\000c\000a\000l\000\040\000s\000p\000a\000r\000s\000i\000t\000y\000\040\000t\000r\000a\000n\000s\000i\000t\000i\000o\000n}{section.27}% 135
\BOOKMARK [2][-]{subsection.27.5}{\376\377\000O\000b\000s\000e\000r\000v\000a\000b\000l\000e\000\040\0005\000:\000\040\000M\000e\000m\000o\000r\000y\000\040\000d\000e\000c\000a\000y\000\040\000f\000l\000o\000o\000r}{section.27}% 136
\BOOKMARK [2][-]{subsection.27.6}{\376\377\000S\000u\000m\000m\000a\000r\000y\000\040\000o\000f\000\040\000f\000a\000l\000s\000i\000f\000i\000a\000b\000l\000e\000\040\000c\000l\000a\000i\000m\000s}{section.27}% 137
\BOOKMARK [2][-]{subsection.27.7}{\376\377\000F\000e\000a\000s\000i\000b\000l\000e\000\040\000e\000x\000p\000e\000r\000i\000m\000e\000n\000t\000a\000l\000\040\000p\000r\000o\000t\000o\000c\000o\000l\000s}{section.27}% 138
\BOOKMARK [2][-]{subsection.27.8}{\376\377\000O\000u\000t\000c\000o\000m\000e\000\040\000i\000n\000t\000e\000r\000p\000r\000e\000t\000a\000t\000i\000o\000n}{section.27}% 139
\BOOKMARK [1][-]{section.28}{\376\377\000R\000e\000l\000a\000t\000i\000o\000n\000\040\000t\000o\000\040\000P\000h\000y\000s\000i\000c\000s\000:\000\040\000T\000h\000e\000r\000m\000o\000d\000y\000n\000a\000m\000i\000c\000s\000,\000\040\000E\000m\000e\000r\000g\000e\000n\000t\000\040\000G\000r\000a\000v\000i\000t\000y\000,\000\040\000a\000n\000d\000\040\000I\000n\000f\000o\000r\000m\000a\000t\000i\000o\000n\000\040\000G\000e\000o\000m\000e\000t\000r\000y}{}% 140
\BOOKMARK [2][-]{subsection.28.1}{\376\377\000J\000a\000y\000n\000e\000s\000i\000a\000n\000\040\000t\000h\000e\000r\000m\000o\000d\000y\000n\000a\000m\000i\000c\000\040\000f\000o\000u\000n\000d\000a\000t\000i\000o\000n}{section.28}% 141
\BOOKMARK [2][-]{subsection.28.2}{\376\377\000C\000a\000t\000i\000c\000h\000a\000\040\000e\000n\000t\000r\000o\000p\000i\000c\000\040\000d\000y\000n\000a\000m\000i\000c\000s\000\040\000c\000o\000r\000r\000e\000s\000p\000o\000n\000d\000e\000n\000c\000e}{section.28}% 142
\BOOKMARK [2][-]{subsection.28.3}{\376\377\000F\000r\000i\000s\000t\000o\000n\000\040\000f\000r\000e\000e\000-\000e\000n\000e\000r\000g\000y\000\040\000a\000n\000d\000\040\000M\000a\000r\000k\000o\000v\000\040\000b\000l\000a\000n\000k\000e\000t\000\040\000i\000n\000t\000e\000r\000p\000r\000e\000t\000a\000t\000i\000o\000n}{section.28}% 143
\BOOKMARK [2][-]{subsection.28.4}{\376\377\000B\000a\000e\000z\040\023\000P\000o\000l\000l\000a\000r\000d\000\040\000i\000n\000f\000o\000r\000m\000a\000t\000i\000o\000n\000\040\000g\000e\000o\000m\000e\000t\000r\000y\000\040\000a\000n\000d\000\040\000s\000e\000m\000a\000n\000t\000i\000c\000\040\000c\000u\000r\000v\000a\000t\000u\000r\000e}{section.28}% 144
\BOOKMARK [2][-]{subsection.28.5}{\376\377\000J\000a\000c\000o\000b\000s\000o\000n\040\023\000V\000e\000r\000l\000i\000n\000d\000e\040\023\000C\000a\000r\000n\000e\000y\000\040\000g\000r\000a\000v\000i\000t\000y\000\040\000c\000o\000r\000r\000e\000s\000p\000o\000n\000d\000e\000n\000c\000e}{section.28}% 145
\BOOKMARK [2][-]{subsection.28.6}{\376\377\000S\000y\000m\000p\000l\000e\000c\000t\000i\000c\000\040\000a\000n\000d\000\040\000s\000h\000i\000f\000t\000e\000d\000\040\000s\000y\000m\000p\000l\000e\000c\000t\000i\000c\000\040\000s\000e\000m\000a\000n\000t\000i\000c\000s}{section.28}% 146
\BOOKMARK [2][-]{subsection.28.7}{\376\377\000U\000n\000i\000s\000t\000o\000c\000h\000a\000s\000t\000i\000c\000\040\000q\000u\000a\000n\000t\000u\000m\000\040\000c\000o\000r\000r\000e\000s\000p\000o\000n\000d\000e\000n\000c\000e}{section.28}% 147
\BOOKMARK [2][-]{subsection.28.8}{\376\377\000S\000e\000c\000o\000n\000d\000\040\000l\000a\000w\000\040\000a\000n\000d\000\040\000s\000e\000m\000a\000n\000t\000i\000c\000\040\000i\000r\000r\000e\000v\000e\000r\000s\000i\000b\000i\000l\000i\000t\000y}{section.28}% 148
\BOOKMARK [2][-]{subsection.28.9}{\376\377\000S\000u\000m\000m\000a\000r\000y\000\040\000o\000f\000\040\000p\000h\000y\000s\000i\000c\000a\000l\000\040\000e\000q\000u\000i\000v\000a\000l\000e\000n\000c\000e\000s}{section.28}% 149
\BOOKMARK [2][-]{subsection.28.10}{\376\377\000C\000o\000n\000c\000l\000u\000s\000i\000o\000n}{section.28}% 150
\BOOKMARK [1][-]{section.29}{\376\377\000E\000x\000p\000e\000r\000i\000m\000e\000n\000t\000s\000\040\000a\000n\000d\000\040\000B\000e\000n\000c\000h\000m\000a\000r\000k\000s}{}% 151
\BOOKMARK [2][-]{subsection.29.1}{\376\377\000O\000b\000s\000e\000r\000v\000a\000b\000l\000e\000\040\000Q\000u\000a\000n\000t\000i\000t\000i\000e\000s}{section.29}% 152
\BOOKMARK [2][-]{subsection.29.2}{\376\377\000S\000y\000n\000t\000h\000e\000t\000i\000c\000\040\000T\000a\000s\000k\000\040\000F\000a\000m\000i\000l\000i\000e\000s}{section.29}% 153
\BOOKMARK [2][-]{subsection.29.3}{\376\377\000Q\000u\000a\000n\000t\000i\000t\000a\000t\000i\000v\000e\000\040\000R\000e\000s\000u\000l\000t\000s\000\040\000a\000n\000d\000\040\000E\000x\000p\000e\000c\000t\000e\000d\000\040\000S\000c\000a\000l\000i\000n\000g\000\040\000L\000a\000w\000s}{section.29}% 154
\BOOKMARK [2][-]{subsection.29.4}{\376\377\000V\000i\000s\000u\000a\000l\000i\000z\000a\000t\000i\000o\000n\000\040\000S\000u\000i\000t\000e}{section.29}% 155
\BOOKMARK [2][-]{subsection.29.5}{\376\377\000A\000b\000l\000a\000t\000i\000o\000n\000\040\000S\000t\000u\000d\000i\000e\000s}{section.29}% 156
\BOOKMARK [2][-]{subsection.29.6}{\376\377\000E\000x\000p\000e\000r\000i\000m\000e\000n\000t\000a\000l\000\040\000C\000o\000n\000c\000l\000u\000s\000i\000o\000n\000s}{section.29}% 157
\BOOKMARK [1][-]{section.30}{\376\377\000I\000m\000p\000l\000e\000m\000e\000n\000t\000a\000t\000i\000o\000n\000\040\000a\000n\000d\000\040\000S\000y\000s\000t\000e\000m\000s\000\040\000I\000n\000t\000e\000g\000r\000a\000t\000i\000o\000n}{}% 158
\BOOKMARK [2][-]{subsection.30.1}{\376\377\000C\000o\000m\000p\000i\000l\000e\000r\000\040\000A\000r\000c\000h\000i\000t\000e\000c\000t\000u\000r\000e}{section.30}% 159
\BOOKMARK [2][-]{subsection.30.2}{\376\377\000S\000e\000m\000a\000n\000t\000i\000c\000\040\000D\000a\000t\000a\000\040\000S\000t\000r\000u\000c\000t\000u\000r\000e\000s}{section.30}% 160
\BOOKMARK [2][-]{subsection.30.3}{\376\377\000E\000n\000t\000r\000o\000p\000y\000\040\000a\000n\000d\000\040\000I\000n\000v\000a\000r\000i\000a\000n\000t\000\040\000E\000n\000f\000o\000r\000c\000e\000m\000e\000n\000t}{section.30}% 161
\BOOKMARK [2][-]{subsection.30.4}{\376\377\000S\000p\000a\000r\000s\000e\000\040\000S\000o\000l\000v\000e\000r\000\040\000B\000a\000c\000k\000e\000n\000d}{section.30}% 162
\BOOKMARK [2][-]{subsection.30.5}{\376\377\000P\000a\000r\000a\000l\000l\000e\000l\000\040\000a\000n\000d\000\040\000H\000a\000r\000d\000w\000a\000r\000e\000\040\000A\000c\000c\000e\000l\000e\000r\000a\000t\000i\000o\000n}{section.30}% 163
\BOOKMARK [2][-]{subsection.30.6}{\376\377\000A\000P\000I\000s\000\040\000a\000n\000d\000\040\000I\000n\000t\000e\000g\000r\000a\000t\000i\000o\000n}{section.30}% 164
\BOOKMARK [2][-]{subsection.30.7}{\376\377\000C\000o\000m\000p\000l\000e\000x\000i\000t\000y\000\040\000a\000n\000d\000\040\000S\000c\000a\000l\000i\000n\000g}{section.30}% 165
\BOOKMARK [2][-]{subsection.30.8}{\376\377\000F\000a\000i\000l\000u\000r\000e\000\040\000M\000o\000d\000e\000s\000\040\000a\000n\000d\000\040\000D\000e\000f\000e\000n\000s\000i\000v\000e\000\040\000M\000e\000c\000h\000a\000n\000i\000s\000m\000s}{section.30}% 166
\BOOKMARK [2][-]{subsection.30.9}{\376\377\000S\000u\000m\000m\000a\000r\000y}{section.30}% 167
\BOOKMARK [1][-]{section.31}{\376\377\000P\000h\000i\000l\000o\000s\000o\000p\000h\000i\000c\000a\000l\000\040\000a\000n\000d\000\040\000F\000o\000u\000n\000d\000a\000t\000i\000o\000n\000a\000l\000\040\000C\000o\000n\000s\000e\000q\000u\000e\000n\000c\000e\000s}{}% 168
\BOOKMARK [2][-]{subsection.31.1}{\376\377\000T\000h\000o\000u\000g\000h\000t\000\040\000a\000s\000\040\000B\000o\000u\000n\000d\000e\000d\000\040\000P\000h\000y\000s\000i\000c\000a\000l\000\040\000P\000r\000o\000c\000e\000s\000s}{section.31}% 169
\BOOKMARK [2][-]{subsection.31.2}{\376\377\000M\000e\000a\000n\000i\000n\000g\000\040\000a\000s\000\040\000C\000u\000r\000v\000a\000t\000u\000r\000e\000\040\000i\000n\000\040\000S\000e\000m\000a\000n\000t\000i\000c\000\040\000S\000t\000a\000t\000e\000\040\000S\000p\000a\000c\000e}{section.31}% 170
\BOOKMARK [2][-]{subsection.31.3}{\376\377\000U\000n\000d\000e\000r\000s\000t\000a\000n\000d\000i\000n\000g\000\040\000a\000s\000\040\000E\000n\000t\000r\000o\000p\000y\000-\000C\000o\000n\000s\000t\000r\000a\000i\000n\000e\000d\000\040\000C\000o\000m\000p\000r\000e\000s\000s\000i\000o\000n}{section.31}% 171
\BOOKMARK [2][-]{subsection.31.4}{\376\377\000A\000g\000e\000n\000c\000y\000\040\000a\000s\000\040\000S\000p\000a\000r\000s\000e\000\040\000C\000o\000n\000t\000r\000o\000l\000\040\000i\000n\000\040\000a\000\040\000S\000e\000m\000a\000n\000t\000i\000c\000\040\000P\000h\000a\000s\000e\000\040\000S\000p\000a\000c\000e}{section.31}% 172
\BOOKMARK [2][-]{subsection.31.5}{\376\377\000T\000h\000e\000\040\000A\000r\000r\000o\000w\000\040\000o\000f\000\040\000C\000o\000g\000n\000i\000t\000i\000o\000n}{section.31}% 173
\BOOKMARK [2][-]{subsection.31.6}{\376\377\000C\000o\000n\000c\000e\000p\000t\000u\000a\000l\000\040\000I\000d\000e\000n\000t\000i\000t\000y\000\040\000a\000s\000\040\000F\000i\000x\000e\000d\000\040\000P\000o\000i\000n\000t\000\040\000u\000n\000d\000e\000r\000\040\000S\000p\000a\000r\000s\000e\000\040\000F\000l\000o\000w}{section.31}% 174
\BOOKMARK [2][-]{subsection.31.7}{\376\377\000I\000m\000p\000l\000i\000c\000a\000t\000i\000o\000n\000s\000\040\000f\000o\000r\000\040\000A\000l\000i\000g\000n\000m\000e\000n\000t\000\040\000a\000n\000d\000\040\000I\000n\000t\000e\000r\000p\000r\000e\000t\000a\000b\000i\000l\000i\000t\000y}{section.31}% 175
\BOOKMARK [2][-]{subsection.31.8}{\376\377\000C\000o\000n\000v\000e\000r\000g\000e\000n\000c\000e\000\040\000o\000f\000\040\000M\000e\000a\000n\000i\000n\000g\000,\000\040\000P\000h\000y\000s\000i\000c\000s\000,\000\040\000a\000n\000d\000\040\000C\000o\000m\000p\000u\000t\000a\000t\000i\000o\000n}{section.31}% 176
\BOOKMARK [2][-]{subsection.31.9}{\376\377\000S\000u\000m\000m\000a\000r\000y}{section.31}% 177
\BOOKMARK [1][-]{section.32}{\376\377\000L\000i\000m\000i\000t\000s\000\040\000o\000f\000\040\000F\000o\000r\000m\000a\000l\000i\000z\000a\000t\000i\000o\000n\000,\000\040\000O\000p\000e\000n\000\040\000P\000r\000o\000b\000l\000e\000m\000s\000,\000\040\000a\000n\000d\000\040\000R\000e\000s\000e\000a\000r\000c\000h\000\040\000D\000i\000r\000e\000c\000t\000i\000o\000n\000s}{}% 178
\BOOKMARK [2][-]{subsection.32.1}{\376\377\000L\000i\000m\000i\000t\000s\000\040\000o\000f\000\040\000C\000a\000t\000e\000g\000o\000r\000i\000c\000a\000l\000\040\000a\000n\000d\000\040\000T\000o\000p\000o\000s\000-\000T\000h\000e\000o\000r\000e\000t\000i\000c\000\040\000R\000e\000p\000r\000e\000s\000e\000n\000t\000a\000t\000i\000o\000n}{section.32}% 179
\BOOKMARK [2][-]{subsection.32.2}{\376\377\000C\000o\000m\000p\000i\000l\000e\000r\000-\000T\000h\000e\000o\000r\000e\000t\000i\000c\000\040\000a\000n\000d\000\040\000C\000o\000m\000p\000u\000t\000a\000t\000i\000o\000n\000a\000l\000\040\000L\000i\000m\000i\000t\000s}{section.32}% 180
\BOOKMARK [2][-]{subsection.32.3}{\376\377\000P\000h\000y\000s\000i\000c\000a\000l\000\040\000a\000n\000d\000\040\000T\000h\000e\000r\000m\000o\000d\000y\000n\000a\000m\000i\000c\000\040\000C\000o\000n\000s\000t\000r\000a\000i\000n\000t\000s}{section.32}% 181
\BOOKMARK [2][-]{subsection.32.4}{\376\377\000O\000p\000e\000n\000\040\000P\000r\000o\000b\000l\000e\000m\000s}{section.32}% 182
\BOOKMARK [2][-]{subsection.32.5}{\376\377\000R\000e\000s\000e\000a\000r\000c\000h\000\040\000P\000r\000o\000g\000r\000a\000m}{section.32}% 183
\BOOKMARK [2][-]{subsection.32.6}{\376\377\000U\000n\000i\000f\000i\000e\000d\000\040\000P\000r\000i\000n\000c\000i\000p\000l\000e}{section.32}% 184
\BOOKMARK [2][-]{subsection.32.7}{\376\377\000C\000l\000o\000s\000i\000n\000g\000\040\000A\000s\000s\000e\000r\000t\000i\000o\000n}{section.32}% 185
\BOOKMARK [1][-]{appendix.A}{\376\377\000C\000o\000r\000e\000\040\000D\000e\000f\000i\000n\000i\000t\000i\000o\000n\000s}{}% 186
\BOOKMARK [1][-]{appendix.B}{\376\377\000M\000a\000i\000n\000\040\000T\000h\000e\000o\000r\000e\000m\000s\000\040\000a\000n\000d\000\040\000P\000r\000o\000o\000f\000s}{}% 187
\BOOKMARK [1][-]{appendix.C}{\376\377\000T\000y\000p\000e\000\040\000S\000i\000g\000n\000a\000t\000u\000r\000e\000s\000\040\000a\000n\000d\000\040\000I\000n\000f\000e\000r\000e\000n\000c\000e\000\040\000R\000u\000l\000e\000s\000\040\000\050\000A\000p\000p\000e\000n\000d\000i\000x\000\040\000C\000\051}{}% 188
\BOOKMARK [2][-]{subsection.C.1}{\376\377\000T\000y\000p\000e\000\040\000l\000a\000n\000g\000u\000a\000g\000e}{appendix.C}% 189
\BOOKMARK [2][-]{subsection.C.2}{\376\377\000T\000y\000p\000i\000n\000g\000\040\000j\000u\000d\000g\000m\000e\000n\000t\000\040\000f\000o\000r\000m\000s}{appendix.C}% 190
\BOOKMARK [2][-]{subsection.C.3}{\376\377\000S\000e\000l\000e\000c\000t\000e\000d\000\040\000i\000n\000f\000e\000r\000e\000n\000c\000e\000\040\000r\000u\000l\000e\000s}{appendix.C}% 191
\BOOKMARK [2][-]{subsection.C.4}{\376\377\000O\000p\000e\000r\000a\000t\000i\000o\000n\000a\000l\000\040\000c\000o\000r\000r\000e\000s\000p\000o\000n\000d\000e\000n\000c\000e}{appendix.C}% 192
\BOOKMARK [1][-]{appendix.D}{\376\377\000C\000a\000t\000e\000g\000o\000r\000y\000\040\000D\000i\000a\000g\000r\000a\000m\000s\000\040\000\050\000T\000i\000k\000Z\000\051\000\040\000\050\000A\000p\000p\000e\000n\000d\000i\000x\000\040\000D\000\051}{}% 193
\BOOKMARK [1][-]{appendix.E}{\376\377\000C\000o\000m\000p\000i\000l\000e\000r\000\040\000I\000R\000\040\000G\000r\000a\000m\000m\000a\000r\000\040\000\050\000A\000p\000p\000e\000n\000d\000i\000x\000\040\000E\000\051}{}% 194
\BOOKMARK [2][-]{subsection.E.1}{\376\377\000E\000B\000S\000S\000C\000\040\000I\000R\000\040\000\050\000B\000N\000F\000-\000l\000i\000k\000e\000\051}{appendix.E}% 195
\BOOKMARK [2][-]{subsection.E.2}{\376\377\000I\000R\000\040\000T\000y\000p\000e\000\040\000C\000h\000e\000c\000k\000i\000n\000g\000\040\000P\000a\000s\000s}{appendix.E}% 196
\BOOKMARK [2][-]{subsection.E.3}{\376\377\000I\000R\000\040\000L\000o\000w\000e\000r\000i\000n\000g}{appendix.E}% 197
