\BOOKMARK [0][-]{chapter.1}{\376\377\000I\000n\000t\000r\000o\000d\000u\000c\000t\000i\000o\000n\000:\000\040\000T\000h\000e\000\040\000G\000e\000o\000m\000e\000t\000r\000y\000\040\000o\000f\000\040\000L\000o\000s\000t\000\040\000C\000h\000o\000i\000c\000e}{}% 1
\BOOKMARK [1][-]{section.1.1}{\376\377\000F\000r\000o\000m\000\040\000P\000e\000r\000s\000u\000a\000s\000i\000o\000n\000\040\000t\000o\000\040\000F\000i\000e\000l\000d\000\040\000C\000o\000l\000l\000a\000p\000s\000e}{chapter.1}% 2
\BOOKMARK [1][-]{section.1.2}{\376\377\000W\000h\000y\000\040\000W\000a\000r\000d\040\031\000s\000\040\000M\000o\000d\000e\000l\000\040\000N\000e\000e\000d\000s\000\040\000F\000o\000r\000m\000a\000l\000\040\000R\000e\000c\000o\000n\000s\000t\000r\000u\000c\000t\000i\000o\000n}{chapter.1}% 3
\BOOKMARK [0][-]{chapter.2}{\376\377\000R\000S\000V\000P\000\040\000F\000i\000e\000l\000d\000\040\000F\000o\000u\000n\000d\000a\000t\000i\000o\000n\000s\000:\000\040\000M\000e\000a\000n\000i\000n\000g\000,\000\040\000A\000g\000e\000n\000c\000y\000,\000\040\000a\000n\000d\000\040\000C\000o\000l\000l\000e\000c\000t\000i\000v\000e\000\040\000D\000y\000n\000a\000m\000i\000c\000s}{}% 4
\BOOKMARK [1][-]{section.2.1}{\376\377\000I\000n\000t\000e\000l\000l\000e\000c\000t\000u\000a\000l\000\040\000L\000i\000n\000e\000a\000g\000e\000:\000\040\000F\000r\000o\000m\000\040\000E\000n\000t\000r\000o\000p\000y\000\040\000t\000o\000\040\000M\000e\000a\000n\000i\000n\000g}{chapter.2}% 5
\BOOKMARK [1][-]{section.2.2}{\376\377\000C\000o\000r\000e\000\040\000F\000i\000e\000l\000d\000s\000\040\000a\000n\000d\000\040\000T\000h\000e\000i\000r\000\040\000I\000n\000t\000e\000r\000p\000r\000e\000t\000a\000t\000i\000o\000n}{chapter.2}% 6
\BOOKMARK [1][-]{section.2.3}{\376\377\000R\000S\000V\000P\000\040\000D\000y\000n\000a\000m\000i\000c\000s\000\040\000f\000r\000o\000m\000\040\000a\000n\000\040\000A\000c\000t\000i\000o\000n\000\040\000P\000r\000i\000n\000c\000i\000p\000l\000e}{chapter.2}% 7
\BOOKMARK [1][-]{section.2.4}{\376\377\000F\000i\000e\000l\000d\000\040\000E\000q\000u\000a\000t\000i\000o\000n\000s}{chapter.2}% 8
\BOOKMARK [1][-]{section.2.5}{\376\377\000R\000e\000l\000a\000t\000i\000o\000n\000\040\000t\000o\000\040\000t\000h\000e\000\040\000F\000r\000e\000e\000\040\000E\000n\000e\000r\000g\000y\000\040\000P\000r\000i\000n\000c\000i\000p\000l\000e}{chapter.2}% 9
\BOOKMARK [1][-]{section.2.6}{\376\377\000C\000a\000p\000t\000u\000r\000e\000\040\000a\000s\000\040\000a\000\040\000P\000h\000a\000s\000e\000\040\000T\000r\000a\000n\000s\000i\000t\000i\000o\000n}{chapter.2}% 10
\BOOKMARK [1][-]{section.2.7}{\376\377\000T\000u\000r\000b\000u\000l\000e\000n\000c\000e\000,\000\040\000C\000a\000p\000t\000u\000r\000e\000,\000\040\000a\000n\000d\000\040\000t\000h\000e\000\040\000T\000o\000p\000o\000l\000o\000g\000y\000\040\000o\000f\000\040\000a\000\040\000C\000a\000g\000e\000\040\000W\000i\000t\000h\000o\000u\000t\000\040\000B\000a\000r\000s}{chapter.2}% 11
\BOOKMARK [2][-]{subsection.2.7.1}{\376\377\000W\000a\000r\000d\000\040\000i\000n\000\040\000P\000h\000a\000s\000e\000\040\000S\000p\000a\000c\000e}{section.2.7}% 12
\BOOKMARK [2][-]{subsection.2.7.2}{\376\377\000W\000h\000y\000\040\000S\000e\000m\000a\000n\000t\000i\000c\000\040\000C\000o\000l\000l\000a\000p\000s\000e\000\040\000I\000s\000\040\000W\000o\000r\000s\000e\000\040\000t\000h\000a\000n\000\040\000D\000o\000m\000i\000n\000a\000t\000i\000o\000n}{section.2.7}% 13
\BOOKMARK [2][-]{subsection.2.7.3}{\376\377\000T\000h\000e\000\040\000F\000a\000l\000l\000a\000c\000y\000\040\000o\000f\000\040\000C\000e\000n\000t\000r\000a\000l\000i\000z\000e\000d\000\040\000C\000o\000n\000t\000r\000o\000l}{section.2.7}% 14
\BOOKMARK [2][-]{subsection.2.7.4}{\376\377\000N\000a\000r\000r\000a\000t\000i\000v\000e\000\040\000I\000n\000t\000e\000r\000l\000u\000d\000e\000:\000\040\000T\000h\000e\000\040\000T\000o\000p\000o\000l\000o\000g\000y\000\040\000o\000f\000\040\000a\000\040\000C\000a\000g\000e\000\040\000W\000i\000t\000h\000o\000u\000t\000\040\000B\000a\000r\000s}{section.2.7}% 15
\BOOKMARK [1][-]{section.2.8}{\376\377\000F\000i\000e\000l\000d\000\040\000E\000q\000u\000a\000t\000i\000o\000n\000s\000,\000\040\000F\000a\000i\000l\000u\000r\000e\000\040\000M\000o\000d\000e\000s\000,\000\040\000a\000n\000d\000\040\000H\000o\000w\000\040\000t\000o\000\040\000R\000e\000o\000p\000e\000n\000\040\000t\000h\000e\000\040\000F\000u\000t\000u\000r\000e}{chapter.2}% 16
\BOOKMARK [2][-]{subsection.2.8.1}{\376\377\000F\000i\000e\000l\000d\000\040\000E\000q\000u\000a\000t\000i\000o\000n\000s\000\040\000o\000f\000\040\000B\000e\000h\000a\000v\000i\000o\000u\000r\000a\000l\000\040\000C\000a\000p\000t\000u\000r\000e}{section.2.8}% 17
\BOOKMARK [2][-]{subsection.2.8.2}{\376\377\000T\000h\000e\000\040\000C\000r\000i\000t\000i\000c\000a\000l\000\040\000T\000r\000a\000n\000s\000i\000t\000i\000o\000n\000\040\040\024\000\040\000L\000o\000s\000s\000\040\000o\000f\000\040\000F\000u\000t\000u\000r\000e}{section.2.8}% 18
\BOOKMARK [2][-]{subsection.2.8.3}{\376\377\000T\000h\000r\000e\000e\000\040\000O\000p\000e\000r\000a\000t\000o\000r\000s\000\040\000T\000h\000a\000t\000\040\000R\000e\000s\000t\000o\000r\000e\000\040\000t\000h\000e\000\040\000M\000a\000n\000i\000f\000o\000l\000d}{section.2.8}% 19
\BOOKMARK [2][-]{subsection.2.8.4}{\376\377\000T\000h\000e\000\040\000C\000o\000n\000s\000t\000r\000u\000c\000t\000i\000v\000e\000\040\000C\000l\000a\000i\000m}{section.2.8}% 20
\BOOKMARK [2][-]{subsection.2.8.5}{\376\377\000W\000h\000a\000t\000\040\000a\000\040\000R\000e\000s\000t\000o\000r\000a\000t\000i\000v\000e\000\040\000A\000I\000\040\000M\000u\000s\000t\000\040\000D\000o}{section.2.8}% 21
\BOOKMARK [2][-]{subsection.2.8.6}{\376\377\000F\000i\000n\000a\000l\000\040\000T\000h\000e\000o\000r\000e\000m\000\040\040\024\000\040\000T\000h\000e\000\040\000C\000o\000n\000s\000e\000r\000v\000a\000t\000i\000o\000n\000\040\000o\000f\000\040\000P\000o\000s\000s\000i\000b\000l\000e\000\040\000M\000i\000n\000d\000s}{section.2.8}% 22
\BOOKMARK [2][-]{subsection.2.8.7}{\376\377\000P\000a\000r\000t\000\040\0004\000\040\000C\000o\000n\000c\000l\000u\000s\000i\000o\000n}{section.2.8}% 23
\BOOKMARK [0][-]{appendix.A}{\376\377\000D\000e\000r\000i\000v\000a\000t\000i\000o\000n\000\040\000o\000f\000\040\000t\000h\000e\000\040\000C\000r\000i\000t\000i\000c\000a\000l\000\040\000C\000a\000p\000t\000u\000r\000e\000\040\000T\000h\000r\000e\000s\000h\000o\000l\000d}{}% 24
\BOOKMARK [0][-]{appendix.B}{\376\377\000P\000s\000e\000u\000d\000o\000c\000o\000d\000e\000\040\000S\000i\000m\000u\000l\000a\000t\000i\000o\000n\000\040\000o\000f\000\040\000S\000e\000m\000a\000n\000t\000i\000c\000\040\000T\000u\000r\000b\000u\000l\000e\000n\000c\000e}{}% 25
\BOOKMARK [0][-]{appendix.C}{\376\377\000E\000m\000p\000i\000r\000i\000c\000a\000l\000\040\000O\000b\000s\000e\000r\000v\000a\000b\000l\000e\000s\000\040\000f\000o\000r\000\040\000B\000e\000h\000a\000v\000i\000o\000u\000r\000a\000l\000\040\000C\000a\000p\000t\000u\000r\000e}{}% 26
\BOOKMARK [0][-]{appendix.D}{\376\377\000D\000e\000s\000i\000g\000n\000\040\000C\000r\000i\000t\000e\000r\000i\000a\000\040\000f\000o\000r\000\040\000A\000n\000t\000i\000-\000C\000a\000p\000t\000u\000r\000e\000\040\000A\000I}{}% 27
\BOOKMARK [0][-]{appendix.E}{\376\377\000C\000a\000s\000e\000\040\000S\000t\000u\000d\000i\000e\000s\000\040\000i\000n\000\040\000S\000e\000m\000a\000n\000t\000i\000c\000\040\000C\000o\000l\000l\000a\000p\000s\000e}{}% 28
\BOOKMARK [0][-]{appendix.F}{\376\377\000G\000l\000o\000s\000s\000a\000r\000y\000\040\000o\000f\000\040\000C\000o\000g\000n\000i\000t\000i\000v\000e\000\040\000F\000i\000e\000l\000d\000\040\000T\000e\000r\000m\000s}{}% 29
\BOOKMARK [0][-]{appendix.G}{\376\377\000S\000c\000a\000l\000a\000r\040\023\000V\000e\000c\000t\000o\000r\000\040\000D\000y\000n\000a\000m\000i\000c\000a\000l\000\040\000S\000y\000s\000t\000e\000m\000\040\000D\000e\000t\000a\000i\000l\000s}{}% 30
\BOOKMARK [0][-]{appendix.H}{\376\377\000B\000e\000h\000a\000v\000i\000o\000u\000r\000a\000l\000\040\000C\000a\000p\000t\000u\000r\000e\000\040\000a\000s\000\040\000E\000n\000e\000r\000g\000y\000\040\000L\000a\000n\000d\000s\000c\000a\000p\000e\000\040\000C\000o\000l\000l\000a\000p\000s\000e}{}% 31
\BOOKMARK [0][-]{appendix.I}{\376\377\000T\000o\000p\000o\000l\000o\000g\000y\000\040\000o\000f\000\040\000M\000o\000r\000a\000l\000\040\000V\000o\000r\000t\000i\000c\000e\000s}{}% 32
\BOOKMARK [0][-]{appendix.J}{\376\377\000I\000n\000f\000o\000r\000m\000a\000t\000i\000o\000n\000\040\000M\000o\000n\000o\000p\000o\000l\000e\000s\000\040\000a\000n\000d\000\040\000F\000i\000e\000l\000d\000\040\000C\000e\000n\000t\000r\000a\000l\000i\000z\000a\000t\000i\000o\000n}{}% 33
\BOOKMARK [0][-]{appendix.K}{\376\377\000L\000L\000M\000s\000\040\000a\000s\000\040\000L\000o\000w\000-\000C\000u\000r\000v\000a\000t\000u\000r\000e\000\040\000S\000e\000m\000a\000n\000t\000i\000c\000\040\000S\000u\000r\000f\000a\000c\000e\000s}{}% 34
\BOOKMARK [0][-]{appendix.L}{\376\377\000E\000t\000h\000i\000c\000a\000l\000\040\000G\000r\000a\000d\000i\000e\000n\000t\000\040\000F\000l\000o\000w\000\040\000a\000n\000d\000\040\000L\000e\000g\000a\000l\000\040\000C\000o\000u\000n\000t\000e\000r\000f\000o\000r\000c\000e\000s}{}% 35
\BOOKMARK [0][-]{appendix.M}{\376\377\000C\000r\000i\000t\000i\000c\000a\000l\000i\000t\000y\000\040\000o\000f\000\040\000P\000r\000e\000d\000i\000c\000t\000i\000v\000e\000\040\000C\000o\000n\000t\000r\000o\000l}{}% 36
\BOOKMARK [0][-]{appendix.N}{\376\377\000R\000e\000s\000t\000o\000r\000i\000n\000g\000\040\000P\000l\000e\000n\000u\000m\000\040\000C\000o\000h\000e\000r\000e\000n\000c\000e}{}% 37
\BOOKMARK [0][-]{appendix.O}{\376\377\000S\000u\000m\000m\000a\000r\000y\000\040\000o\000f\000\040\000F\000i\000e\000l\000d\000\040\000F\000a\000i\000l\000u\000r\000e\000\040\000M\000o\000d\000e\000s}{}% 38
\BOOKMARK [0][-]{appendix.P}{\376\377\000G\000l\000o\000s\000s\000a\000r\000y\000\040\000o\000f\000\040\000R\000S\000V\000P\000\040\000T\000e\000r\000m\000s}{}% 39
\BOOKMARK [0][-]{appendix.Q}{\376\377\000C\000o\000n\000c\000l\000u\000d\000i\000n\000g\000\040\000F\000i\000e\000l\000d\000\040\000L\000a\000w}{}% 40
