\BOOKMARK [1][-]{section.1}{\376\377\000I\000n\000t\000r\000o\000d\000u\000c\000t\000i\000o\000n}{}% 1
\BOOKMARK [2][-]{subsection.1.1}{\376\377\000H\000i\000s\000t\000o\000r\000i\000c\000a\000l\000\040\000a\000n\000d\000\040\000P\000h\000i\000l\000o\000s\000o\000p\000h\000i\000c\000a\000l\000\040\000C\000o\000n\000t\000e\000x\000t}{section.1}% 2
\BOOKMARK [2][-]{subsection.1.2}{\376\377\000M\000o\000t\000i\000v\000a\000t\000i\000o\000n\000\040\000a\000n\000d\000\040\000S\000c\000o\000p\000e}{section.1}% 3
\BOOKMARK [1][-]{section.2}{\376\377\000F\000o\000u\000n\000d\000a\000t\000i\000o\000n\000a\000l\000\040\000D\000e\000f\000i\000n\000i\000t\000i\000o\000n\000s}{}% 4
\BOOKMARK [1][-]{section.3}{\376\377\000C\000o\000r\000e\000\040\000M\000a\000t\000h\000e\000m\000a\000t\000i\000c\000a\000l\000\040\000F\000r\000a\000m\000e\000w\000o\000r\000k}{}% 5
\BOOKMARK [2][-]{subsection.3.1}{\376\377\000R\000S\000V\000P\000\040\000F\000i\000e\000l\000d\000\040\000E\000q\000u\000a\000t\000i\000o\000n\000s}{section.3}% 6
\BOOKMARK [2][-]{subsection.3.2}{\376\377\000E\000n\000e\000r\000g\000y\000-\000M\000o\000m\000e\000n\000t\000u\000m\000\040\000C\000o\000n\000s\000e\000r\000v\000a\000t\000i\000o\000n}{section.3}% 7
\BOOKMARK [2][-]{subsection.3.3}{\376\377\000E\000n\000t\000r\000o\000p\000y\000\040\000C\000o\000n\000t\000i\000n\000u\000i\000t\000y}{section.3}% 8
\BOOKMARK [2][-]{subsection.3.4}{\376\377\000D\000e\000r\000i\000v\000e\000d\000\040\000G\000e\000o\000m\000e\000t\000r\000y\000\040\000a\000n\000d\000\040\000B\000V\000\040\000F\000o\000r\000m\000a\000l\000i\000s\000m}{section.3}% 9
\BOOKMARK [2][-]{subsection.3.5}{\376\377\000G\000a\000u\000g\000e\000\040\000S\000y\000m\000m\000e\000t\000r\000y\000\040\000a\000n\000d\000\040\000M\000a\000s\000t\000e\000r\000\040\000A\000c\000t\000i\000o\000n}{section.3}% 10
\BOOKMARK [2][-]{subsection.3.6}{\376\377\000N\000o\000e\000t\000h\000e\000r\000\040\000C\000u\000r\000r\000e\000n\000t\000\040\000a\000n\000d\000\040\000C\000o\000n\000s\000e\000r\000v\000a\000t\000i\000o\000n\000\040\000L\000a\000w}{section.3}% 11
\BOOKMARK [2][-]{subsection.3.7}{\376\377\000D\000i\000m\000e\000n\000s\000i\000o\000n\000a\000l\000\040\000A\000n\000a\000l\000y\000s\000i\000s\000\040\000a\000n\000d\000\040\000F\000i\000e\000l\000d\000\040\000D\000o\000m\000a\000i\000n\000s}{section.3}% 12
\BOOKMARK [2][-]{subsection.3.8}{\376\377\000D\000i\000m\000e\000n\000s\000i\000o\000n\000a\000l\000\040\000C\000o\000n\000s\000i\000s\000t\000e\000n\000c\000y\000\040\000C\000h\000e\000c\000k}{section.3}% 13
\BOOKMARK [1][-]{section.4}{\376\377\000E\000n\000t\000r\000o\000p\000y\000\040\000a\000n\000d\000\040\000E\000m\000e\000r\000g\000e\000n\000t\000\040\000P\000h\000e\000n\000o\000m\000e\000n\000a}{}% 14
\BOOKMARK [1][-]{section.5}{\376\377\000S\000i\000m\000u\000l\000a\000t\000i\000o\000n\000\040\000a\000n\000d\000\040\000S\000y\000n\000t\000h\000e\000t\000i\000c\000\040\000E\000x\000p\000e\000r\000i\000m\000e\000n\000t\000s}{}% 15
\BOOKMARK [2][-]{subsection.5.1}{\376\377\000L\000a\000t\000t\000i\000c\000e\000\040\000a\000n\000d\000\040\000S\000p\000e\000c\000t\000r\000a\000l\000\040\000S\000o\000l\000v\000e\000r\000s}{section.5}% 16
\BOOKMARK [2][-]{subsection.5.2}{\376\377\000S\000t\000a\000t\000i\000s\000t\000i\000c\000a\000l\000\040\000a\000n\000d\000\040\000N\000u\000m\000e\000r\000i\000c\000a\000l\000\040\000P\000r\000o\000c\000e\000d\000u\000r\000e\000s}{section.5}% 17
\BOOKMARK [2][-]{subsection.5.3}{\376\377\000T\000i\000k\000Z\000\040\000L\000a\000t\000t\000i\000c\000e\000\040\000D\000i\000a\000g\000r\000a\000m}{section.5}% 18
\BOOKMARK [2][-]{subsection.5.4}{\376\377\000T\000i\000k\000Z\000\040\000B\000i\000f\000u\000r\000c\000a\000t\000i\000o\000n\000\040\000M\000a\000p}{section.5}% 19
\BOOKMARK [2][-]{subsection.5.5}{\376\377\000M\000o\000n\000t\000e\000\040\000C\000a\000r\000l\000o\000\040\000a\000n\000d\000\040\000S\000y\000n\000t\000h\000e\000t\000i\000c\000\040\000E\000x\000p\000e\000r\000i\000m\000e\000n\000t\000s}{section.5}% 20
\BOOKMARK [2][-]{subsection.5.6}{\376\377\000W\000o\000r\000k\000e\000d\000\040\000S\000i\000m\000u\000l\000a\000t\000i\000o\000n\000\040\000E\000x\000a\000m\000p\000l\000e}{section.5}% 21
\BOOKMARK [1][-]{section.6}{\376\377\000A\000n\000a\000l\000y\000t\000i\000c\000a\000l\000\040\000a\000n\000d\000\040\000U\000t\000i\000l\000i\000t\000y\000\040\000T\000o\000o\000l\000s}{}% 22
\BOOKMARK [1][-]{section.7}{\376\377\000C\000o\000n\000c\000e\000p\000t\000u\000a\000l\000\040\000I\000n\000t\000e\000g\000r\000a\000t\000i\000o\000n\000:\000\040\000C\000o\000s\000m\000o\000l\000o\000g\000y\000,\000\040\000C\000o\000g\000n\000i\000t\000i\000o\000n\000,\000\040\000a\000n\000d\000\040\000C\000i\000v\000i\000l\000i\000z\000a\000t\000i\000o\000n}{}% 23
\BOOKMARK [2][-]{subsection.7.1}{\376\377\000C\000o\000s\000m\000o\000l\000o\000g\000i\000c\000a\000l\000\040\000M\000a\000p\000p\000i\000n\000g}{section.7}% 24
\BOOKMARK [2][-]{subsection.7.2}{\376\377\000C\000o\000g\000n\000i\000t\000i\000v\000e\000\040\000M\000a\000p\000p\000i\000n\000g}{section.7}% 25
\BOOKMARK [2][-]{subsection.7.3}{\376\377\000C\000i\000v\000i\000l\000i\000z\000a\000t\000i\000o\000n\000a\000l\000\040\000S\000y\000s\000t\000e\000m\000s}{section.7}% 26
\BOOKMARK [1][-]{section.8}{\376\377\000D\000i\000s\000c\000u\000s\000s\000i\000o\000n\000\040\000a\000n\000d\000\040\000I\000m\000p\000l\000i\000c\000a\000t\000i\000o\000n\000s}{}% 27
\BOOKMARK [1][-]{section.9}{\376\377\000F\000u\000t\000u\000r\000e\000\040\000D\000i\000r\000e\000c\000t\000i\000o\000n\000s\000\040\000a\000n\000d\000\040\000O\000p\000e\000n\000\040\000Q\000u\000e\000s\000t\000i\000o\000n\000s}{}% 28
\BOOKMARK [1][-]{section.10}{\376\377\000C\000o\000n\000c\000l\000u\000s\000i\000o\000n}{}% 29
\BOOKMARK [1][-]{appendix.A}{\376\377\000E\000u\000l\000e\000r\000-\000L\000a\000g\000r\000a\000n\000g\000e\000\040\000D\000e\000r\000i\000v\000a\000t\000i\000o\000n\000\040\000o\000f\000\040\000R\000S\000V\000P\000\040\000F\000i\000e\000l\000d\000\040\000E\000q\000u\000a\000t\000i\000o\000n\000s}{}% 30
\BOOKMARK [2][-]{subsection.A.1}{\376\377\000V\000a\000r\000i\000a\000t\000i\000o\000n\000\040\000w\000.\000r\000.\000t\000.\000\040}{appendix.A}% 31
\BOOKMARK [2][-]{subsection.A.2}{\376\377\000V\000a\000r\000i\000a\000t\000i\000o\000n\000\040\000w\000.\000r\000.\000t\000.\000\040\000S}{appendix.A}% 32
\BOOKMARK [2][-]{subsection.A.3}{\376\377\000V\000a\000r\000i\000a\000t\000i\000o\000n\000\040\000w\000.\000r\000.\000t\000.\000\040\000v}{appendix.A}% 33
\BOOKMARK [1][-]{appendix.B}{\376\377\000B\000V\000\040\000G\000h\000o\000s\000t\000\040\000S\000t\000r\000u\000c\000t\000u\000r\000e}{}% 34
\BOOKMARK [1][-]{appendix.C}{\376\377\000L\000y\000a\000p\000u\000n\000o\000v\000\040\000F\000u\000n\000c\000t\000i\000o\000n\000\040\000a\000n\000d\000\040\000S\000t\000a\000b\000i\000l\000i\000t\000y\000\040\000A\000n\000a\000l\000y\000s\000i\000s}{}% 35
\BOOKMARK [1][-]{appendix.D}{\376\377\000M\000a\000p\000p\000i\000n\000g\000\040\000t\000o\000\040\000C\000o\000s\000m\000o\000l\000o\000g\000i\000c\000a\000l\000\040\000O\000b\000s\000e\000r\000v\000a\000b\000l\000e\000s}{}% 36
\BOOKMARK [1][-]{appendix.E}{\376\377\000N\000e\000u\000r\000a\000l\000\040\000a\000n\000d\000\040\000S\000o\000c\000i\000e\000t\000a\000l\000\040\000M\000a\000p\000p\000i\000n\000g}{}% 37
\BOOKMARK [2][-]{subsection.E.1}{\376\377\000N\000e\000u\000r\000a\000l\000\040\000S\000y\000s\000t\000e\000m\000s}{appendix.E}% 38
\BOOKMARK [2][-]{subsection.E.2}{\376\377\000C\000i\000v\000i\000l\000i\000z\000a\000t\000i\000o\000n\000a\000l\000\040\000S\000y\000s\000t\000e\000m\000s}{appendix.E}% 39
\BOOKMARK [1][-]{appendix.F}{\376\377\000C\000o\000d\000e\000\040\000a\000n\000d\000\040\000L\000o\000g\000g\000i\000n\000g\000\040\000A\000p\000p\000e\000n\000d\000i\000x}{}% 40
\BOOKMARK [1][-]{appendix.G}{\376\377\000S\000t\000a\000t\000i\000s\000t\000i\000c\000a\000l\000\040\000A\000p\000p\000e\000n\000d\000i\000c\000e\000s\000\040\000\050\000C\040\023\000F\000\051}{}% 41
\BOOKMARK [1][-]{appendix.A}{\376\377\000E\000u\000l\000e\000r\000-\000L\000a\000g\000r\000a\000n\000g\000e\000\040\000D\000e\000r\000i\000v\000a\000t\000i\000o\000n\000\040\000o\000f\000\040\000R\000S\000V\000P\000\040\000F\000i\000e\000l\000d\000\040\000E\000q\000u\000a\000t\000i\000o\000n\000s}{}% 42
\BOOKMARK [2][-]{subsection.A.1}{\376\377\000V\000a\000r\000i\000a\000t\000i\000o\000n\000\040\000w\000.\000r\000.\000t\000.\000\040}{appendix.A}% 43
\BOOKMARK [2][-]{subsection.A.2}{\376\377\000V\000a\000r\000i\000a\000t\000i\000o\000n\000\040\000w\000.\000r\000.\000t\000.\000\040\000S}{appendix.A}% 44
\BOOKMARK [2][-]{subsection.A.3}{\376\377\000V\000a\000r\000i\000a\000t\000i\000o\000n\000\040\000w\000.\000r\000.\000t\000.\000\040\000v}{appendix.A}% 45
\BOOKMARK [1][-]{appendix.B}{\376\377\000B\000V\000\040\000G\000h\000o\000s\000t\000\040\000S\000t\000r\000u\000c\000t\000u\000r\000e}{}% 46
\BOOKMARK [1][-]{appendix.C}{\376\377\000L\000y\000a\000p\000u\000n\000o\000v\000\040\000F\000u\000n\000c\000t\000i\000o\000n\000\040\000a\000n\000d\000\040\000S\000t\000a\000b\000i\000l\000i\000t\000y\000\040\000A\000n\000a\000l\000y\000s\000i\000s}{}% 47
\BOOKMARK [1][-]{appendix.D}{\376\377\000M\000a\000p\000p\000i\000n\000g\000\040\000t\000o\000\040\000C\000o\000s\000m\000o\000l\000o\000g\000i\000c\000a\000l\000\040\000O\000b\000s\000e\000r\000v\000a\000b\000l\000e\000s}{}% 48
\BOOKMARK [1][-]{appendix.E}{\376\377\000N\000e\000u\000r\000a\000l\000\040\000a\000n\000d\000\040\000S\000o\000c\000i\000e\000t\000a\000l\000\040\000M\000a\000p\000p\000i\000n\000g}{}% 49
\BOOKMARK [2][-]{subsection.E.1}{\376\377\000N\000e\000u\000r\000a\000l\000\040\000S\000y\000s\000t\000e\000m\000s}{appendix.E}% 50
\BOOKMARK [2][-]{subsection.E.2}{\376\377\000C\000i\000v\000i\000l\000i\000z\000a\000t\000i\000o\000n\000a\000l\000\040\000S\000y\000s\000t\000e\000m\000s}{appendix.E}% 51
\BOOKMARK [1][-]{appendix.F}{\376\377\000C\000o\000d\000e\000\040\000a\000n\000d\000\040\000L\000o\000g\000g\000i\000n\000g\000\040\000A\000p\000p\000e\000n\000d\000i\000x}{}% 52
\BOOKMARK [1][-]{appendix.G}{\376\377\000S\000t\000a\000t\000i\000s\000t\000i\000c\000a\000l\000\040\000A\000p\000p\000e\000n\000d\000i\000c\000e\000s\000\040\000\050\000C\040\023\000F\000\051}{}% 53
