\BOOKMARK [1][-]{section.1}{\376\377\000I\000n\000t\000r\000o\000d\000u\000c\000t\000i\000o\000n}{}% 1
\BOOKMARK [1][-]{section.2}{\376\377\000T\000h\000e\000\040\000R\000S\000V\000P\000\040\000M\000a\000s\000t\000e\000r\000\040\000E\000q\000u\000a\000t\000i\000o\000n\000\040\000a\000n\000d\000\040\000F\000i\000e\000l\000d\000\040\000F\000o\000u\000n\000d\000a\000t\000i\000o\000n\000s}{}% 2
\BOOKMARK [2][-]{subsection.2.1}{\376\377\0001\000.\0001\000\040\000T\000h\000e\000\040\000S\000c\000a\000l\000a\000r\000\040\000P\000o\000t\000e\000n\000t\000i\000a\000l\000\040\003\246}{section.2}% 3
\BOOKMARK [2][-]{subsection.2.2}{\376\377\0001\000.\0002\000\040\000T\000h\000e\000\040\000V\000e\000c\000t\000o\000r\000\040\000F\000i\000e\000l\000d\000\040\000v}{section.2}% 4
\BOOKMARK [2][-]{subsection.2.3}{\376\377\0001\000.\0003\000\040\000T\000h\000e\000\040\000E\000n\000t\000r\000o\000p\000y\000\040\000F\000i\000e\000l\000d\000\040\000S}{section.2}% 5
\BOOKMARK [2][-]{subsection.2.4}{\376\377\0001\000.\0004\000\040\000T\000h\000e\000\040\000C\000o\000u\000p\000l\000e\000d\000\040\000R\000S\000V\000P\000\040\000M\000a\000s\000t\000e\000r\000\040\000S\000y\000s\000t\000e\000m}{section.2}% 6
\BOOKMARK [2][-]{subsection.2.5}{\376\377\0001\000.\0005\000\040\000R\000e\000d\000u\000c\000t\000i\000o\000n\000\040\000P\000a\000t\000h\000w\000a\000y\000s\000\040\000t\000o\000\040\000t\000h\000e\000\040\000L\000a\000b\000s}{section.2}% 7
\BOOKMARK [2][-]{subsection.2.6}{\376\377\0001\000.\0006\000\040\000T\000h\000e\000\040\000R\000S\000V\000P\000\040\000A\000c\000t\000i\000o\000n\000\040\000F\000u\000n\000c\000t\000i\000o\000n\000a\000l}{section.2}% 8
\BOOKMARK [2][-]{subsection.2.7}{\376\377\0001\000.\0007\000\040\000I\000n\000t\000e\000r\000p\000r\000e\000t\000i\000v\000e\000\040\000L\000a\000y\000e\000r}{section.2}% 9
\BOOKMARK [1][-]{section.3}{\376\377\000G\000r\000a\000d\000i\000e\000n\000t\000\040\000F\000l\000o\000w\000,\000\040\000D\000i\000v\000e\000r\000g\000e\000n\000c\000e\000\040\000M\000e\000c\000h\000a\000n\000i\000c\000s\000,\000\040\000a\000n\000d\000\040\000t\000h\000e\000\040\000S\000t\000r\000u\000c\000t\000u\000r\000e\000\040\000o\000f\000\040\000I\000n\000f\000l\000u\000e\000n\000c\000e}{}% 10
\BOOKMARK [2][-]{subsection.3.1}{\376\377\0002\000.\0001\000\040\000G\000r\000a\000d\000i\000e\000n\000t\000\040\000F\000l\000o\000w\000\040\000a\000s\000\040\000a\000\040\000S\000e\000m\000a\000n\000t\000i\000c\000\040\000D\000e\000s\000c\000e\000n\000t}{section.3}% 11
\BOOKMARK [2][-]{subsection.3.2}{\376\377\0002\000.\0002\000\040\000D\000i\000v\000e\000r\000g\000e\000n\000c\000e\000\040\000a\000s\000\040\000S\000t\000r\000u\000c\000t\000u\000r\000a\000l\000\040\000R\000e\000d\000i\000s\000t\000r\000i\000b\000u\000t\000i\000o\000n}{section.3}% 12
\BOOKMARK [2][-]{subsection.3.3}{\376\377\0002\000.\0003\000\040\000C\000u\000r\000l\000\040\000a\000n\000d\000\040\000V\000o\000r\000t\000i\000c\000i\000t\000y\000:\000\040\000R\000o\000t\000a\000t\000i\000o\000n\000a\000l\000\040\000S\000e\000m\000a\000n\000t\000i\000c\000s}{section.3}% 13
\BOOKMARK [2][-]{subsection.3.4}{\376\377\0002\000.\0004\000\040\000A\000n\000i\000s\000o\000t\000r\000o\000p\000y\000\040\000a\000n\000d\000\040\000D\000i\000r\000e\000c\000t\000i\000o\000n\000a\000l\000\040\000B\000i\000a\000s}{section.3}% 14
\BOOKMARK [2][-]{subsection.3.5}{\376\377\0002\000.\0005\000\040\000C\000o\000u\000p\000l\000e\000d\000\040\000T\000r\000a\000n\000s\000p\000o\000r\000t\000:\000\040\000T\000h\000e\000\040\000S\000e\000m\000a\000n\000t\000i\000c\000\040\000A\000d\000j\000o\000i\000n\000t}{section.3}% 15
\BOOKMARK [2][-]{subsection.3.6}{\376\377\0002\000.\0006\000\040\000D\000i\000v\000e\000r\000g\000e\000n\000c\000e\040\023\000C\000u\000r\000l\000\040\000D\000e\000c\000o\000m\000p\000o\000s\000i\000t\000i\000o\000n\000:\000\040\000S\000e\000m\000a\000n\000t\000i\000c\000\040\000H\000e\000l\000m\000h\000o\000l\000t\000z}{section.3}% 16
\BOOKMARK [2][-]{subsection.3.7}{\376\377\0002\000.\0007\000\040\000S\000t\000a\000b\000i\000l\000i\000t\000y\000\040\000a\000n\000d\000\040\000L\000y\000a\000p\000u\000n\000o\000v\000\040\000S\000t\000r\000u\000c\000t\000u\000r\000e}{section.3}% 17
\BOOKMARK [2][-]{subsection.3.8}{\376\377\0002\000.\0008\000\040\000P\000h\000a\000s\000e\000,\000\040\000F\000r\000e\000q\000u\000e\000n\000c\000y\000,\000\040\000a\000n\000d\000\040\000S\000y\000n\000c\000h\000r\000o\000n\000i\000z\000a\000t\000i\000o\000n}{section.3}% 18
\BOOKMARK [2][-]{subsection.3.9}{\376\377\0002\000.\0009\000\040\000C\000o\000n\000c\000l\000u\000d\000i\000n\000g\000\040\000S\000y\000n\000t\000h\000e\000s\000i\000s}{section.3}% 19
\BOOKMARK [1][-]{section.4}{\376\377\000E\000n\000t\000r\000o\000p\000y\000,\000\040\000D\000e\000c\000k\000-\0000\000,\000\040\000a\000n\000d\000\040\000D\000i\000s\000s\000i\000p\000a\000t\000i\000v\000e\000\040\000S\000t\000r\000u\000c\000t\000u\000r\000e}{}% 20
\BOOKMARK [2][-]{subsection.4.1}{\376\377\0003\000.\0001\000\040\000E\000n\000t\000r\000o\000p\000i\000c\000\040\000R\000e\000l\000a\000x\000a\000t\000i\000o\000n\000\040\000i\000n\000\040\000t\000h\000e\000\040\000P\000l\000e\000n\000u\000m}{section.4}% 21
\BOOKMARK [2][-]{subsection.4.2}{\376\377\0003\000.\0002\000\040\000T\000h\000e\000\040\000D\000e\000c\000k\000-\0000\000\040\000H\000y\000p\000o\000t\000h\000e\000s\000i\000s}{section.4}% 22
\BOOKMARK [2][-]{subsection.4.3}{\376\377\0003\000.\0003\000\040\000C\000o\000u\000p\000l\000e\000d\000\040\000E\000n\000t\000r\000o\000p\000y\040\023\000P\000o\000t\000e\000n\000t\000i\000a\000l\000\040\000D\000y\000n\000a\000m\000i\000c\000s}{section.4}% 23
\BOOKMARK [2][-]{subsection.4.4}{\376\377\0003\000.\0004\000\040\000D\000i\000s\000s\000i\000p\000a\000t\000i\000o\000n\000\040\000a\000s\000\040\000S\000e\000m\000a\000n\000t\000i\000c\000\040\000S\000m\000o\000o\000t\000h\000i\000n\000g}{section.4}% 24
\BOOKMARK [2][-]{subsection.4.5}{\376\377\0003\000.\0005\000\040\000E\000n\000t\000r\000o\000p\000y\000\040\000a\000s\000\040\000M\000e\000m\000o\000r\000y\000\040\000\050\000H\000y\000s\000t\000e\000r\000e\000s\000i\000s\000\051}{section.4}% 25
\BOOKMARK [2][-]{subsection.4.6}{\376\377\0003\000.\0006\000\040\000D\000e\000c\000k\000-\0000\000\040\000a\000s\000\040\000a\000\040\000P\000h\000a\000s\000e\000\040\000S\000p\000a\000c\000e\000\040\000D\000i\000m\000e\000n\000s\000i\000o\000n}{section.4}% 26
\BOOKMARK [2][-]{subsection.4.7}{\376\377\0003\000.\0007\000\040\000D\000i\000s\000s\000i\000p\000a\000t\000i\000v\000e\000\040\000B\000i\000f\000u\000r\000c\000a\000t\000i\000o\000n\000s}{section.4}% 27
\BOOKMARK [2][-]{subsection.4.8}{\376\377\0003\000.\0008\000\040\000E\000n\000t\000r\000o\000p\000y\000\040\000i\000n\000\040\000O\000b\000s\000e\000r\000v\000e\000r\000\040\000H\000o\000l\000o\000g\000r\000a\000p\000h\000y}{section.4}% 28
\BOOKMARK [2][-]{subsection.4.9}{\376\377\0003\000.\0009\000\040\000E\000n\000t\000r\000o\000p\000y\000-\000D\000r\000i\000v\000e\000n\000\040\000C\000y\000c\000l\000e\000s\000\040\000a\000n\000d\000\040\000S\000t\000r\000u\000c\000t\000u\000r\000a\000l\000\040\000R\000e\000n\000e\000w\000a\000l}{section.4}% 29
\BOOKMARK [2][-]{subsection.4.10}{\376\377\0003\000.\0001\0000\000\040\000C\000o\000n\000c\000l\000u\000d\000i\000n\000g\000\040\000S\000y\000n\000t\000h\000e\000s\000i\000s}{section.4}% 30
\BOOKMARK [1][-]{section.5}{\376\377\000P\000o\000t\000e\000n\000t\000i\000a\000l\000s\000,\000\040\000A\000t\000t\000r\000a\000c\000t\000o\000r\000s\000,\000\040\000a\000n\000d\000\040\000M\000o\000r\000a\000l\000\040\000G\000e\000o\000m\000e\000t\000r\000y}{}% 31
\BOOKMARK [2][-]{subsection.5.1}{\376\377\0004\000.\0001\000\040\000S\000c\000a\000l\000a\000r\000\040\000P\000o\000t\000e\000n\000t\000i\000a\000l\000s\000\040\000a\000n\000d\000\040\000S\000e\000m\000a\000n\000t\000i\000c\000\040\000C\000o\000n\000t\000o\000u\000r\000s}{section.5}% 32
\BOOKMARK [2][-]{subsection.5.2}{\376\377\0004\000.\0002\000\040\000A\000t\000t\000r\000a\000c\000t\000o\000r\000\040\000G\000e\000o\000m\000e\000t\000r\000y}{section.5}% 33
\BOOKMARK [2][-]{subsection.5.3}{\376\377\0004\000.\0003\000\040\000M\000o\000r\000a\000l\000\040\000G\000e\000o\000m\000e\000t\000r\000y\000\040\000i\000n\000\040\000L\000a\000b\000\040\0001\0003}{section.5}% 34
\BOOKMARK [2][-]{subsection.5.4}{\376\377\0004\000.\0004\000\040\000S\000e\000m\000a\000n\000t\000i\000c\000\040\000A\000t\000t\000r\000a\000c\000t\000o\000r\000s\000\040\000i\000n\000\040\000L\000a\000b\000\040\0002\0008}{section.5}% 35
\BOOKMARK [2][-]{subsection.5.5}{\376\377\0004\000.\0005\000\040\000B\000i\000f\000u\000r\000c\000a\000t\000i\000o\000n\000s\000\040\000o\000f\000\040\000C\000o\000n\000s\000c\000i\000o\000u\000s\000n\000e\000s\000s\000\040\000i\000n\000\040\000L\000a\000b\000\040\0002\0009}{section.5}% 36
\BOOKMARK [2][-]{subsection.5.6}{\376\377\0004\000.\0006\000\040\000P\000o\000t\000e\000n\000t\000i\000a\000l\000s\000\040\000a\000n\000d\000\040\000S\000t\000e\000g\000a\000n\000o\000g\000r\000a\000p\000h\000y\000\040\000\050\000L\000a\000b\000\040\0003\0002\000\051}{section.5}% 37
\BOOKMARK [2][-]{subsection.5.7}{\376\377\0004\000.\0007\000\040\000G\000e\000n\000e\000r\000a\000l\000\040\000T\000h\000e\000o\000r\000y\000\040\000o\000f\000\040\000S\000e\000m\000a\000n\000t\000i\000c\000\040\000P\000o\000t\000e\000n\000t\000i\000a\000l\000s}{section.5}% 38
\BOOKMARK [2][-]{subsection.5.8}{\376\377\0004\000.\0008\000\040\000C\000o\000n\000c\000l\000u\000d\000i\000n\000g\000\040\000R\000e\000m\000a\000r\000k\000s}{section.5}% 39
\BOOKMARK [1][-]{section.6}{\376\377\000V\000e\000c\000t\000o\000r\000\040\000F\000i\000e\000l\000d\000s\000,\000\040\000T\000r\000a\000n\000s\000p\000o\000r\000t\000,\000\040\000a\000n\000d\000\040\000V\000o\000r\000t\000i\000c\000i\000t\000y}{}% 40
\BOOKMARK [2][-]{subsection.6.1}{\376\377\0005\000.\0001\000\040\000T\000h\000e\000\040\000F\000u\000n\000d\000a\000m\000e\000n\000t\000a\000l\000\040\000E\000q\000u\000a\000t\000i\000o\000n\000\040\000o\000f\000\040\000S\000e\000m\000a\000n\000t\000i\000c\000\040\000F\000l\000o\000w}{section.6}% 41
\BOOKMARK [2][-]{subsection.6.2}{\376\377\0005\000.\0002\000\040\000T\000r\000a\000n\000s\000p\000o\000r\000t\000\040\000a\000n\000d\000\040\000t\000h\000e\000\040\000A\000d\000v\000e\000c\000t\000i\000o\000n\000\040\000O\000p\000e\000r\000a\000t\000o\000r}{section.6}% 42
\BOOKMARK [2][-]{subsection.6.3}{\376\377\0005\000.\0003\000\040\000V\000o\000r\000t\000i\000c\000i\000t\000y\000\040\000a\000n\000d\000\040\000R\000o\000t\000a\000t\000i\000o\000n\000a\000l\000\040\000C\000u\000r\000r\000e\000n\000t\000s}{section.6}% 43
\BOOKMARK [2][-]{subsection.6.4}{\376\377\0005\000.\0004\000\040\000C\000u\000r\000l\000\040\000a\000n\000d\000\040\000S\000e\000m\000a\000n\000t\000i\000c\000\040\000T\000o\000r\000s\000i\000o\000n}{section.6}% 44
\BOOKMARK [2][-]{subsection.6.5}{\376\377\0005\000.\0005\000\040\000F\000l\000o\000w\000l\000i\000n\000e\000s\000\040\000a\000n\000d\000\040\000N\000a\000t\000u\000r\000a\000l\000\040\000T\000r\000a\000n\000s\000f\000o\000r\000m\000a\000t\000i\000o\000n\000s\000\040\000\050\000L\000a\000b\000\040\0001\0006\000\051}{section.6}% 45
\BOOKMARK [2][-]{subsection.6.6}{\376\377\0005\000.\0006\000\040\000T\000r\000a\000n\000s\000p\000o\000r\000t\000\040\000o\000n\000\040\000G\000r\000a\000p\000h\000s\000\040\000\050\000L\000a\000b\000\040\0001\0008\000\051}{section.6}% 46
\BOOKMARK [2][-]{subsection.6.7}{\376\377\0005\000.\0007\000\040\000M\000i\000r\000r\000o\000r\000\040\000F\000e\000e\000d\000b\000a\000c\000k\000\040\000a\000n\000d\000\040\000P\000r\000e\000d\000i\000c\000t\000i\000v\000e\000\040\000F\000l\000o\000w\000\040\000\050\000L\000a\000b\000\040\0002\0007\000\051}{section.6}% 47
\BOOKMARK [2][-]{subsection.6.8}{\376\377\0005\000.\0008\000\040\000M\000o\000r\000p\000h\000o\000g\000e\000n\000\040\000T\000r\000a\000n\000s\000p\000o\000r\000t\000\040\000w\000i\000t\000h\000\040\000F\000l\000o\000w\000\040\000\050\000L\000a\000b\000\040\0003\0008\000\051}{section.6}% 48
\BOOKMARK [2][-]{subsection.6.9}{\376\377\0005\000.\0009\000\040\000A\000d\000a\000p\000t\000i\000v\000e\000\040\000C\000o\000u\000p\000l\000i\000n\000g\000\040\000i\000n\000\040\000K\000u\000r\000a\000m\000o\000t\000o\000\040\000E\000n\000s\000e\000m\000b\000l\000e\000s\000\040\000\050\000L\000a\000b\000\040\0003\0009\000\051}{section.6}% 49
\BOOKMARK [2][-]{subsection.6.10}{\376\377\0005\000.\0001\0000\000\040\000V\000e\000c\000t\000o\000r\000\040\000F\000l\000o\000w\000s\000\040\000i\000n\000\040\000P\000e\000r\000c\000e\000p\000t\000u\000a\000l\000\040\000R\000e\000c\000o\000n\000s\000t\000r\000u\000c\000t\000i\000o\000n\000\040\000\050\000L\000a\000b\000\040\0004\0000\000\051}{section.6}% 50
\BOOKMARK [2][-]{subsection.6.11}{\376\377\0005\000.\0001\0001\000\040\000S\000e\000m\000a\000n\000t\000i\000c\000\040\000T\000r\000a\000n\000s\000p\000o\000r\000t\000\040\000a\000s\000\040\000a\000\040\000U\000n\000i\000f\000y\000i\000n\000g\000\040\000M\000e\000c\000h\000a\000n\000i\000s\000m}{section.6}% 51
\BOOKMARK [2][-]{subsection.6.12}{\376\377\0005\000.\0001\0002\000\040\000C\000o\000n\000c\000l\000u\000s\000i\000o\000n}{section.6}% 52
\BOOKMARK [1][-]{section.7}{\376\377\000C\000o\000m\000p\000o\000s\000i\000t\000e\000\040\000S\000y\000s\000t\000e\000m\000s\000,\000\040\000H\000y\000p\000e\000r\000n\000e\000t\000w\000o\000r\000k\000s\000,\000\040\000a\000n\000d\000\040\000M\000u\000l\000t\000i\000-\000O\000b\000s\000e\000r\000v\000e\000r\000\040\000D\000y\000n\000a\000m\000i\000c\000s}{}% 53
\BOOKMARK [2][-]{subsection.7.1}{\376\377\0006\000.\0001\000\040\000L\000a\000y\000e\000r\000e\000d\000\040\000D\000y\000n\000a\000m\000i\000c\000s\000\040\000a\000n\000d\000\040\000M\000u\000l\000t\000i\000-\000F\000i\000e\000l\000d\000\040\000C\000o\000u\000p\000l\000i\000n\000g\000s}{section.7}% 54
\BOOKMARK [2][-]{subsection.7.2}{\376\377\0006\000.\0002\000\040\000T\000h\000e\000\040\000T\000A\000R\000T\000A\000N\000\040\000L\000a\000t\000t\000i\000c\000e\000\040\000\050\000L\000a\000b\000\040\0001\0001\000\051}{section.7}% 55
\BOOKMARK [2][-]{subsection.7.3}{\376\377\0006\000.\0003\000\040\000T\000h\000e\000\040\000T\000A\000R\000T\000A\000N\000\040\000H\000y\000p\000e\000r\000n\000e\000t\000w\000o\000r\000k\000\040\000\050\000L\000a\000b\000\040\0002\0004\000\051}{section.7}% 56
\BOOKMARK [2][-]{subsection.7.4}{\376\377\0006\000.\0004\000\040\000G\000r\000a\000p\000h\000-\000B\000a\000s\000e\000d\000\040\000C\000o\000g\000n\000i\000t\000i\000o\000n\000\040\000\050\000L\000a\000b\000\040\0001\0008\000\051}{section.7}% 57
\BOOKMARK [2][-]{subsection.7.5}{\376\377\0006\000.\0005\000\040\000M\000u\000l\000t\000i\000-\000O\000b\000s\000e\000r\000v\000e\000r\000\040\000C\000o\000n\000s\000c\000i\000o\000u\000s\000n\000e\000s\000s\000\040\000P\000a\000t\000h\000w\000a\000y\000s\000\040\000\050\000L\000a\000b\000\040\0002\0000\000\051}{section.7}% 58
\BOOKMARK [2][-]{subsection.7.6}{\376\377\0006\000.\0006\000\040\000O\000b\000s\000e\000r\000v\000e\000r\000\040\000H\000o\000l\000o\000g\000r\000a\000p\000h\000y\000\040\000\050\000L\000a\000b\000\040\0003\0005\000\051}{section.7}% 59
\BOOKMARK [2][-]{subsection.7.7}{\376\377\0006\000.\0007\000\040\000B\000V\000\040\000C\000o\000h\000o\000m\000o\000l\000o\000g\000y\000\040\000\050\000L\000a\000b\000\040\0003\0006\000\051}{section.7}% 60
\BOOKMARK [2][-]{subsection.7.8}{\376\377\0006\000.\0008\000\040\000M\000u\000l\000t\000i\000-\000O\000b\000s\000e\000r\000v\000e\000r\000\040\000S\000t\000e\000g\000a\000n\000o\000g\000r\000a\000p\000h\000i\000c\000\040\000R\000e\000c\000o\000n\000s\000t\000r\000u\000c\000t\000i\000o\000n\000\040\000\050\000L\000a\000b\000\040\0003\0007\000\051}{section.7}% 61
\BOOKMARK [2][-]{subsection.7.9}{\376\377\0006\000.\0009\000\040\000A\000d\000a\000p\000t\000i\000v\000e\000\040\000K\000u\000r\000a\000m\000o\000t\000o\000\040\000E\000n\000s\000e\000m\000b\000l\000e\000s\000\040\000\050\000L\000a\000b\000\040\0003\0009\000\051}{section.7}% 62
\BOOKMARK [2][-]{subsection.7.10}{\376\377\0006\000.\0001\0000\000\040\000P\000e\000r\000c\000e\000p\000t\000i\000o\000n\000\040\000a\000s\000\040\000C\000o\000m\000p\000o\000s\000i\000t\000e\000\040\000I\000n\000f\000e\000r\000e\000n\000c\000e\000\040\000\050\000L\000a\000b\000\040\0004\0000\000\051}{section.7}% 63
\BOOKMARK [2][-]{subsection.7.11}{\376\377\0006\000.\0001\0001\000\040\000S\000y\000n\000t\000h\000e\000s\000i\000s}{section.7}% 64
\BOOKMARK [1][-]{section.8}{\376\377\000C\000y\000c\000l\000e\000s\000,\000\040\000O\000s\000c\000i\000l\000l\000a\000t\000i\000o\000n\000s\000,\000\040\000a\000n\000d\000\040\000T\000e\000m\000p\000o\000r\000a\000l\000\040\000S\000t\000r\000u\000c\000t\000u\000r\000e}{}% 65
\BOOKMARK [2][-]{subsection.8.1}{\376\377\0007\000.\0001\000\040\000T\000h\000e\000\040\000O\000r\000i\000g\000i\000n\000\040\000o\000f\000\040\000C\000y\000c\000l\000e\000s\000\040\000i\000n\000\040\000G\000r\000a\000d\000i\000e\000n\000t\000\040\000S\000y\000s\000t\000e\000m\000s}{section.8}% 66
\BOOKMARK [2][-]{subsection.8.2}{\376\377\0007\000.\0002\000\040\000D\000e\000l\000a\000y\000e\000d\000\040\000F\000e\000e\000d\000b\000a\000c\000k\000\040\000O\000s\000c\000i\000l\000l\000a\000t\000o\000r\000s\000\040\000\050\000L\000a\000b\000\040\0001\0004\000\051}{section.8}% 67
\BOOKMARK [2][-]{subsection.8.3}{\376\377\0007\000.\0003\000\040\000T\000e\000m\000p\000o\000r\000a\000l\000\040\000A\000d\000j\000o\000i\000n\000t\000\040\000F\000l\000o\000w\000s\000\040\000\050\000L\000a\000b\000\040\0001\0007\000\051}{section.8}% 68
\BOOKMARK [2][-]{subsection.8.4}{\376\377\0007\000.\0004\000\040\000T\000e\000m\000p\000o\000r\000a\000l\000\040\000B\000r\000a\000i\000d\000\040\000O\000s\000c\000i\000l\000l\000a\000t\000o\000r\000s\000\040\000\050\000L\000a\000b\000\040\0002\0005\000\051}{section.8}% 69
\BOOKMARK [2][-]{subsection.8.5}{\376\377\0007\000.\0005\000\040\000B\000i\000f\000u\000r\000c\000a\000t\000i\000o\000n\000\040\000S\000t\000r\000u\000c\000t\000u\000r\000e\000\040\000i\000n\000\040\000R\000e\000d\000u\000c\000e\000d\000\040\000C\000o\000n\000s\000c\000i\000o\000u\000s\000n\000e\000s\000s\000\040\000M\000o\000d\000e\000l\000s\000\040\000\050\000L\000a\000b\000\040\0002\0009\000\051}{section.8}% 70
\BOOKMARK [2][-]{subsection.8.6}{\376\377\0007\000.\0006\000\040\000H\000o\000m\000e\000o\000s\000t\000a\000t\000i\000c\000\040\000L\000e\000a\000r\000n\000i\000n\000g\000\040\000C\000y\000c\000l\000e\000s\000\040\000\050\000L\000a\000b\000\040\0003\0000\000\051}{section.8}% 71
\BOOKMARK [2][-]{subsection.8.7}{\376\377\0007\000.\0007\000\040\000T\000h\000e\000\040\000R\000S\000V\000P\000\040\000V\000i\000e\000w\000\040\000o\000f\000\040\000T\000e\000m\000p\000o\000r\000a\000l\000\040\000O\000r\000g\000a\000n\000i\000z\000a\000t\000i\000o\000n}{section.8}% 72
\BOOKMARK [2][-]{subsection.8.8}{\376\377\0007\000.\0008\000\040\000S\000y\000n\000t\000h\000e\000s\000i\000s}{section.8}% 73
\BOOKMARK [1][-]{section.9}{\376\377\000O\000b\000s\000e\000r\000v\000a\000t\000i\000o\000n\000,\000\040\000H\000o\000l\000o\000g\000r\000a\000p\000h\000y\000,\000\040\000a\000n\000d\000\040\000I\000n\000f\000e\000r\000e\000n\000c\000e}{}% 74
\BOOKMARK [2][-]{subsection.9.1}{\376\377\0008\000.\0001\000\040\000T\000h\000e\000\040\000R\000S\000V\000P\000\040\000P\000h\000i\000l\000o\000s\000o\000p\000h\000y\000\040\000o\000f\000\040\000O\000b\000s\000e\000r\000v\000a\000t\000i\000o\000n}{section.9}% 75
\BOOKMARK [2][-]{subsection.9.2}{\376\377\0008\000.\0002\000\040\000H\000o\000l\000o\000g\000r\000a\000p\000h\000i\000c\000\040\000S\000l\000i\000c\000i\000n\000g\000\040\000o\000f\000\040\000t\000h\000e\000\040\000P\000l\000e\000n\000u\000m\000\040\000\050\000L\000a\000b\000\040\0002\0002\000\051}{section.9}% 76
\BOOKMARK [2][-]{subsection.9.3}{\376\377\0008\000.\0003\000\040\000S\000t\000e\000g\000a\000n\000o\000g\000r\000a\000p\000h\000y\000\040\000i\000n\000\040\000t\000h\000e\000\040\000P\000l\000e\000n\000u\000m\000\040\000\050\000L\000a\000b\000\040\0003\0002\000\051}{section.9}% 77
\BOOKMARK [2][-]{subsection.9.4}{\376\377\0008\000.\0004\000\040\000P\000r\000o\000j\000e\000c\000t\000i\000o\000n\000\040\000M\000a\000n\000i\000f\000o\000l\000d\000s\000\040\000a\000n\000d\000\040\000O\000b\000s\000e\000r\000v\000e\000r\000\040\000G\000e\000o\000m\000e\000t\000r\000y\000\040\000\050\000L\000a\000b\000\040\0003\0005\000\051}{section.9}% 78
\BOOKMARK [2][-]{subsection.9.5}{\376\377\0008\000.\0005\000\040\000M\000u\000l\000t\000i\000-\000O\000b\000s\000e\000r\000v\000e\000r\000\040\000R\000e\000c\000o\000n\000s\000t\000r\000u\000c\000t\000i\000o\000n\000\040\000a\000n\000d\000\040\000S\000e\000c\000r\000e\000t\000\040\000S\000h\000a\000r\000i\000n\000g\000\040\000\050\000L\000a\000b\000\040\0003\0007\000\051}{section.9}% 79
\BOOKMARK [2][-]{subsection.9.6}{\376\377\0008\000.\0006\000\040\000B\000a\000y\000e\000s\000i\000a\000n\000\040\000P\000e\000r\000c\000e\000p\000t\000i\000o\000n\000\040\000a\000n\000d\000\040\000H\000a\000l\000l\000u\000c\000i\000n\000a\000t\000i\000o\000n\000\040\000\050\000L\000a\000b\000\040\0004\0000\000\051}{section.9}% 80
\BOOKMARK [2][-]{subsection.9.7}{\376\377\0008\000.\0007\000\040\000T\000h\000e\000\040\000R\000S\000V\000P\000\040\000T\000h\000e\000o\000r\000y\000\040\000o\000f\000\040\000O\000b\000s\000e\000r\000v\000e\000r\000\040\000D\000e\000p\000e\000n\000d\000e\000n\000c\000e}{section.9}% 81
\BOOKMARK [2][-]{subsection.9.8}{\376\377\0008\000.\0008\000\040\000S\000y\000n\000t\000h\000e\000s\000i\000s}{section.9}% 82
\BOOKMARK [1][-]{section.10}{\376\377\000N\000e\000t\000w\000o\000r\000k\000s\000,\000\040\000D\000i\000f\000f\000u\000s\000i\000o\000n\000,\000\040\000a\000n\000d\000\040\000S\000e\000m\000a\000n\000t\000i\000c\000\040\000E\000n\000e\000r\000g\000y}{}% 83
\BOOKMARK [2][-]{subsection.10.1}{\376\377\0009\000.\0001\000\040\000S\000e\000m\000a\000n\000t\000i\000c\000\040\000N\000e\000t\000w\000o\000r\000k\000s\000\040\000a\000s\000\040\000D\000i\000s\000c\000r\000e\000t\000i\000z\000e\000d\000\040\000P\000l\000e\000n\000u\000m\000\040\000S\000l\000i\000c\000e\000s}{section.10}% 84
\BOOKMARK [2][-]{subsection.10.2}{\376\377\0009\000.\0002\000\040\000C\000a\000t\000e\000g\000o\000r\000i\000c\000a\000l\000\040\000F\000l\000o\000w\000f\000i\000e\000l\000d\000s\000\040\000\050\000L\000a\000b\000\040\0001\0006\000\051}{section.10}% 85
\BOOKMARK [2][-]{subsection.10.3}{\376\377\0009\000.\0003\000\040\000R\000e\000c\000i\000p\000r\000o\000c\000i\000t\000y\000\040\000E\000v\000o\000l\000u\000t\000i\000o\000n\000\040\000\050\000L\000a\000b\000\040\0002\0003\000\051}{section.10}% 86
\BOOKMARK [2][-]{subsection.10.4}{\376\377\0009\000.\0004\000\040\000V\000o\000r\000t\000i\000c\000i\000t\000y\000\040\000a\000n\000d\000\040\000P\000l\000e\000n\000u\000m\000\040\000C\000u\000r\000l\000\040\000\050\000L\000a\000b\000\040\0002\0007\000\051}{section.10}% 87
\BOOKMARK [2][-]{subsection.10.5}{\376\377\0009\000.\0005\000\040\000S\000e\000m\000a\000n\000t\000i\000c\000\040\000A\000t\000t\000r\000a\000c\000t\000o\000r\000s\000\040\000\050\000L\000a\000b\000\040\0002\0008\000\051}{section.10}% 88
\BOOKMARK [2][-]{subsection.10.6}{\376\377\0009\000.\0006\000\040\000B\000i\000f\000u\000r\000c\000a\000t\000i\000o\000n\000s\000\040\000i\000n\000\040\000C\000o\000n\000s\000c\000i\000o\000u\000s\000\040\000D\000y\000n\000a\000m\000i\000c\000s\000\040\000\050\000L\000a\000b\000\040\0002\0009\000\051}{section.10}% 89
\BOOKMARK [2][-]{subsection.10.7}{\376\377\0009\000.\0007\000\040\000R\000e\000a\000c\000t\000i\000o\000n\040\023\000D\000i\000f\000f\000u\000s\000i\000o\000n\000\040\000M\000o\000r\000p\000h\000o\000g\000e\000n\000e\000s\000i\000s\000\040\000\050\000L\000a\000b\000\040\0003\0008\000\051}{section.10}% 90
\BOOKMARK [2][-]{subsection.10.8}{\376\377\0009\000.\0008\000\040\000E\000m\000e\000r\000g\000e\000n\000t\000\040\000S\000e\000m\000a\000n\000t\000i\000c\000\040\000G\000e\000o\000m\000e\000t\000r\000y}{section.10}% 91
\BOOKMARK [2][-]{subsection.10.9}{\376\377\0009\000.\0009\000\040\000S\000y\000n\000t\000h\000e\000s\000i\000s}{section.10}% 92
\BOOKMARK [1][-]{section.11}{\376\377\000L\000e\000a\000r\000n\000i\000n\000g\000,\000\040\000M\000e\000m\000o\000r\000y\000,\000\040\000a\000n\000d\000\040\000H\000o\000m\000e\000o\000s\000t\000a\000s\000i\000s}{}% 93
\BOOKMARK [2][-]{subsection.11.1}{\376\377\0001\0000\000.\0001\000\040\000T\000h\000e\000\040\000L\000e\000a\000r\000n\000i\000n\000g\000\040\000M\000a\000n\000i\000f\000o\000l\000d\000:\000\040\000F\000r\000o\000m\000\040\000N\000e\000u\000r\000a\000l\000\040\000D\000y\000n\000a\000m\000i\000c\000s\000\040\000t\000o\000\040\000F\000i\000e\000l\000d\000\040\000G\000e\000o\000m\000e\000t\000r\000y}{section.11}% 94
\BOOKMARK [2][-]{subsection.11.2}{\376\377\0001\0000\000.\0002\000\040\000M\000e\000m\000o\000r\000y\000\040\000a\000s\000\040\000R\000e\000t\000e\000n\000t\000i\000o\000n\000\040\000o\000f\000\040\000G\000r\000a\000d\000i\000e\000n\000t\000s\000\040\000\050\000L\000a\000b\000\040\0002\0006\000,\000\040\000L\000a\000b\000\040\0002\0007\000\051}{section.11}% 95
\BOOKMARK [2][-]{subsection.11.3}{\376\377\0001\0000\000.\0003\000\040\000H\000o\000m\000e\000o\000s\000t\000a\000s\000i\000s\000\040\000a\000s\000\040\000C\000o\000n\000s\000t\000r\000a\000i\000n\000t\000\040\000E\000n\000f\000o\000r\000c\000e\000m\000e\000n\000t\000\040\000\050\000L\000a\000b\000\040\0003\0000\000\051}{section.11}% 96
\BOOKMARK [2][-]{subsection.11.4}{\376\377\0001\0000\000.\0004\000\040\000T\000h\000e\000\040\000R\000S\000V\000P\000\040\000L\000e\000a\000r\000n\000i\000n\000g\000\040\000E\000q\000u\000a\000t\000i\000o\000n}{section.11}% 97
\BOOKMARK [2][-]{subsection.11.5}{\376\377\0001\0000\000.\0005\000\040\000S\000t\000a\000b\000i\000l\000i\000t\000y\000,\000\040\000C\000a\000t\000a\000s\000t\000r\000o\000p\000h\000e\000,\000\040\000a\000n\000d\000\040\000F\000o\000r\000g\000e\000t\000t\000i\000n\000g}{section.11}% 98
\BOOKMARK [2][-]{subsection.11.6}{\376\377\0001\0000\000.\0006\000\040\000L\000e\000a\000r\000n\000i\000n\000g\000\040\000a\000s\000\040\000M\000o\000r\000p\000h\000o\000g\000e\000n\000e\000s\000i\000s\000\040\000i\000n\000\040\000S\000e\000m\000a\000n\000t\000i\000c\000\040\000S\000p\000a\000c\000e}{section.11}% 99
\BOOKMARK [2][-]{subsection.11.7}{\376\377\0001\0000\000.\0007\000\040\000S\000y\000n\000t\000h\000e\000s\000i\000s}{section.11}% 100
\BOOKMARK [1][-]{section.12}{\376\377\000O\000b\000s\000e\000r\000v\000e\000r\000s\000,\000\040\000H\000o\000l\000o\000g\000r\000a\000p\000h\000y\000,\000\040\000a\000n\000d\000\040\000P\000e\000r\000c\000e\000p\000t\000i\000o\000n}{}% 101
\BOOKMARK [2][-]{subsection.12.1}{\376\377\0001\0001\000.\0001\000\040\000P\000r\000o\000j\000e\000c\000t\000i\000o\000n\000\040\000a\000s\000\040\000t\000h\000e\000\040\000E\000s\000s\000e\000n\000c\000e\000\040\000o\000f\000\040\000O\000b\000s\000e\000r\000v\000a\000t\000i\000o\000n}{section.12}% 102
\BOOKMARK [2][-]{subsection.12.2}{\376\377\0001\0001\000.\0002\000\040\000T\000e\000m\000p\000o\000r\000a\000l\000\040\000A\000d\000j\000o\000i\000n\000t\000:\000\040\000P\000e\000r\000c\000e\000p\000t\000i\000o\000n\000\040\000R\000u\000n\000s\000\040\000B\000o\000t\000h\000\040\000W\000a\000y\000s\000\040\000\050\000L\000a\000b\000\040\0001\0007\000\051}{section.12}% 103
\BOOKMARK [2][-]{subsection.12.3}{\376\377\0001\0001\000.\0003\000\040\0003\000D\000\040\000H\000o\000l\000o\000g\000r\000a\000p\000h\000y\000\040\000a\000n\000d\000\040\000t\000h\000e\000\040\000C\000o\000l\000l\000a\000p\000s\000e\000\040\000o\000f\000\040\000D\000e\000t\000a\000i\000l\000\040\000\050\000L\000a\000b\000\040\0003\0005\000\051}{section.12}% 104
\BOOKMARK [2][-]{subsection.12.4}{\376\377\0001\0001\000.\0004\000\040\000H\000o\000l\000o\000g\000r\000a\000p\000h\000i\000c\000\040\000S\000t\000e\000g\000a\000n\000o\000g\000r\000a\000p\000h\000y\000\040\000a\000n\000d\000\040\000H\000i\000d\000d\000e\000n\000\040\000S\000t\000r\000u\000c\000t\000u\000r\000e\000\040\000\050\000L\000a\000b\000s\000\040\0003\0002\000,\000\040\0003\0007\000\051}{section.12}% 105
\BOOKMARK [2][-]{subsection.12.5}{\376\377\0001\0001\000.\0005\000\040\000S\000y\000n\000c\000h\000r\000o\000n\000i\000z\000a\000t\000i\000o\000n\000\040\000a\000n\000d\000\040\000M\000e\000t\000a\000-\000O\000b\000s\000e\000r\000v\000e\000r\000s\000\040\000\050\000L\000a\000b\000\040\0003\0009\000\051}{section.12}% 106
\BOOKMARK [2][-]{subsection.12.6}{\376\377\0001\0001\000.\0006\000\040\000B\000a\000y\000e\000s\000i\000a\000n\000\040\000P\000e\000r\000c\000e\000p\000t\000i\000o\000n\000\040\000a\000n\000d\000\040\000H\000a\000l\000l\000u\000c\000i\000n\000a\000t\000i\000o\000n\000\040\000\050\000L\000a\000b\000\040\0004\0000\000\051}{section.12}% 107
\BOOKMARK [2][-]{subsection.12.7}{\376\377\0001\0001\000.\0007\000\040\000A\000\040\000U\000n\000i\000f\000i\000e\000d\000\040\000P\000e\000r\000c\000e\000p\000t\000u\000a\000l\000\040\000E\000q\000u\000a\000t\000i\000o\000n}{section.12}% 108
\BOOKMARK [2][-]{subsection.12.8}{\376\377\0001\0001\000.\0008\000\040\000I\000n\000f\000o\000r\000m\000a\000t\000i\000o\000n\000\040\000L\000o\000s\000s\000\040\000a\000n\000d\000\040\000O\000b\000s\000e\000r\000v\000e\000r\000\040\000B\000i\000a\000s}{section.12}% 109
\BOOKMARK [2][-]{subsection.12.9}{\376\377\0001\0001\000.\0009\000\040\000S\000y\000n\000t\000h\000e\000s\000i\000s}{section.12}% 110
\BOOKMARK [1][-]{section.13}{\376\377\000F\000i\000e\000l\000d\000\040\000T\000o\000p\000o\000l\000o\000g\000y\000,\000\040\000B\000r\000a\000i\000d\000s\000,\000\040\000a\000n\000d\000\040\000C\000a\000t\000e\000g\000o\000r\000i\000c\000a\000l\000\040\000S\000t\000r\000u\000c\000t\000u\000r\000e}{}% 111
\BOOKMARK [2][-]{subsection.13.1}{\376\377\0001\0002\000.\0001\000\040\000M\000o\000r\000p\000h\000i\000s\000m\000s\000\040\000a\000s\000\040\000C\000o\000n\000t\000i\000n\000u\000o\000u\000s\000\040\000F\000l\000o\000w\000s\000\040\000\050\000L\000a\000b\000\040\0001\0006\000\051}{section.13}% 112
\BOOKMARK [2][-]{subsection.13.2}{\376\377\0001\0002\000.\0002\000\040\000F\000u\000n\000c\000t\000o\000r\000\040\000F\000i\000e\000l\000d\000\040\000C\000o\000l\000l\000i\000s\000i\000o\000n\000s\000\040\000\050\000L\000a\000b\000s\000\040\0002\0001\000\040\000a\000n\000d\000\040\0003\0001\000\051}{section.13}% 113
\BOOKMARK [2][-]{subsection.13.3}{\376\377\0001\0002\000.\0003\000\040\000B\000r\000a\000i\000d\000s\000,\000\040\000T\000e\000n\000s\000o\000r\000\040\000C\000r\000o\000s\000s\000i\000n\000g\000,\000\040\000a\000n\000d\000\040\000H\000y\000p\000e\000r\000n\000e\000t\000w\000o\000r\000k\000\040\000T\000o\000p\000o\000l\000o\000g\000y\000\040\000\050\000L\000a\000b\000\040\0002\0004\000\040\000a\000n\000d\000\040\0003\0004\000\051}{section.13}% 114
\BOOKMARK [2][-]{subsection.13.4}{\376\377\0001\0002\000.\0004\000\040\000D\000i\000s\000s\000o\000l\000u\000t\000i\000o\000n\000\040\000o\000f\000\040\000T\000o\000p\000o\000l\000o\000g\000i\000c\000a\000l\000\040\000S\000t\000r\000u\000c\000t\000u\000r\000e}{section.13}% 115
\BOOKMARK [2][-]{subsection.13.5}{\376\377\0001\0002\000.\0005\000\040\000B\000V\000\040\000C\000o\000h\000o\000m\000o\000l\000o\000g\000y\000\040\000a\000n\000d\000\040\000S\000e\000m\000a\000n\000t\000i\000c\000\040\000I\000n\000v\000a\000r\000i\000a\000n\000t\000s\000\040\000\050\000L\000a\000b\000\040\0003\0006\000\051}{section.13}% 116
\BOOKMARK [2][-]{subsection.13.6}{\376\377\0001\0002\000.\0006\000\040\000F\000r\000o\000m\000\040\000B\000r\000a\000i\000d\000s\000\040\000t\000o\000\040\000C\000o\000h\000o\000m\000o\000l\000o\000g\000y}{section.13}% 117
\BOOKMARK [2][-]{subsection.13.7}{\376\377\0001\0002\000.\0007\000\040\000P\000h\000a\000s\000e\000\040\000T\000r\000a\000n\000s\000i\000t\000i\000o\000n\000s\000\040\000i\000n\000\040\000C\000a\000t\000e\000g\000o\000r\000i\000c\000a\000l\000\040\000S\000p\000a\000c\000e}{section.13}% 118
\BOOKMARK [2][-]{subsection.13.8}{\376\377\0001\0002\000.\0008\000\040\000C\000a\000t\000e\000g\000o\000r\000i\000c\000a\000l\000\040\000T\000o\000p\000o\000l\000o\000g\000y\000\040\000a\000s\000\040\000a\000\040\000M\000o\000d\000e\000\040\000o\000f\000\040\000M\000e\000m\000o\000r\000y}{section.13}% 119
\BOOKMARK [2][-]{subsection.13.9}{\376\377\0001\0002\000.\0009\000\040\000S\000y\000n\000t\000h\000e\000s\000i\000s}{section.13}% 120
\BOOKMARK [1][-]{section.14}{\376\377\000D\000i\000s\000s\000i\000p\000a\000t\000i\000v\000e\000\040\000G\000e\000o\000m\000e\000t\000r\000y\000,\000\040\000M\000o\000r\000p\000h\000o\000g\000e\000n\000e\000s\000i\000s\000,\000\040\000a\000n\000d\000\040\000N\000e\000g\000e\000n\000t\000r\000o\000p\000y}{}% 121
\BOOKMARK [2][-]{subsection.14.1}{\376\377\0001\0003\000.\0001\000\040\000D\000i\000s\000s\000i\000p\000a\000t\000i\000v\000e\000\040\000D\000y\000n\000a\000m\000i\000c\000s\000\040\000i\000n\000\040\000t\000h\000e\000\040\000P\000l\000e\000n\000u\000m}{section.14}% 122
\BOOKMARK [2][-]{subsection.14.2}{\376\377\0001\0003\000.\0002\000\040\000R\000e\000a\000c\000t\000i\000o\000n\040\023\000D\000i\000f\000f\000u\000s\000i\000o\000n\000\040\000a\000n\000d\000\040\000M\000o\000r\000p\000h\000o\000g\000e\000n\000e\000s\000i\000s\000\040\000\050\000L\000a\000b\000\040\0001\0009\000\051}{section.14}% 123
\BOOKMARK [2][-]{subsection.14.3}{\376\377\0001\0003\000.\0003\000\040\000A\000n\000i\000s\000o\000t\000r\000o\000p\000i\000c\000\040\000F\000l\000o\000w\000s\000\040\000a\000n\000d\000\040\000D\000i\000r\000e\000c\000t\000e\000d\000\040\000F\000o\000r\000m\000a\000t\000i\000o\000n\000\040\000\050\000L\000a\000b\000\040\0003\0008\000\051}{section.14}% 124
\BOOKMARK [2][-]{subsection.14.4}{\376\377\0001\0003\000.\0004\000\040\000F\000u\000n\000c\000t\000o\000r\000\040\000C\000o\000l\000l\000i\000s\000i\000o\000n\000s\000\040\000a\000n\000d\000\040\000D\000i\000s\000s\000i\000p\000a\000t\000i\000v\000e\000\040\000S\000h\000o\000c\000k\000w\000a\000v\000e\000s\000\040\000\050\000L\000a\000b\000\040\0002\0001\000\051}{section.14}% 125
\BOOKMARK [2][-]{subsection.14.5}{\376\377\0001\0003\000.\0005\000\040\000T\000A\000R\000T\000A\000N\000\040\000H\000y\000p\000e\000r\000n\000e\000t\000w\000o\000r\000k\000\040\000a\000n\000d\000\040\000T\000e\000n\000s\000o\000r\000\040\000G\000e\000o\000m\000e\000t\000r\000i\000e\000s\000\040\000\050\000L\000a\000b\000s\000\040\0002\0004\000\040\000a\000n\000d\000\040\0003\0004\000\051}{section.14}% 126
\BOOKMARK [2][-]{subsection.14.6}{\376\377\0001\0003\000.\0006\000\040\000D\000i\000s\000s\000i\000p\000a\000t\000i\000o\000n\000\040\000a\000s\000\040\000a\000\040\000U\000n\000i\000f\000y\000i\000n\000g\000\040\000M\000e\000c\000h\000a\000n\000i\000s\000m}{section.14}% 127
\BOOKMARK [2][-]{subsection.14.7}{\376\377\0001\0003\000.\0007\000\040\000N\000e\000g\000e\000n\000t\000r\000o\000p\000y\000\040\000a\000s\000\040\000C\000r\000e\000a\000t\000i\000o\000n\000\040\000o\000f\000\040\000F\000o\000r\000m}{section.14}% 128
\BOOKMARK [2][-]{subsection.14.8}{\376\377\0001\0003\000.\0008\000\040\000D\000i\000s\000s\000i\000p\000a\000t\000i\000v\000e\000\040\000G\000e\000o\000m\000e\000t\000r\000y\000\040\000i\000n\000\040\000R\000S\000V\000P\000\040\000C\000o\000s\000m\000o\000l\000o\000g\000y}{section.14}% 129
\BOOKMARK [2][-]{subsection.14.9}{\376\377\0001\0003\000.\0009\000\040\000S\000y\000n\000t\000h\000e\000s\000i\000s}{section.14}% 130
\BOOKMARK [1][-]{section.15}{\376\377\000E\000n\000t\000r\000o\000p\000y\000,\000\040\000D\000e\000c\000k\000-\0000\000\040\000R\000e\000s\000e\000r\000v\000o\000i\000r\000s\000,\000\040\000a\000n\000d\000\040\000H\000i\000d\000d\000e\000n\000\040\000D\000y\000n\000a\000m\000i\000c\000s}{}% 131
\BOOKMARK [2][-]{subsection.15.1}{\376\377\0001\0004\000.\0001\000\040\000V\000i\000s\000i\000b\000l\000e\000\040\000a\000n\000d\000\040\000H\000i\000d\000d\000e\000n\000\040\000L\000a\000y\000e\000r\000s}{section.15}% 132
\BOOKMARK [2][-]{subsection.15.2}{\376\377\0001\0004\000.\0002\000\040\000H\000i\000d\000d\000e\000n\000\040\000D\000y\000n\000a\000m\000i\000c\000s\000\040\000a\000s\000\040\000t\000h\000e\000\040\000S\000u\000b\000s\000t\000r\000a\000t\000e\000\040\000o\000f\000\040\000C\000o\000n\000t\000i\000n\000u\000i\000t\000y}{section.15}% 133
\BOOKMARK [2][-]{subsection.15.3}{\376\377\0001\0004\000.\0003\000\040\000M\000e\000t\000a\000-\000O\000b\000s\000e\000r\000v\000e\000r\000\040\000D\000y\000n\000a\000m\000i\000c\000s\000\040\000\050\000L\000a\000b\000\040\0002\0005\000\040\000a\000n\000d\000\040\0003\0009\000\051}{section.15}% 134
\BOOKMARK [2][-]{subsection.15.4}{\376\377\0001\0004\000.\0004\000\040\000H\000o\000m\000e\000o\000s\000t\000a\000t\000i\000c\000\040\000L\000e\000a\000r\000n\000i\000n\000g\000\040\000L\000o\000o\000p\000s\000\040\000\050\000L\000a\000b\000\040\0003\0000\000\051}{section.15}% 135
\BOOKMARK [2][-]{subsection.15.5}{\376\377\0001\0004\000.\0005\000\040\000H\000i\000d\000d\000e\000n\000\040\000C\000o\000n\000s\000e\000n\000s\000u\000s\000\040\000a\000n\000d\000\040\000S\000e\000m\000a\000n\000t\000i\000c\000\040\000S\000e\000c\000r\000e\000t\000\040\000S\000h\000a\000r\000i\000n\000g\000\040\000\050\000L\000a\000b\000\040\0003\0007\000\051}{section.15}% 136
\BOOKMARK [2][-]{subsection.15.6}{\376\377\0001\0004\000.\0006\000\040\000B\000a\000y\000e\000s\000i\000a\000n\000\040\000F\000i\000l\000t\000e\000r\000i\000n\000g\000\040\000a\000s\000\040\000H\000i\000d\000d\000e\000n\000-\000L\000a\000y\000e\000r\000\040\000D\000y\000n\000a\000m\000i\000c\000s\000\040\000\050\000L\000a\000b\000\040\0004\0000\000\051}{section.15}% 137
\BOOKMARK [2][-]{subsection.15.7}{\376\377\0001\0004\000.\0007\000\040\000U\000n\000i\000f\000i\000e\000d\000\040\000H\000i\000d\000d\000e\000n\000-\000D\000y\000n\000a\000m\000i\000c\000s\000\040\000E\000q\000u\000a\000t\000i\000o\000n}{section.15}% 138
\BOOKMARK [2][-]{subsection.15.8}{\376\377\0001\0004\000.\0008\000\040\000C\000o\000l\000l\000a\000p\000s\000e\000\040\000a\000n\000d\000\040\000B\000u\000r\000s\000t\000\040\000D\000y\000n\000a\000m\000i\000c\000s}{section.15}% 139
\BOOKMARK [2][-]{subsection.15.9}{\376\377\0001\0004\000.\0009\000\040\000S\000y\000n\000t\000h\000e\000s\000i\000s}{section.15}% 140
\BOOKMARK [1][-]{section.16}{\376\377\000S\000e\000m\000a\000n\000t\000i\000c\000\040\000D\000y\000n\000a\000m\000i\000c\000s\000,\000\040\000A\000t\000t\000r\000a\000c\000t\000o\000r\000s\000,\000\040\000a\000n\000d\000\040\000C\000o\000g\000n\000i\000t\000i\000v\000e\000\040\000M\000o\000r\000p\000h\000o\000l\000o\000g\000y}{}% 141
\BOOKMARK [2][-]{subsection.16.1}{\376\377\0001\0005\000.\0001\000\040\000M\000e\000a\000n\000i\000n\000g\000\040\000a\000s\000\040\000a\000\040\000F\000i\000e\000l\000d\000:\000\040\000T\000h\000e\000\040\000S\000e\000m\000a\000n\000t\000i\000c\000\040\000P\000l\000e\000n\000u\000m}{section.16}% 142
\BOOKMARK [2][-]{subsection.16.2}{\376\377\0001\0005\000.\0002\000\040\000M\000e\000m\000e\000t\000i\000c\000\040\000D\000i\000f\000f\000u\000s\000i\000o\000n\000\040\000N\000e\000t\000w\000o\000r\000k\000s\000\040\000\050\000L\000a\000b\000\040\0001\0008\000\051}{section.16}% 143
\BOOKMARK [2][-]{subsection.16.3}{\376\377\0001\0005\000.\0003\000\040\000G\000r\000a\000d\000i\000e\000n\000t\000\040\000M\000e\000m\000o\000r\000y\000\040\000a\000n\000d\000\040\000H\000y\000s\000t\000e\000r\000e\000s\000i\000s\000\040\000\050\000L\000a\000b\000\040\0002\0006\000\051}{section.16}% 144
\BOOKMARK [2][-]{subsection.16.4}{\376\377\0001\0005\000.\0004\000\040\000S\000e\000m\000a\000n\000t\000i\000c\000\040\000A\000t\000t\000r\000a\000c\000t\000o\000r\000\040\000N\000e\000t\000w\000o\000r\000k\000s\000\040\000\050\000L\000a\000b\000\040\0002\0008\000\051}{section.16}% 145
\BOOKMARK [2][-]{subsection.16.5}{\376\377\0001\0005\000.\0005\000\040\000B\000i\000f\000u\000r\000c\000a\000t\000i\000o\000n\000\040\000a\000n\000d\000\040\000C\000r\000i\000t\000i\000c\000a\000l\000i\000t\000y\000\040\000i\000n\000\040\000C\000o\000n\000s\000c\000i\000o\000u\000s\000\040\000S\000y\000s\000t\000e\000m\000s\000\040\000\050\000L\000a\000b\000\040\0002\0009\000\051}{section.16}% 146
\BOOKMARK [2][-]{subsection.16.6}{\376\377\0001\0005\000.\0006\000\040\000U\000n\000i\000f\000i\000c\000a\000t\000i\000o\000n\000:\000\040\000S\000e\000m\000a\000n\000t\000i\000c\000\040\000M\000o\000r\000p\000h\000o\000l\000o\000g\000y}{section.16}% 147
\BOOKMARK [2][-]{subsection.16.7}{\376\377\0001\0005\000.\0007\000\040\000C\000o\000g\000n\000i\000t\000i\000v\000e\000\040\000M\000o\000r\000p\000h\000o\000l\000o\000g\000y\000\040\000a\000s\000\040\000R\000S\000V\000P\040\031\000s\000\040\000S\000e\000m\000a\000n\000t\000i\000c\000\040\000G\000e\000o\000m\000e\000t\000r\000y}{section.16}% 148
\BOOKMARK [2][-]{subsection.16.8}{\376\377\0001\0005\000.\0008\000\040\000D\000e\000c\000k\000-\0000\040\031\000s\000\040\000R\000o\000l\000e\000\040\000i\000n\000\040\000S\000e\000m\000a\000n\000t\000i\000c\000\040\000M\000o\000r\000p\000h\000o\000l\000o\000g\000y}{section.16}% 149
\BOOKMARK [1][-]{section.17}{\376\377\000T\000e\000n\000s\000o\000r\000\040\000T\000o\000p\000o\000l\000o\000g\000y\000,\000\040\000H\000y\000p\000e\000r\000g\000r\000a\000p\000h\000s\000,\000\040\000a\000n\000d\000\040\000t\000h\000e\000\040\000B\000r\000a\000i\000d\000e\000d\000\040\000P\000l\000e\000n\000u\000m}{}% 150
\BOOKMARK [2][-]{subsection.17.1}{\376\377\0001\0006\000.\0001\000\040\000H\000i\000g\000h\000-\000R\000a\000n\000k\000\040\000R\000S\000V\000P\000\040\000T\000e\000n\000s\000o\000r\000s}{section.17}% 151
\BOOKMARK [2][-]{subsection.17.2}{\376\377\0001\0006\000.\0002\000\040\000T\000h\000e\000\040\000T\000A\000R\000T\000A\000N\000\040\000L\000a\000t\000t\000i\000c\000e\000\040\000a\000n\000d\000\040\000H\000y\000p\000e\000r\000n\000e\000t\000w\000o\000r\000k\000\040\000\050\000L\000a\000b\000s\000\040\0002\0004\000\040\000a\000n\000d\000\040\0003\0004\000\051}{section.17}% 152
\BOOKMARK [2][-]{subsection.17.3}{\376\377\0001\0006\000.\0003\000\040\000B\000r\000a\000i\000d\000i\000n\000g\000\040\000a\000s\000\040\000a\000\040\000T\000o\000p\000o\000l\000o\000g\000i\000c\000a\000l\000\040\000I\000n\000v\000a\000r\000i\000a\000n\000t}{section.17}% 153
\BOOKMARK [2][-]{subsection.17.4}{\376\377\0001\0006\000.\0004\000\040\000H\000y\000p\000e\000r\000g\000r\000a\000p\000h\000\040\000S\000e\000m\000a\000n\000t\000i\000c\000s}{section.17}% 154
\BOOKMARK [2][-]{subsection.17.5}{\376\377\0001\0006\000.\0005\000\040\000D\000i\000s\000s\000i\000p\000a\000t\000i\000v\000e\000\040\000M\000o\000r\000p\000h\000o\000g\000e\000n\000e\000s\000i\000s\000\040\000\050\000L\000a\000b\000\040\0003\0008\000\051}{section.17}% 155
\BOOKMARK [2][-]{subsection.17.6}{\376\377\0001\0006\000.\0006\000\040\000T\000e\000n\000s\000o\000r\000\040\000T\000o\000p\000o\000l\000o\000g\000y\000\040\000M\000e\000e\000t\000s\000\040\000M\000o\000r\000p\000h\000o\000g\000e\000n\000e\000s\000i\000s}{section.17}% 156
\BOOKMARK [2][-]{subsection.17.7}{\376\377\0001\0006\000.\0007\000\040\000T\000h\000e\000\040\000B\000r\000a\000i\000d\000e\000d\000\040\000P\000l\000e\000n\000u\000m}{section.17}% 157
\BOOKMARK [2][-]{subsection.17.8}{\376\377\0001\0006\000.\0008\000\040\000I\000m\000p\000l\000i\000c\000a\000t\000i\000o\000n\000s\000\040\000f\000o\000r\000\040\000R\000S\000V\000P\000\040\000S\000i\000m\000u\000l\000a\000t\000i\000o\000n}{section.17}% 158
\BOOKMARK [2][-]{subsection.17.9}{\376\377\0001\0006\000.\0009\000\040\000S\000u\000m\000m\000a\000r\000y}{section.17}% 159
\BOOKMARK [1][-]{section.18}{\376\377\000O\000b\000s\000e\000r\000v\000e\000r\000\040\000H\000o\000l\000o\000g\000r\000a\000p\000h\000y\000,\000\040\000B\000a\000y\000e\000s\000i\000a\000n\000\040\000R\000e\000c\000o\000n\000s\000t\000r\000u\000c\000t\000i\000o\000n\000,\000\040\000a\000n\000d\000\040\000M\000u\000l\000t\000i\000-\000V\000i\000e\000w\000\040\000C\000o\000g\000n\000i\000t\000i\000o\000n}{}% 160
\BOOKMARK [2][-]{subsection.18.1}{\376\377\0001\0007\000.\0001\000\040\000T\000h\000e\000\040\000O\000b\000s\000e\000r\000v\000e\000r\000\040\000a\000s\000\040\000a\000\040\000P\000r\000o\000j\000e\000c\000t\000i\000o\000n\000\040\000O\000p\000e\000r\000a\000t\000o\000r}{section.18}% 161
\BOOKMARK [2][-]{subsection.18.2}{\376\377\0001\0007\000.\0002\000\040\000H\000o\000l\000o\000g\000r\000a\000p\000h\000i\000c\000\040\000L\000o\000s\000s\000\040\000a\000n\000d\000\040\000S\000e\000m\000a\000n\000t\000i\000c\000\040\000A\000t\000t\000e\000n\000u\000a\000t\000i\000o\000n}{section.18}% 162
\BOOKMARK [2][-]{subsection.18.3}{\376\377\0001\0007\000.\0003\000\040\000F\000u\000n\000c\000t\000o\000r\000\040\000C\000o\000l\000l\000i\000s\000i\000o\000n\000s\000\040\000a\000s\000\040\000P\000e\000r\000c\000e\000p\000t\000u\000a\000l\000\040\000C\000o\000n\000t\000r\000a\000d\000i\000c\000t\000i\000o\000n\000s\000\040\000\050\000L\000a\000b\000\040\0002\0001\000\051}{section.18}% 163
\BOOKMARK [2][-]{subsection.18.4}{\376\377\0001\0007\000.\0004\000\040\000S\000t\000e\000g\000a\000n\000o\000g\000r\000a\000p\000h\000i\000c\000\040\000E\000n\000c\000o\000d\000i\000n\000g\000\040\000i\000n\000\040\000t\000h\000e\000\040\000P\000l\000e\000n\000u\000m\000\040\000\050\000L\000a\000b\000\040\0003\0002\000\051}{section.18}% 164
\BOOKMARK [2][-]{subsection.18.5}{\376\377\0001\0007\000.\0005\000\040\000M\000u\000l\000t\000i\000-\000V\000i\000e\000w\000\040\000H\000o\000l\000o\000g\000r\000a\000p\000h\000y\000:\000\040\000R\000e\000c\000o\000n\000s\000t\000r\000u\000c\000t\000i\000o\000n\000\040\000b\000y\000\040\000C\000o\000a\000l\000i\000t\000i\000o\000n\000\040\000\050\000L\000a\000b\000\040\0003\0007\000\051}{section.18}% 165
\BOOKMARK [2][-]{subsection.18.6}{\376\377\0001\0007\000.\0006\000\040\000B\000a\000y\000e\000s\000i\000a\000n\000\040\000R\000e\000c\000o\000n\000s\000t\000r\000u\000c\000t\000i\000o\000n\000\040\000a\000n\000d\000\040\000O\000b\000s\000e\000r\000v\000e\000r\000\040\000P\000r\000i\000o\000r\000s\000\040\000\050\000L\000a\000b\000\040\0004\0000\000\051}{section.18}% 166
\BOOKMARK [2][-]{subsection.18.7}{\376\377\0001\0007\000.\0007\000\040\000H\000o\000l\000o\000g\000r\000a\000p\000h\000y\000\040\000M\000e\000e\000t\000s\000\040\000B\000a\000y\000e\000s\000i\000a\000n\000\040\000I\000n\000f\000e\000r\000e\000n\000c\000e}{section.18}% 167
\BOOKMARK [2][-]{subsection.18.8}{\376\377\0001\0007\000.\0008\000\040\000O\000b\000s\000e\000r\000v\000e\000r\000\040\000C\000o\000a\000l\000i\000t\000i\000o\000n\000s\000\040\000a\000n\000d\000\040\000E\000m\000e\000r\000g\000e\000n\000t\000\040\000O\000b\000j\000e\000c\000t\000i\000v\000i\000t\000y}{section.18}% 168
\BOOKMARK [2][-]{subsection.18.9}{\376\377\0001\0007\000.\0009\000\040\000S\000u\000m\000m\000a\000r\000y}{section.18}% 169
\BOOKMARK [1][-]{section.19}{\376\377\000S\000y\000n\000c\000h\000r\000o\000n\000i\000z\000a\000t\000i\000o\000n\000,\000\040\000M\000e\000t\000a\000-\000O\000b\000s\000e\000r\000v\000e\000r\000s\000,\000\040\000a\000n\000d\000\040\000t\000h\000e\000\040\000C\000o\000l\000l\000a\000p\000s\000e\000\040\000o\000f\000\040\000M\000u\000l\000t\000i\000p\000l\000i\000c\000i\000t\000y}{}% 170
\BOOKMARK [2][-]{subsection.19.1}{\376\377\0001\0008\000.\0001\000\040\000P\000h\000a\000s\000e\000\040\000R\000e\000p\000r\000e\000s\000e\000n\000t\000a\000t\000i\000o\000n\000\040\000o\000f\000\040\000O\000b\000s\000e\000r\000v\000e\000r\000s}{section.19}% 171
\BOOKMARK [2][-]{subsection.19.2}{\376\377\0001\0008\000.\0002\000\040\000K\000u\000r\000a\000m\000o\000t\000o\000-\000T\000y\000p\000e\000\040\000D\000y\000n\000a\000m\000i\000c\000s\000\040\000f\000o\000r\000\040\000O\000b\000s\000e\000r\000v\000e\000r\000\040\000A\000l\000i\000g\000n\000m\000e\000n\000t}{section.19}% 172
\BOOKMARK [2][-]{subsection.19.3}{\376\377\0001\0008\000.\0003\000\040\000A\000d\000a\000p\000t\000i\000v\000e\000\040\000C\000o\000u\000p\000l\000i\000n\000g\000\040\000B\000a\000s\000e\000d\000\040\000o\000n\000\040\000S\000e\000m\000a\000n\000t\000i\000c\000\040\000G\000r\000a\000d\000i\000e\000n\000t}{section.19}% 173
\BOOKMARK [2][-]{subsection.19.4}{\376\377\0001\0008\000.\0004\000\040\000O\000r\000d\000e\000r\000\040\000P\000a\000r\000a\000m\000e\000t\000e\000r\000\040\000a\000n\000d\000\040\000C\000o\000h\000e\000r\000e\000n\000c\000e}{section.19}% 174
\BOOKMARK [2][-]{subsection.19.5}{\376\377\0001\0008\000.\0005\000\040\000C\000o\000l\000l\000a\000p\000s\000e\000\040\000a\000n\000d\000\040\000I\000t\000s\000\040\000C\000o\000n\000d\000i\000t\000i\000o\000n\000s}{section.19}% 175
\BOOKMARK [2][-]{subsection.19.6}{\376\377\0001\0008\000.\0006\000\040\000S\000e\000m\000a\000n\000t\000i\000c\000\040\000C\000o\000u\000p\000l\000i\000n\000g\000\040\000a\000n\000d\000\040\000C\000o\000n\000f\000i\000r\000m\000a\000t\000i\000o\000n\000\040\000D\000y\000n\000a\000m\000i\000c\000s}{section.19}% 176
\BOOKMARK [2][-]{subsection.19.7}{\376\377\0001\0008\000.\0007\000\040\000E\000m\000e\000r\000g\000e\000n\000c\000e\000\040\000o\000f\000\040\000t\000h\000e\000\040\000M\000e\000t\000a\000-\000O\000b\000s\000e\000r\000v\000e\000r}{section.19}% 177
\BOOKMARK [2][-]{subsection.19.8}{\376\377\0001\0008\000.\0008\000\040\000P\000e\000r\000s\000i\000s\000t\000e\000n\000c\000e\000\040\000o\000f\000\040\000M\000u\000l\000t\000i\000p\000l\000i\000c\000i\000t\000y}{section.19}% 178
\BOOKMARK [2][-]{subsection.19.9}{\376\377\0001\0008\000.\0009\000\040\000S\000y\000n\000t\000h\000e\000s\000i\000s}{section.19}% 179
\BOOKMARK [1][-]{section.20}{\376\377\000D\000i\000s\000s\000i\000p\000a\000t\000i\000v\000e\000\040\000M\000o\000r\000p\000h\000o\000g\000e\000n\000e\000s\000i\000s\000,\000\040\000N\000e\000g\000e\000n\000t\000r\000o\000p\000y\000\040\000I\000s\000l\000a\000n\000d\000s\000,\000\040\000a\000n\000d\000\040\000t\000h\000e\000\040\000G\000e\000o\000m\000e\000t\000r\000y\000\040\000o\000f\000\040\000L\000i\000f\000e}{}% 180
\BOOKMARK [2][-]{subsection.20.1}{\376\377\0001\0009\000.\0001\000\040\000T\000h\000e\000\040\000R\000S\000V\000P\000\040\000S\000e\000t\000t\000i\000n\000g\000\040\000f\000o\000r\000\040\000M\000o\000r\000p\000h\000o\000g\000e\000n\000e\000s\000i\000s}{section.20}% 181
\BOOKMARK [2][-]{subsection.20.2}{\376\377\0001\0009\000.\0002\000\040\000R\000e\000a\000c\000t\000i\000o\000n\040\023\000D\000i\000f\000f\000u\000s\000i\000o\000n\000\040\000F\000o\000u\000n\000d\000a\000t\000i\000o\000n\000s}{section.20}% 182
\BOOKMARK [2][-]{subsection.20.3}{\376\377\0001\0009\000.\0003\000\040\000I\000n\000c\000o\000r\000p\000o\000r\000a\000t\000i\000n\000g\000\040\000V\000e\000c\000t\000o\000r\000\040\000F\000i\000e\000l\000d\000s\000:\000\040\000A\000d\000v\000e\000c\000t\000i\000o\000n}{section.20}% 183
\BOOKMARK [2][-]{subsection.20.4}{\376\377\0001\0009\000.\0004\000\040\000N\000e\000g\000e\000n\000t\000r\000o\000p\000y\000,\000\040\000E\000n\000t\000r\000o\000p\000y\000\040\000S\000i\000n\000k\000s\000,\000\040\000a\000n\000d\000\040\000t\000h\000e\000\040\000P\000l\000e\000n\000u\000m}{section.20}% 184
\BOOKMARK [2][-]{subsection.20.5}{\376\377\0001\0009\000.\0005\000\040\000D\000e\000c\000k\000\040\0000\000\040\000a\000n\000d\000\040\000t\000h\000e\000\040\000H\000i\000d\000d\000e\000n\000\040\000D\000i\000s\000s\000i\000p\000a\000t\000i\000v\000e\000\040\000R\000e\000s\000e\000r\000v\000o\000i\000r}{section.20}% 185
\BOOKMARK [2][-]{subsection.20.6}{\376\377\0001\0009\000.\0006\000\040\000B\000o\000u\000n\000d\000a\000r\000i\000e\000s\000\040\000o\000f\000\040\000L\000i\000f\000e\000:\000\040\000A\000\040\000G\000e\000o\000m\000e\000t\000r\000i\000c\000\040\000C\000r\000i\000t\000e\000r\000i\000o\000n}{section.20}% 186
\BOOKMARK [2][-]{subsection.20.7}{\376\377\0001\0009\000.\0007\000\040\000D\000i\000r\000e\000c\000t\000i\000o\000n\000a\000l\000i\000t\000y\000\040\000a\000n\000d\000\040\000B\000i\000o\000l\000o\000g\000i\000c\000a\000l\000\040\000F\000o\000r\000m}{section.20}% 187
\BOOKMARK [2][-]{subsection.20.8}{\376\377\0001\0009\000.\0008\000\040\000R\000e\000l\000a\000t\000i\000o\000n\000\040\000t\000o\000\040\000S\000c\000a\000l\000a\000r\040\023\000V\000e\000c\000t\000o\000r\040\023\000E\000n\000t\000r\000o\000p\000y\000\040\000D\000y\000n\000a\000m\000i\000c\000s}{section.20}% 188
\BOOKMARK [2][-]{subsection.20.9}{\376\377\0001\0009\000.\0009\000\040\000S\000t\000a\000b\000i\000l\000i\000t\000y\000\040\000a\000n\000d\000\040\000B\000i\000f\000u\000r\000c\000a\000t\000i\000o\000n\000\040\000o\000f\000\040\000N\000e\000g\000e\000n\000t\000r\000o\000p\000y\000\040\000I\000s\000l\000a\000n\000d\000s}{section.20}% 189
\BOOKMARK [2][-]{subsection.20.10}{\376\377\0001\0009\000.\0001\0000\000\040\000S\000y\000n\000t\000h\000e\000s\000i\000s}{section.20}% 190
\BOOKMARK [1][-]{section.21}{\376\377\000N\000e\000u\000r\000a\000l\000\040\000M\000a\000n\000i\000f\000o\000l\000d\000s\000,\000\040\000S\000e\000m\000a\000n\000t\000i\000c\000\040\000F\000i\000e\000l\000d\000s\000,\000\040\000a\000n\000d\000\040\000C\000o\000g\000n\000i\000t\000i\000v\000e\000\040\000G\000e\000o\000m\000e\000t\000r\000y}{}% 191
\BOOKMARK [2][-]{subsection.21.1}{\376\377\0002\0000\000.\0001\000\040\000N\000e\000u\000r\000a\000l\000\040\000A\000c\000t\000i\000v\000i\000t\000y\000\040\000a\000s\000\040\000H\000i\000g\000h\000-\000D\000i\000m\000e\000n\000s\000i\000o\000n\000a\000l\000\040\000F\000l\000o\000w}{section.21}% 192
\BOOKMARK [2][-]{subsection.21.2}{\376\377\0002\0000\000.\0002\000\040\000S\000e\000m\000a\000n\000t\000i\000c\000\040\000A\000t\000t\000r\000a\000c\000t\000o\000r\000s\000\040\000a\000s\000\040\000C\000o\000n\000c\000e\000p\000t\000u\000a\000l\000\040\000F\000i\000x\000e\000d\000\040\000P\000o\000i\000n\000t\000s}{section.21}% 193
\BOOKMARK [2][-]{subsection.21.3}{\376\377\0002\0000\000.\0003\000\040\000C\000o\000u\000p\000l\000i\000n\000g\000\040\000N\000e\000u\000r\000a\000l\000\040\000M\000a\000n\000i\000f\000o\000l\000d\000s\000\040\000t\000o\000\040\000S\000e\000m\000a\000n\000t\000i\000c\000\040\000A\000t\000t\000r\000a\000c\000t\000o\000r\000s}{section.21}% 194
\BOOKMARK [2][-]{subsection.21.4}{\376\377\0002\0000\000.\0004\000\040\000C\000o\000n\000s\000c\000i\000o\000u\000s\000n\000e\000s\000s\000\040\000a\000s\000\040\000T\000r\000a\000j\000e\000c\000t\000o\000r\000y\000\040\000i\000n\000\040\000a\000\040\000L\000o\000w\000-\000D\000i\000m\000e\000n\000s\000i\000o\000n\000a\000l\000\040\000F\000i\000e\000l\000d}{section.21}% 195
\BOOKMARK [2][-]{subsection.21.5}{\376\377\0002\0000\000.\0005\000\040\000B\000i\000f\000u\000r\000c\000a\000t\000i\000o\000n\000\040\000S\000t\000r\000u\000c\000t\000u\000r\000e\000\040\000a\000n\000d\000\040\000R\000e\000g\000i\000m\000e\000\040\000T\000r\000a\000n\000s\000i\000t\000i\000o\000n\000s}{section.21}% 196
\BOOKMARK [2][-]{subsection.21.6}{\376\377\0002\0000\000.\0006\000\040\000T\000h\000e\000\040\000M\000a\000n\000i\000f\000o\000l\000d\000\040\000U\000n\000i\000f\000i\000c\000a\000t\000i\000o\000n}{section.21}% 197
\BOOKMARK [2][-]{subsection.21.7}{\376\377\0002\0000\000.\0007\000\040\000C\000r\000i\000t\000i\000c\000a\000l\000i\000t\000y\000\040\000a\000n\000d\000\040\000C\000o\000g\000n\000i\000t\000i\000v\000e\000\040\000F\000l\000e\000x\000i\000b\000i\000l\000i\000t\000y}{section.21}% 198
\BOOKMARK [2][-]{subsection.21.8}{\376\377\0002\0000\000.\0008\000\040\000M\000a\000n\000i\000f\000o\000l\000d\000\040\000G\000e\000o\000m\000e\000t\000r\000y\000\040\000a\000n\000d\000\040\000S\000e\000m\000a\000n\000t\000i\000c\000\040\000C\000o\000m\000p\000r\000e\000s\000s\000i\000o\000n}{section.21}% 199
\BOOKMARK [2][-]{subsection.21.9}{\376\377\0002\0000\000.\0009\000\040\000S\000e\000m\000a\000n\000t\000i\000c\000\040\000B\000a\000s\000i\000n\000\040\000R\000e\000p\000a\000i\000r\000\040\000a\000n\000d\000\040\000L\000e\000a\000r\000n\000i\000n\000g}{section.21}% 200
\BOOKMARK [2][-]{subsection.21.10}{\376\377\0002\0000\000.\0001\0000\000\040\000S\000y\000n\000t\000h\000e\000s\000i\000s}{section.21}% 201
\BOOKMARK [1][-]{section.22}{\376\377\000H\000o\000l\000o\000g\000r\000a\000p\000h\000y\000,\000\040\000B\000a\000y\000e\000s\000i\000a\000n\000\040\000P\000e\000r\000c\000e\000p\000t\000i\000o\000n\000,\000\040\000a\000n\000d\000\040\000t\000h\000e\000\040\000G\000e\000o\000m\000e\000t\000r\000y\000\040\000o\000f\000\040\000I\000n\000f\000e\000r\000e\000n\000c\000e}{}% 202
\BOOKMARK [2][-]{subsection.22.1}{\376\377\0002\0001\000.\0001\000\040\000T\000h\000e\000\040\000R\000S\000V\000P\000\040\000M\000o\000d\000e\000l\000\040\000o\000f\000\040\000P\000e\000r\000c\000e\000p\000t\000i\000o\000n}{section.22}% 203
\BOOKMARK [2][-]{subsection.22.2}{\376\377\0002\0001\000.\0002\000\040\000O\000b\000s\000e\000r\000v\000e\000r\000\040\000P\000r\000o\000j\000e\000c\000t\000i\000o\000n\000\040\000G\000e\000o\000m\000e\000t\000r\000y}{section.22}% 204
\BOOKMARK [2][-]{subsection.22.3}{\376\377\0002\0001\000.\0003\000\040\000S\000t\000e\000g\000a\000n\000o\000g\000r\000a\000p\000h\000i\000c\000\040\000E\000m\000b\000e\000d\000d\000i\000n\000g\000:\000\040\000P\000h\000a\000s\000e\000\040\000E\000n\000c\000o\000d\000i\000n\000g}{section.22}% 205
\BOOKMARK [2][-]{subsection.22.4}{\376\377\0002\0001\000.\0004\000\040\000E\000x\000t\000r\000a\000c\000t\000i\000o\000n\000\040\000a\000s\000\040\000B\000a\000y\000e\000s\000i\000a\000n\000\040\000I\000n\000f\000e\000r\000e\000n\000c\000e}{section.22}% 206
\BOOKMARK [2][-]{subsection.22.5}{\376\377\0002\0001\000.\0005\000\040\000C\000o\000n\000f\000i\000r\000m\000a\000t\000i\000o\000n\000\040\000B\000i\000a\000s\000\040\000a\000s\000\040\000P\000r\000i\000o\000r\000\040\000D\000o\000m\000i\000n\000a\000t\000i\000o\000n}{section.22}% 207
\BOOKMARK [2][-]{subsection.22.6}{\376\377\0002\0001\000.\0006\000\040\000M\000u\000l\000t\000i\000-\000O\000b\000s\000e\000r\000v\000e\000r\000\040\000R\000e\000c\000o\000n\000s\000t\000r\000u\000c\000t\000i\000o\000n\000\040\000a\000n\000d\000\040\000S\000e\000c\000r\000e\000t\000\040\000S\000h\000a\000r\000i\000n\000g}{section.22}% 208
\BOOKMARK [2][-]{subsection.22.7}{\376\377\0002\0001\000.\0007\000\040\000H\000o\000l\000o\000g\000r\000a\000p\000h\000i\000c\000\040\000A\000m\000b\000i\000g\000u\000i\000t\000y\000\040\000a\000n\000d\000\040\000L\000o\000s\000s\000\040\000o\000f\000\040\000I\000n\000f\000o\000r\000m\000a\000t\000i\000o\000n}{section.22}% 209
\BOOKMARK [2][-]{subsection.22.8}{\376\377\0002\0001\000.\0008\000\040\000R\000S\000V\000P\000\040\000I\000n\000t\000e\000r\000p\000r\000e\000t\000a\000t\000i\000o\000n\000:\000\040\000P\000e\000r\000c\000e\000p\000t\000i\000o\000n\000\040\000a\000s\000\040\000P\000r\000o\000j\000e\000c\000t\000i\000o\000n}{section.22}% 210
\BOOKMARK [2][-]{subsection.22.9}{\376\377\0002\0001\000.\0009\000\040\000S\000y\000n\000t\000h\000e\000s\000i\000s}{section.22}% 211
\BOOKMARK [1][-]{section.23}{\376\377\000F\000u\000n\000c\000t\000o\000r\000\040\000F\000i\000e\000l\000d\000s\000,\000\040\000C\000a\000t\000e\000g\000o\000r\000y\000\040\000D\000y\000n\000a\000m\000i\000c\000s\000,\000\040\000a\000n\000d\000\040\000H\000i\000g\000h\000-\000L\000e\000v\000e\000l\000\040\000S\000e\000m\000a\000n\000t\000i\000c\000\040\000F\000l\000o\000w}{}% 212
\BOOKMARK [2][-]{subsection.23.1}{\376\377\0002\0002\000.\0001\000\040\000C\000a\000t\000e\000g\000o\000r\000i\000c\000a\000l\000\040\000S\000t\000r\000u\000c\000t\000u\000r\000e\000\040\000i\000n\000\040\000t\000h\000e\000\040\000P\000l\000e\000n\000u\000m}{section.23}% 213
\BOOKMARK [2][-]{subsection.23.2}{\376\377\0002\0002\000.\0002\000\040\000F\000u\000n\000c\000t\000o\000r\000\040\000F\000i\000e\000l\000d\000\040\000C\000o\000l\000l\000i\000s\000i\000o\000n\000s}{section.23}% 214
\BOOKMARK [2][-]{subsection.23.3}{\376\377\0002\0002\000.\0003\000\040\000S\000e\000m\000a\000n\000t\000i\000c\000\040\000F\000l\000o\000w\000l\000i\000n\000e\000s\000\040\000a\000n\000d\000\040\000P\000o\000t\000e\000n\000t\000i\000a\000l\000\040\000F\000i\000e\000l\000d\000s}{section.23}% 215
\BOOKMARK [2][-]{subsection.23.4}{\376\377\0002\0002\000.\0004\000\040\000R\000e\000c\000i\000p\000r\000o\000c\000i\000t\000y\000\040\000K\000e\000r\000n\000e\000l\000s\000\040\000a\000n\000d\000\040\000S\000y\000m\000m\000e\000t\000r\000y\000\040\000C\000o\000n\000v\000e\000r\000g\000e\000n\000c\000e}{section.23}% 216
\BOOKMARK [2][-]{subsection.23.5}{\376\377\0002\0002\000.\0005\000\040\000T\000A\000R\000T\000A\000N\000\040\000H\000y\000p\000e\000r\000n\000e\000t\000w\000o\000r\000k\000s\000\040\000a\000n\000d\000\040\000T\000e\000n\000s\000o\000r\000\040\000B\000r\000a\000i\000d\000s}{section.23}% 217
\BOOKMARK [2][-]{subsection.23.6}{\376\377\0002\0002\000.\0006\000\040\000F\000u\000n\000c\000t\000o\000r\000\040\000F\000i\000e\000l\000d\000s\000\040\000a\000s\000\040\000S\000e\000m\000a\000n\000t\000i\000c\000\040\000P\000D\000E\000s}{section.23}% 218
\BOOKMARK [2][-]{subsection.23.7}{\376\377\0002\0002\000.\0007\000\040\000S\000e\000m\000a\000n\000t\000i\000c\000\040\000E\000q\000u\000i\000l\000i\000b\000r\000a\000t\000i\000o\000n\000\040\000a\000n\000d\000\040\000D\000i\000s\000s\000i\000p\000a\000t\000i\000o\000n}{section.23}% 219
\BOOKMARK [2][-]{subsection.23.8}{\376\377\0002\0002\000.\0008\000\040\000C\000a\000t\000e\000g\000o\000r\000y\000\040\000T\000h\000e\000o\000r\000y\000\040\000a\000s\000\040\000a\000\040\000S\000e\000m\000a\000n\000t\000i\000c\000\040\000P\000h\000y\000s\000i\000c\000s}{section.23}% 220
\BOOKMARK [2][-]{subsection.23.9}{\376\377\0002\0002\000.\0009\000\040\000S\000y\000n\000t\000h\000e\000s\000i\000s}{section.23}% 221
