\BOOKMARK [1][-]{section.1}{\376\377\000I\000n\000t\000r\000o\000d\000u\000c\000t\000i\000o\000n}{}% 1
\BOOKMARK [2][-]{subsection.1.1}{\376\377\000M\000o\000t\000i\000v\000a\000t\000i\000o\000n\000\040\000a\000n\000d\000\040\000C\000o\000n\000t\000e\000x\000t}{section.1}% 2
\BOOKMARK [2][-]{subsection.1.2}{\376\377\000C\000o\000n\000t\000r\000i\000b\000u\000t\000i\000o\000n\000s}{section.1}% 3
\BOOKMARK [1][-]{section.2}{\376\377\000B\000a\000c\000k\000g\000r\000o\000u\000n\000d\000:\000\040\000R\000S\000V\000P\000\040\000F\000i\000e\000l\000d\000\040\000T\000h\000e\000o\000r\000y}{}% 4
\BOOKMARK [2][-]{subsection.2.1}{\376\377\000F\000i\000e\000l\000d\000s\000\040\000a\000n\000d\000\040\000E\000n\000e\000r\000g\000e\000t\000i\000c\000s}{section.2}% 5
\BOOKMARK [2][-]{subsection.2.2}{\376\377\000D\000y\000n\000a\000m\000i\000c\000s}{section.2}% 6
\BOOKMARK [1][-]{section.3}{\376\377\000M\000a\000t\000h\000e\000m\000a\000t\000i\000c\000a\000l\000\040\000F\000o\000u\000n\000d\000a\000t\000i\000o\000n\000s}{}% 7
\BOOKMARK [1][-]{section.4}{\376\377\000O\000p\000e\000r\000a\000t\000i\000o\000n\000a\000l\000\040\000D\000e\000f\000i\000n\000i\000t\000i\000o\000n\000s\000\040\000\050\000M\000e\000a\000s\000u\000r\000a\000b\000l\000e\000s\000\051}{}% 8
\BOOKMARK [1][-]{section.5}{\376\377\000M\000e\000t\000h\000o\000d\000s}{}% 9
\BOOKMARK [2][-]{subsection.5.1}{\376\377\000D\000o\000m\000a\000i\000n\000\040\000a\000n\000d\000\040\000N\000u\000m\000e\000r\000i\000c\000s}{section.5}% 10
\BOOKMARK [2][-]{subsection.5.2}{\376\377\000G\000e\000n\000o\000m\000e\000\040\000E\000n\000c\000o\000d\000i\000n\000g\000\040\000\050\0001\0002\000\040\000p\000a\000r\000a\000m\000e\000t\000e\000r\000s\000\051}{section.5}% 11
\BOOKMARK [2][-]{subsection.5.3}{\376\377\000T\000e\000c\000h\000n\000o\000l\000o\000g\000y\000\040\000a\000n\000d\000\040\000C\000o\000s\000t\000s}{section.5}% 12
\BOOKMARK [2][-]{subsection.5.4}{\376\377\000F\000a\000c\000t\000o\000r\000i\000e\000s}{section.5}% 13
\BOOKMARK [3][-]{subsubsection.5.4.1}{\376\377\000F\000a\000c\000t\000o\000r\000y\000\040\000P\000l\000a\000c\000e\000m\000e\000n\000t\000\040\000a\000n\000d\000\040\000D\000y\000n\000a\000m\000i\000c\000s}{subsection.5.4}% 14
\BOOKMARK [3][-]{subsubsection.5.4.2}{\376\377\000F\000i\000e\000l\000d\000\040\000I\000n\000t\000e\000r\000a\000c\000t\000i\000o\000n\000s}{subsection.5.4}% 15
\BOOKMARK [3][-]{subsubsection.5.4.3}{\376\377\000S\000t\000o\000c\000h\000a\000s\000t\000i\000c\000\040\000P\000e\000r\000t\000u\000r\000b\000a\000t\000i\000o\000n\000s}{subsection.5.4}% 16
\BOOKMARK [3][-]{subsubsection.5.4.4}{\376\377\000E\000f\000f\000i\000c\000i\000e\000n\000c\000y\000\040\000S\000c\000a\000l\000i\000n\000g\000\040\000w\000i\000t\000h\000\040\000T\000e\000c\000h\000n\000o\000l\000o\000g\000y}{subsection.5.4}% 17
\BOOKMARK [3][-]{subsubsection.5.4.5}{\376\377\000D\000e\000c\000o\000m\000m\000i\000s\000s\000i\000o\000n\000i\000n\000g}{subsection.5.4}% 18
\BOOKMARK [3][-]{subsubsection.5.4.6}{\376\377\000E\000m\000e\000r\000g\000e\000n\000t\000\040\000F\000a\000c\000t\000o\000r\000y\000\040\000S\000t\000r\000a\000t\000e\000g\000i\000e\000s}{subsection.5.4}% 19
\BOOKMARK [2][-]{subsection.5.5}{\376\377\000F\000i\000t\000n\000e\000s\000s\000\040\000a\000n\000d\000\040\000S\000e\000l\000e\000c\000t\000i\000o\000n}{section.5}% 20
\BOOKMARK [2][-]{subsection.5.6}{\376\377\000S\000t\000o\000c\000h\000a\000s\000t\000i\000c\000i\000t\000y}{section.5}% 21
\BOOKMARK [2][-]{subsection.5.7}{\376\377\000C\000o\000n\000v\000e\000r\000g\000e\000n\000c\000e\000\040\000\046\000\040\000S\000e\000n\000s\000i\000t\000i\000v\000i\000t\000y}{section.5}% 22
\BOOKMARK [2][-]{subsection.5.8}{\376\377\000S\000i\000m\000u\000l\000a\000t\000o\000r\000\040\000A\000r\000c\000h\000i\000t\000e\000c\000t\000u\000r\000e\000\040\000a\000n\000d\000\040\000C\000o\000d\000e\000\040\000S\000t\000r\000u\000c\000t\000u\000r\000e}{section.5}% 23
\BOOKMARK [1][-]{section.6}{\376\377\000R\000e\000s\000u\000l\000t\000s}{}% 24
\BOOKMARK [2][-]{subsection.6.1}{\376\377\000C\000r\000i\000t\000i\000c\000a\000l\000\040\000T\000r\000a\000n\000s\000i\000t\000i\000o\000n}{section.6}% 25
\BOOKMARK [2][-]{subsection.6.2}{\376\377\000C\000o\000n\000v\000e\000r\000g\000e\000n\000c\000e\000\040\000a\000n\000d\000\040\000S\000e\000n\000s\000i\000t\000i\000v\000i\000t\000y}{section.6}% 26
\BOOKMARK [2][-]{subsection.6.3}{\376\377\000U\000n\000i\000v\000e\000r\000s\000a\000l\000i\000t\000y\000\040\000a\000n\000d\000\040\000P\000a\000r\000a\000m\000e\000t\000e\000r\000\040\000S\000e\000n\000s\000i\000t\000i\000v\000i\000t\000y}{section.6}% 27
\BOOKMARK [1][-]{section.7}{\376\377\000P\000h\000a\000s\000e\000\040\000a\000n\000d\000\040\000E\000n\000t\000r\000o\000p\000y\000\040\000D\000i\000a\000g\000n\000o\000s\000t\000i\000c\000s\000\040\000\050\000I\000n\000l\000i\000n\000e\000\040\000S\000i\000m\000u\000l\000a\000t\000i\000o\000n\000\051}{}% 28
\BOOKMARK [2][-]{subsection.7.1}{\376\377\000P\000h\000a\000s\000e\000\040\000D\000i\000a\000g\000r\000a\000m\000s\000\040\000a\000n\000d\000\040\000T\000r\000a\000j\000e\000c\000t\000o\000r\000i\000e\000s}{section.7}% 29
\BOOKMARK [2][-]{subsection.7.2}{\376\377\000R\000u\000n\000\040\000D\000i\000s\000t\000r\000i\000b\000u\000t\000i\000o\000n\000s\000\040\000a\000n\000d\000\040\000E\000n\000t\000r\000o\000p\000y\000\040\000T\000i\000m\000e\000\040\000S\000e\000r\000i\000e\000s}{section.7}% 30
\BOOKMARK [2][-]{subsection.7.3}{\376\377\000V\000a\000l\000i\000d\000a\000t\000i\000o\000n\000\040\000o\000n\000\040\000M\000o\000d\000e\000r\000n\000\040\000A\000I\000\040\000S\000c\000a\000l\000i\000n\000g\000\040\000L\000a\000w\000s}{section.7}% 31
\BOOKMARK [2][-]{subsection.7.4}{\376\377\0006\000.\0007\000\040\000N\000u\000m\000e\000r\000i\000c\000a\000l\000\040\000C\000o\000n\000v\000e\000r\000g\000e\000n\000c\000e\000\040\000a\000n\000d\000\040\000S\000t\000a\000b\000i\000l\000i\000t\000y}{section.7}% 32
\BOOKMARK [1][-]{section.8}{\376\377\000I\000m\000p\000l\000i\000c\000a\000t\000i\000o\000n\000s\000\040\000f\000o\000r\000\040\000A\000I\000\040\000A\000l\000i\000g\000n\000m\000e\000n\000t}{}% 33
\BOOKMARK [2][-]{subsection.8.1}{\376\377\000S\000a\000f\000e\000t\000y\000\040\000C\000r\000i\000t\000e\000r\000i\000o\000n\000\040\000\050\000N\000e\000c\000e\000s\000s\000a\000r\000y\000\051}{section.8}% 34
\BOOKMARK [2][-]{subsection.8.2}{\376\377\000M\000a\000p\000p\000i\000n\000g\000\040\000t\000o\000\040\000A\000l\000i\000g\000n\000m\000e\000n\000t\000\040\000T\000e\000c\000h\000n\000i\000q\000u\000e\000s}{section.8}% 35
\BOOKMARK [2][-]{subsection.8.3}{\376\377\000D\000y\000n\000a\000m\000i\000c\000\040\000A\000l\000i\000g\000n\000m\000e\000n\000t\000\040\000C\000l\000a\000s\000s\000e\000s}{section.8}% 36
\BOOKMARK [2][-]{subsection.8.4}{\376\377\000P\000o\000l\000i\000c\000y\000\040\000a\000n\000d\000\040\000M\000e\000a\000s\000u\000r\000e\000m\000e\000n\000t\000\040\000I\000m\000p\000l\000i\000c\000a\000t\000i\000o\000n\000s}{section.8}% 37
\BOOKMARK [2][-]{subsection.8.5}{\376\377\000I\000n\000t\000e\000r\000p\000r\000e\000t\000a\000t\000i\000o\000n}{section.8}% 38
\BOOKMARK [1][-]{section.9}{\376\377\000F\000i\000e\000l\000d\000\040\000V\000a\000r\000i\000a\000b\000l\000e\000s\000\040\000a\000n\000d\000\040\000P\000h\000y\000s\000i\000c\000a\000l\000\040\000I\000n\000t\000e\000r\000p\000r\000e\000t\000a\000t\000i\000o\000n}{}% 39
\BOOKMARK [2][-]{subsection.9.1}{\376\377\000S\000c\000a\000l\000a\000r\000\040\000P\000o\000t\000e\000n\000t\000i\000a\000l\000\040\000:\000\040\000A\000v\000a\000i\000l\000a\000b\000l\000e\000\040\000W\000o\000r\000k\000\040\000D\000e\000n\000s\000i\000t\000y}{section.9}% 40
\BOOKMARK [2][-]{subsection.9.2}{\376\377\000E\000n\000t\000r\000o\000p\000y\000\040\000F\000i\000e\000l\000d\000\040\000S\000:\000\040\000I\000n\000f\000o\000r\000m\000a\000t\000i\000o\000n\040\023\000T\000h\000e\000r\000m\000o\000d\000y\000n\000a\000m\000i\000c\000\040\000C\000o\000u\000p\000l\000i\000n\000g}{section.9}% 41
\BOOKMARK [2][-]{subsection.9.3}{\376\377\000V\000e\000c\000t\000o\000r\000\040\000F\000i\000e\000l\000d\000\040\000v\000:\000\040\000D\000i\000r\000e\000c\000t\000e\000d\000\040\000A\000g\000e\000n\000c\000y}{section.9}% 42
\BOOKMARK [1][-]{section.10}{\376\377\000C\000o\000u\000p\000l\000i\000n\000g\000\040\000P\000a\000r\000a\000m\000e\000t\000e\000r\000\040\000:\000\040\000D\000e\000f\000i\000n\000i\000t\000i\000o\000n\000\040\000a\000n\000d\000\040\000M\000e\000a\000s\000u\000r\000e\000m\000e\000n\000t}{}% 43
\BOOKMARK [2][-]{subsection.10.1}{\376\377\000F\000o\000r\000m\000a\000l\000\040\000D\000e\000f\000i\000n\000i\000t\000i\000o\000n}{section.10}% 44
\BOOKMARK [2][-]{subsection.10.2}{\376\377\000E\000m\000p\000i\000r\000i\000c\000a\000l\000\040\000I\000n\000t\000e\000r\000p\000r\000e\000t\000a\000t\000i\000o\000n}{section.10}% 45
\BOOKMARK [2][-]{subsection.10.3}{\376\377\000O\000p\000e\000r\000a\000t\000i\000o\000n\000a\000l\000\040\000E\000s\000t\000i\000m\000a\000t\000i\000o\000n\000\040\000P\000r\000o\000t\000o\000c\000o\000l}{section.10}% 46
\BOOKMARK [2][-]{subsection.10.4}{\376\377\000T\000h\000e\000r\000m\000o\000d\000y\000n\000a\000m\000i\000c\000\040\000B\000o\000u\000n\000d\000s}{section.10}% 47
\BOOKMARK [1][-]{section.11}{\376\377\000H\000i\000s\000t\000o\000r\000i\000c\000a\000l\000\040\000a\000n\000d\000\040\000E\000m\000p\000i\000r\000i\000c\000a\000l\000\040\000V\000a\000l\000i\000d\000a\000t\000i\000o\000n}{}% 48
\BOOKMARK [2][-]{subsection.11.1}{\376\377\000H\000i\000s\000t\000o\000r\000i\000c\000a\000l\000\040\000C\000a\000l\000i\000b\000r\000a\000t\000i\000o\000n\000:\000\040\000C\000i\000v\000i\000l\000i\000z\000a\000t\000i\000o\000n\000-\000S\000c\000a\000l\000e\000\040\000D\000y\000n\000a\000m\000i\000c\000s}{section.11}% 49
\BOOKMARK [1][-]{section.12}{\376\377\000E\000m\000p\000i\000r\000i\000c\000a\000l\000\040\000M\000a\000p\000p\000i\000n\000g\000\040\000a\000n\000d\000\040\000M\000e\000a\000s\000u\000r\000e\000m\000e\000n\000t\000\040\000F\000r\000a\000m\000e\000w\000o\000r\000k}{}% 50
\BOOKMARK [2][-]{subsection.12.1}{\376\377\000E\000n\000t\000r\000o\000p\000y\000\040\000P\000r\000o\000d\000u\000c\000t\000i\000o\000n\000\040\000M\000e\000a\000s\000u\000r\000e\000m\000e\000n\000t}{section.12}% 51
\BOOKMARK [2][-]{subsection.12.2}{\376\377\000P\000r\000o\000t\000o\000c\000o\000l\000\040\000f\000o\000r\000\040\000E\000m\000p\000i\000r\000i\000c\000a\000l\000\040\000R\000S\000V\000P\000\040\000C\000a\000l\000i\000b\000r\000a\000t\000i\000o\000n}{section.12}% 52
\BOOKMARK [2][-]{subsection.12.3}{\376\377\000P\000h\000e\000n\000o\000m\000e\000n\000o\000l\000o\000g\000i\000c\000a\000l\000\040\000S\000c\000a\000l\000i\000n\000g\000\040\000L\000a\000w}{section.12}% 53
\BOOKMARK [0][-]{part.1}{\376\377\000I\000\040\000D\000o\000o\000m\000s\000d\000a\000y\000\040\000R\000e\000c\000o\000n\000s\000t\000r\000u\000c\000t\000i\000o\000n\000\040\000a\000n\000d\000\040\000R\000S\000V\000P\000\040\000C\000o\000u\000n\000t\000e\000r\000m\000o\000d\000e\000l}{}% 54
\BOOKMARK [1][-]{section.13}{\376\377\000R\000e\000c\000o\000n\000s\000t\000r\000u\000c\000t\000i\000n\000g\000\040\000I\000f\000\040\000A\000n\000y\000o\000n\000e\000\040\000B\000u\000i\000l\000d\000s\000\040\000I\000t\000,\000\040\000E\000v\000e\000r\000y\000o\000n\000e\000\040\000D\000i\000e\000s}{part.1}% 55
\BOOKMARK [2][-]{subsection.13.1}{\376\377\000F\000O\000O\000M\000\040\000a\000s\000\040\000U\000n\000r\000e\000g\000u\000l\000a\000t\000e\000d\000\040\000S\000c\000a\000l\000a\000r\000\040\000G\000r\000o\000w\000t\000h}{section.13}% 56
\BOOKMARK [2][-]{subsection.13.2}{\376\377\000G\000r\000a\000d\000i\000e\000n\000t\000\040\000P\000a\000r\000a\000l\000l\000e\000l\000i\000s\000m\000\040\000a\000n\000d\000\040\000C\000o\000u\000p\000l\000e\000d\000\040\000V\000a\000l\000u\000e\000s}{section.13}% 57
\BOOKMARK [2][-]{subsection.13.3}{\376\377\000S\000u\000b\000s\000t\000r\000a\000t\000e\000\040\000C\000o\000u\000p\000l\000i\000n\000g}{section.13}% 58
\BOOKMARK [2][-]{subsection.13.4}{\376\377\000A\000d\000a\000p\000t\000i\000v\000e\000\040\000R\000e\000g\000u\000l\000a\000r\000i\000z\000a\000t\000i\000o\000n}{section.13}% 59
\BOOKMARK [2][-]{subsection.13.5}{\376\377\000C\000o\000s\000m\000i\000c\000\040\000S\000t\000e\000r\000i\000l\000i\000z\000a\000t\000i\000o\000n\000\040\000a\000n\000d\000\040\000T\000o\000r\000s\000i\000o\000n\000\040\000F\000e\000e\000d\000b\000a\000c\000k}{section.13}% 60
\BOOKMARK [1][-]{section.14}{\376\377\000A\000\040\000C\000o\000n\000d\000i\000t\000i\000o\000n\000a\000l\000\040\000A\000l\000i\000g\000n\000m\000e\000n\000t\000\040\000T\000h\000e\000o\000r\000e\000m}{part.1}% 61
\BOOKMARK [2][-]{subsection.14.1}{\376\377\0009\000.\0001\000\040\000S\000e\000t\000u\000p\000\040\000a\000n\000d\000\040\000A\000s\000s\000u\000m\000p\000t\000i\000o\000n\000s}{section.14}% 62
\BOOKMARK [2][-]{subsection.14.2}{\376\377\0009\000.\0002\000\040\000T\000h\000e\000o\000r\000e\000m\000\040\000a\000n\000d\000\040\000P\000r\000o\000o\000f}{section.14}% 63
\BOOKMARK [2][-]{subsection.14.3}{\376\377\0009\000.\0003\000\040\000C\000o\000r\000o\000l\000l\000a\000r\000i\000e\000s}{section.14}% 64
\BOOKMARK [2][-]{subsection.14.4}{\376\377\0009\000.\0004\000\040\000D\000i\000s\000c\000u\000s\000s\000i\000o\000n\000\040\000a\000n\000d\000\040\000E\000m\000p\000i\000r\000i\000c\000a\000l\000\040\000R\000e\000l\000e\000v\000a\000n\000c\000e}{section.14}% 65
\BOOKMARK [1][-]{section.15}{\376\377\000M\000o\000r\000p\000h\000o\000g\000e\000n\000e\000t\000i\000c\000\040\000G\000o\000v\000e\000r\000n\000a\000n\000c\000e\000:\000\040\000E\000n\000t\000r\000o\000p\000y\000-\000R\000e\000g\000u\000l\000a\000t\000e\000d\000\040\000P\000o\000l\000i\000c\000y\000\040\000D\000e\000s\000i\000g\000n}{part.1}% 66
\BOOKMARK [2][-]{subsection.15.1}{\376\377\000T\000h\000e\000\040\000G\000o\000v\000e\000r\000n\000a\000n\000c\000e\000\040\000F\000u\000n\000c\000t\000i\000o\000n\000a\000l}{section.15}% 67
\BOOKMARK [2][-]{subsection.15.2}{\376\377\000E\000n\000t\000r\000o\000p\000y\000\040\000B\000u\000d\000g\000e\000t\000s\000\040\000a\000s\000\040\000C\000o\000n\000s\000t\000i\000t\000u\000t\000i\000o\000n\000a\000l\000\040\000C\000o\000n\000s\000t\000r\000a\000i\000n\000t\000s}{section.15}% 68
\BOOKMARK [2][-]{subsection.15.3}{\376\377\000G\000r\000a\000d\000i\000e\000n\000t\000\040\000a\000n\000d\000\040\000C\000u\000r\000v\000a\000t\000u\000r\000e\000\040\000C\000o\000n\000t\000r\000o\000l\000s}{section.15}% 69
\BOOKMARK [2][-]{subsection.15.4}{\376\377\000C\000o\000u\000p\000l\000e\000d\000\040\000S\000c\000a\000l\000e\000s\000\040\000a\000n\000d\000\040\000R\000e\000c\000i\000p\000r\000o\000c\000i\000t\000y}{section.15}% 70
\BOOKMARK [2][-]{subsection.15.5}{\376\377\000D\000y\000n\000a\000m\000i\000c\000\040\000F\000e\000e\000d\000b\000a\000c\000k\000\040\000L\000o\000o\000p\000s}{section.15}% 71
\BOOKMARK [2][-]{subsection.15.6}{\376\377\000C\000o\000g\000n\000i\000t\000i\000v\000e\000\040\000A\000u\000d\000i\000t\000s\000\040\000a\000n\000d\000\040\000T\000r\000a\000n\000s\000p\000a\000r\000e\000n\000c\000y}{section.15}% 72
\BOOKMARK [2][-]{subsection.15.7}{\376\377\000I\000m\000p\000l\000e\000m\000e\000n\000t\000a\000t\000i\000o\000n\000\040\000C\000h\000a\000l\000l\000e\000n\000g\000e\000s}{section.15}% 73
\BOOKMARK [2][-]{subsection.15.8}{\376\377\000M\000o\000r\000p\000h\000o\000g\000e\000n\000e\000t\000i\000c\000\040\000D\000i\000v\000e\000r\000s\000i\000t\000y\000\040\000a\000n\000d\000\040\000R\000e\000n\000e\000w\000a\000l}{section.15}% 74
\BOOKMARK [2][-]{subsection.15.9}{\376\377\000C\000a\000s\000e\000\040\000S\000t\000u\000d\000y\000:\000\040\000A\000I\000\040\000C\000l\000u\000s\000t\000e\000r\000\040\000w\000i\000t\000h\000\040\003\246\000-\000G\000r\000a\000d\000i\000e\000n\000t\000\040\000C\000a\000p\000s}{section.15}% 75
\BOOKMARK [2][-]{subsection.15.10}{\376\377\000P\000i\000l\000o\000t\000\040\000S\000c\000e\000n\000a\000r\000i\000o\000\040\000A\000:\000\040\000M\000u\000n\000i\000c\000i\000p\000a\000l\000\040\000E\000n\000t\000r\000o\000p\000y\000\040\000A\000c\000c\000o\000u\000n\000t\000i\000n\000g}{section.15}% 76
\BOOKMARK [2][-]{subsection.15.11}{\376\377\000P\000i\000l\000o\000t\000\040\000S\000c\000e\000n\000a\000r\000i\000o\000\040\000B\000:\000\040\000A\000I\000\040\000T\000r\000a\000i\000n\000i\000n\000g\000\040\000G\000o\000v\000e\000r\000n\000a\000n\000c\000e\000\040\000S\000a\000n\000d\000b\000o\000x}{section.15}% 77
\BOOKMARK [2][-]{subsection.15.12}{\376\377\000S\000u\000m\000m\000a\000r\000y}{section.15}% 78
\BOOKMARK [1][-]{section.16}{\376\377\000O\000p\000e\000n\000\040\000P\000r\000o\000b\000l\000e\000m\000s}{part.1}% 79
\BOOKMARK [1][-]{section.17}{\376\377\000F\000u\000t\000u\000r\000e\000\040\000D\000i\000r\000e\000c\000t\000i\000o\000n\000s}{part.1}% 80
\BOOKMARK [1][-]{section.18}{\376\377\000L\000i\000m\000i\000t\000a\000t\000i\000o\000n\000s\000,\000\040\000F\000a\000i\000l\000u\000r\000e\000\040\000M\000o\000d\000e\000s\000,\000\040\000a\000n\000d\000\040\000F\000a\000l\000s\000i\000f\000i\000a\000b\000i\000l\000i\000t\000y}{part.1}% 81
\BOOKMARK [2][-]{subsection.18.1}{\376\377\0001\0001\000.\0001\000\040\000S\000t\000r\000u\000c\000t\000u\000r\000a\000l\000\040\000L\000i\000m\000i\000t\000a\000t\000i\000o\000n\000s}{section.18}% 82
\BOOKMARK [2][-]{subsection.18.2}{\376\377\0001\0001\000.\0002\000\040\000C\000o\000n\000c\000e\000p\000t\000u\000a\000l\000\040\000V\000u\000l\000n\000e\000r\000a\000b\000i\000l\000i\000t\000i\000e\000s}{section.18}% 83
\BOOKMARK [2][-]{subsection.18.3}{\376\377\0001\0001\000.\0003\000\040\000H\000o\000w\000\040\000R\000S\000V\000P\000\040\000C\000o\000u\000l\000d\000\040\000B\000e\000\040\000W\000r\000o\000n\000g}{section.18}% 84
\BOOKMARK [2][-]{subsection.18.4}{\376\377\0001\0001\000.\0004\000\040\000D\000e\000v\000i\000l\040\031\000s\000\040\000A\000d\000v\000o\000c\000a\000t\000e\000:\000\040\000T\000h\000e\000\040\000C\000a\000s\000e\000\040\000f\000o\000r\000\040\000D\000o\000o\000m}{section.18}% 85
\BOOKMARK [2][-]{subsection.18.5}{\376\377\0001\0001\000.\0005\000\040\000E\000x\000p\000e\000r\000i\000m\000e\000n\000t\000a\000l\000\040\000T\000e\000s\000t\000s\000\040\000a\000n\000d\000\040\000F\000a\000l\000s\000i\000f\000i\000a\000b\000i\000l\000i\000t\000y}{section.18}% 86
\BOOKMARK [2][-]{subsection.18.6}{\376\377\0001\0001\000.\0006\000\040\000R\000e\000l\000a\000t\000i\000o\000n\000\040\000t\000o\000\040\000A\000l\000t\000e\000r\000n\000a\000t\000i\000v\000e\000\040\000T\000h\000e\000o\000r\000i\000e\000s}{section.18}% 87
\BOOKMARK [2][-]{subsection.18.7}{\376\377\0001\0001\000.\0007\000\040\000T\000o\000w\000a\000r\000d\000\040\000E\000m\000p\000i\000r\000i\000c\000a\000l\000\040\000G\000o\000v\000e\000r\000n\000a\000n\000c\000e\000\040\000S\000c\000i\000e\000n\000c\000e}{section.18}% 88
\BOOKMARK [2][-]{subsection.18.8}{\376\377\0001\0001\000.\0008\000\040\000E\000p\000i\000s\000t\000e\000m\000i\000c\000\040\000M\000o\000d\000e\000s\000t\000y}{section.18}% 89
\BOOKMARK [0][-]{part.2}{\376\377\000I\000I\000\040\000E\000n\000t\000r\000o\000p\000i\000c\000\040\000R\000e\000b\000u\000t\000t\000a\000l\000s\000\040\000o\000n\000\040\000A\000g\000e\000n\000c\000y\000,\000\040\000I\000n\000t\000e\000l\000l\000i\000g\000e\000n\000c\000e\000,\000\040\000a\000n\000d\000\040\000C\000o\000n\000t\000r\000o\000l}{}% 90
\BOOKMARK [1][-]{section.19}{\376\377\000M\000i\000s\000u\000n\000d\000e\000r\000s\000t\000o\000o\000d\000\040\000A\000g\000e\000n\000c\000y\000\040\000a\000n\000d\000\040\000C\000i\000v\000i\000l\000i\000z\000a\000t\000i\000o\000n\000a\000l\000\040\000D\000y\000n\000a\000m\000i\000c\000s}{part.2}% 91
\BOOKMARK [1][-]{section.20}{\376\377\000T\000h\000e\000\040\000S\000c\000a\000l\000i\000n\000g\000\040\000o\000f\000\040\000I\000n\000t\000e\000l\000l\000i\000g\000e\000n\000c\000e\000\040\000a\000n\000d\000\040\000t\000h\000e\000\040\000E\000x\000p\000a\000n\000d\000i\000n\000g\000\040\000H\000o\000r\000i\000z\000o\000n\000\040\000o\000f\000\040\000D\000e\000m\000a\000n\000d}{part.2}% 92
\BOOKMARK [1][-]{section.21}{\376\377\000P\000h\000i\000l\000o\000s\000o\000p\000h\000i\000c\000a\000l\000\040\000C\000o\000r\000r\000o\000b\000o\000r\000a\000t\000i\000o\000n\000s\000:\000\040\000B\000e\000i\000n\000g\000,\000\040\000M\000e\000a\000n\000i\000n\000g\000,\000\040\000a\000n\000d\000\040\000t\000h\000e\000\040\000L\000i\000m\000i\000t\000s\000\040\000o\000f\000\040\000M\000e\000c\000h\000a\000n\000i\000s\000m}{part.2}% 93
\BOOKMARK [2][-]{subsection.21.1}{\376\377\000O\000n\000t\000o\000l\000o\000g\000i\000c\000a\000l\000\040\000R\000e\000c\000i\000p\000r\000o\000c\000i\000t\000y}{section.21}% 94
\BOOKMARK [2][-]{subsection.21.2}{\376\377\000P\000h\000e\000n\000o\000m\000e\000n\000o\000l\000o\000g\000i\000c\000a\000l\000\040\000C\000o\000n\000t\000i\000n\000u\000i\000t\000y}{section.21}% 95
\BOOKMARK [2][-]{subsection.21.3}{\376\377\000E\000t\000h\000i\000c\000a\000l\000\040\000T\000h\000e\000r\000m\000o\000d\000y\000n\000a\000m\000i\000c\000s}{section.21}% 96
\BOOKMARK [2][-]{subsection.21.4}{\376\377\000E\000p\000i\000s\000t\000e\000m\000i\000c\000\040\000O\000p\000e\000n\000n\000e\000s\000s}{section.21}% 97
\BOOKMARK [1][-]{section.22}{\376\377\000T\000h\000e\000\040\000U\000n\000r\000u\000l\000a\000b\000l\000e\000\040\000U\000n\000i\000v\000e\000r\000s\000e\000:\000\040\000C\000o\000h\000e\000r\000e\000n\000c\000e\000\040\000B\000e\000y\000o\000n\000d\000\040\000C\000o\000n\000t\000r\000o\000l}{part.2}% 98
\BOOKMARK [1][-]{section.23}{\376\377\000C\000o\000d\000a\000:\000\040\000T\000h\000e\000\040\000S\000e\000c\000o\000n\000d\000\040\000L\000a\000w\000\040\000o\000f\000\040\000A\000g\000e\000n\000c\000y}{part.2}% 99
\BOOKMARK [1][-]{section.24}{\376\377\000D\000i\000s\000c\000u\000s\000s\000i\000o\000n\000\040\000a\000n\000d\000\040\000C\000o\000n\000c\000l\000u\000s\000i\000o\000n}{part.2}% 100
